06/09/23 04:26:24 PM root INFO - SUCCESS: Creating logging file named 'logging.log'
06/09/23 04:26:24 PM root INFO - SUCCESS: Reading configuration file 'config.json' for Data Ingestion step
06/09/23 04:26:24 PM root INFO - SUCCESS: ========= Sarting 'ingestion.py' =========
06/09/23 04:26:24 PM root INFO - SUCCESS: Ingesting file 'dataset1.csv'
06/09/23 04:26:24 PM root INFO - SUCCESS: Ingesting file 'dataset2.csv'
06/09/23 04:26:24 PM root INFO - SUCCESS: Merging data source files ['data/practicedata/dataset1.csv', 'data/practicedata/dataset2.csv']
06/09/23 04:26:24 PM root INFO - SUCCESS: Dropping duplicated values from merged dataframe
06/09/23 04:26:24 PM root INFO - SUCCESS: Saving ingested data into 'finaldata.csv'
06/09/23 04:26:24 PM root INFO - SUCCESS: Saving ingested metadata into 'ingestedfiles.txt'
06/09/23 04:26:24 PM root INFO - SUCCESS: Required data has been ingested and merged!
06/09/23 04:26:24 PM root INFO - SUCCESS: ========= End of 'ingestion.py' =========
06/09/23 04:26:42 PM root INFO - SUCCESS: Reading configuration file 'config.json' for Model Training step
06/09/23 04:26:42 PM root INFO - SUCCESS: ========= Sarting 'training.py' =========
06/09/23 04:26:42 PM root INFO - SUCCESS: Loading traing data 'finaldata.csv'
06/09/23 04:26:42 PM root INFO - SUCCESS: Preparing modeling data (X) and prediction data (y)
06/09/23 04:26:42 PM root INFO - SUCCESS: Training required logistic regression model
06/09/23 04:26:42 PM root INFO - SUCCESS: Exporting trained model 'trainedmodel.pkl' to './model/practicemodels' folder
06/09/23 04:26:42 PM root INFO - SUCCESS: ========= End of 'training.py' =========
06/09/23 04:26:49 PM root INFO - SUCCESS: Reading configuration file 'config.json' for Model Scoring step
06/09/23 04:26:49 PM root INFO - SUCCESS: ========= Sarting 'scoring.py' =========
06/09/23 04:26:49 PM root INFO - SUCCESS: Loading required test data 'testdata.csv'
06/09/23 04:26:49 PM root INFO - SUCCESS: Loading required test data 'trainedmodel.pkl' from './model/practicemodels'
06/09/23 04:26:49 PM root INFO - SUCCESS: Preparing testing data (X) and prediction data (y)
06/09/23 04:26:49 PM root INFO - SUCCESS: Predicting testing data
06/09/23 04:26:49 PM root INFO - SUCCESS: Calculating F1 score
06/09/23 04:26:49 PM root INFO - SUCCESS: Saving F1 scores to 'latestscore.txt' file
06/09/23 04:26:49 PM root INFO - SUCCESS: ========= End of 'scoring.py' =========
06/09/23 04:27:59 PM root INFO - SUCCESS: Reading configuration file 'config.json' for Model and Data Diagnostics step
06/09/23 04:27:59 PM root INFO - SUCCESS: Reading configuration file 'config.json' for app.py step
06/09/23 04:27:59 PM root INFO - SUCCESS: API route for - Index Endpoint
06/09/23 04:27:59 PM root INFO - SUCCESS: API route for - Prediction Endpoint
06/09/23 04:27:59 PM root INFO - SUCCESS: API route for - Scoring Endpoint
06/09/23 04:27:59 PM root INFO - SUCCESS: API route for - Summary Statistics Endpoint
06/09/23 04:27:59 PM root INFO - SUCCESS: API route for - Diagnostics Endpoint
06/09/23 04:27:59 PM root INFO - SUCCESS: ========= Sarting 'app.py' =========
06/09/23 04:27:59 PM werkzeug INFO -  * Running on http://127.0.0.1:8000/ (Press CTRL+C to quit)
06/09/23 04:28:00 PM werkzeug INFO -  * Restarting with fsevents reloader
06/09/23 04:28:00 PM root INFO - SUCCESS: Reading configuration file 'config.json' for Model and Data Diagnostics step
06/09/23 04:28:00 PM root INFO - SUCCESS: Reading configuration file 'config.json' for app.py step
06/09/23 04:28:00 PM root INFO - SUCCESS: API route for - Index Endpoint
06/09/23 04:28:00 PM root INFO - SUCCESS: API route for - Prediction Endpoint
06/09/23 04:28:00 PM root INFO - SUCCESS: API route for - Scoring Endpoint
06/09/23 04:28:00 PM root INFO - SUCCESS: API route for - Summary Statistics Endpoint
06/09/23 04:28:00 PM root INFO - SUCCESS: API route for - Diagnostics Endpoint
06/09/23 04:28:00 PM root INFO - SUCCESS: ========= Sarting 'app.py' =========
06/09/23 04:28:00 PM werkzeug WARNING -  * Debugger is active!
06/09/23 04:28:00 PM werkzeug INFO -  * Debugger PIN: 340-390-211
06/09/23 04:28:24 PM root INFO - SUCCESS: Reading configuration file 'config.json' for Model Deployment step
06/09/23 04:28:24 PM root INFO - SUCCESS: ========= Sarting 'deployment.py' =========
06/09/23 04:28:24 PM root INFO - SUCCESS: Deploying trained model to production
06/09/23 04:28:24 PM root INFO - SUCCESS: Copying required production files: 'trainedmodel.pkl', 'ingestfiles.txt' and 'latestscore.txt'
06/09/23 04:28:24 PM root INFO - SUCCESS: ========= End of 'deployment.py' =========
06/09/23 04:28:34 PM root INFO - SUCCESS: Reading configuration file 'config.json' for Model and Data Diagnostics step
06/09/23 04:28:34 PM root INFO - SUCCESS: ========= Sarting 'diagnostics.py' =========
06/09/23 04:28:35 PM root INFO - SUCCESS: Loading required test data 'trainedmodel.pkl' from [production_deployment]
06/09/23 04:28:35 PM root INFO - SUCCESS: Predicting provided data
06/09/23 04:28:35 PM root INFO - SUCCESS: Loading and preparing 'finaldata.csv' './data/ingesteddata' folder
06/09/23 04:28:35 PM root INFO - SUCCESS: Calculating summary statistics for prod model
06/09/23 04:28:35 PM root INFO - SUCCESS: Loading and preparing 'finaldata.csv' from './data/ingesteddata' folder
06/09/23 04:28:35 PM root INFO - SUCCESS: Calculating missing data in percentage
06/09/23 04:28:35 PM root INFO - SUCCESS: Creating logging file named 'logging.log'
06/09/23 04:28:35 PM root INFO - SUCCESS: Reading configuration file 'config.json' for Data Ingestion step
06/09/23 04:28:35 PM root INFO - SUCCESS: ========= Sarting 'ingestion.py' =========
06/09/23 04:28:35 PM root INFO - SUCCESS: Ingesting file 'dataset1.csv'
06/09/23 04:28:35 PM root INFO - SUCCESS: Ingesting file 'dataset2.csv'
06/09/23 04:28:35 PM root INFO - SUCCESS: Merging data source files ['data/practicedata/dataset1.csv', 'data/practicedata/dataset2.csv']
06/09/23 04:28:35 PM root INFO - SUCCESS: Dropping duplicated values from merged dataframe
06/09/23 04:28:35 PM root INFO - SUCCESS: Saving ingested data into 'finaldata.csv'
06/09/23 04:28:35 PM root INFO - SUCCESS: Saving ingested metadata into 'ingestedfiles.txt'
06/09/23 04:28:35 PM root INFO - SUCCESS: Required data has been ingested and merged!
06/09/23 04:28:35 PM root INFO - SUCCESS: ========= End of 'ingestion.py' =========
06/09/23 04:28:37 PM root INFO - SUCCESS: Reading configuration file 'config.json' for Model Training step
06/09/23 04:28:37 PM root INFO - SUCCESS: ========= Sarting 'training.py' =========
06/09/23 04:28:37 PM root INFO - SUCCESS: Loading traing data 'finaldata.csv'
06/09/23 04:28:37 PM root INFO - SUCCESS: Preparing modeling data (X) and prediction data (y)
06/09/23 04:28:37 PM root INFO - SUCCESS: Training required logistic regression model
06/09/23 04:28:37 PM root INFO - SUCCESS: Exporting trained model 'trainedmodel.pkl' to './model/practicemodels' folder
06/09/23 04:28:37 PM root INFO - SUCCESS: ========= End of 'training.py' =========
06/09/23 04:28:37 PM root INFO - SUCCESS: Creating logging file named 'logging.log'
06/09/23 04:28:37 PM root INFO - SUCCESS: Reading configuration file 'config.json' for Data Ingestion step
06/09/23 04:28:37 PM root INFO - SUCCESS: ========= Sarting 'ingestion.py' =========
06/09/23 04:28:37 PM root INFO - SUCCESS: Ingesting file 'dataset1.csv'
06/09/23 04:28:37 PM root INFO - SUCCESS: Ingesting file 'dataset2.csv'
06/09/23 04:28:37 PM root INFO - SUCCESS: Merging data source files ['data/practicedata/dataset1.csv', 'data/practicedata/dataset2.csv']
06/09/23 04:28:37 PM root INFO - SUCCESS: Dropping duplicated values from merged dataframe
06/09/23 04:28:37 PM root INFO - SUCCESS: Saving ingested data into 'finaldata.csv'
06/09/23 04:28:37 PM root INFO - SUCCESS: Saving ingested metadata into 'ingestedfiles.txt'
06/09/23 04:28:37 PM root INFO - SUCCESS: Required data has been ingested and merged!
06/09/23 04:28:37 PM root INFO - SUCCESS: ========= End of 'ingestion.py' =========
06/09/23 04:28:38 PM root INFO - SUCCESS: Reading configuration file 'config.json' for Model Training step
06/09/23 04:28:38 PM root INFO - SUCCESS: ========= Sarting 'training.py' =========
06/09/23 04:28:38 PM root INFO - SUCCESS: Loading traing data 'finaldata.csv'
06/09/23 04:28:38 PM root INFO - SUCCESS: Preparing modeling data (X) and prediction data (y)
06/09/23 04:28:38 PM root INFO - SUCCESS: Training required logistic regression model
06/09/23 04:28:38 PM root INFO - SUCCESS: Exporting trained model 'trainedmodel.pkl' to './model/practicemodels' folder
06/09/23 04:28:38 PM root INFO - SUCCESS: ========= End of 'training.py' =========
06/09/23 04:28:39 PM root INFO - SUCCESS: Creating logging file named 'logging.log'
06/09/23 04:28:39 PM root INFO - SUCCESS: Reading configuration file 'config.json' for Data Ingestion step
06/09/23 04:28:39 PM root INFO - SUCCESS: ========= Sarting 'ingestion.py' =========
06/09/23 04:28:39 PM root INFO - SUCCESS: Ingesting file 'dataset1.csv'
06/09/23 04:28:39 PM root INFO - SUCCESS: Ingesting file 'dataset2.csv'
06/09/23 04:28:39 PM root INFO - SUCCESS: Merging data source files ['data/practicedata/dataset1.csv', 'data/practicedata/dataset2.csv']
06/09/23 04:28:39 PM root INFO - SUCCESS: Dropping duplicated values from merged dataframe
06/09/23 04:28:39 PM root INFO - SUCCESS: Saving ingested data into 'finaldata.csv'
06/09/23 04:28:39 PM root INFO - SUCCESS: Saving ingested metadata into 'ingestedfiles.txt'
06/09/23 04:28:39 PM root INFO - SUCCESS: Required data has been ingested and merged!
06/09/23 04:28:39 PM root INFO - SUCCESS: ========= End of 'ingestion.py' =========
06/09/23 04:28:40 PM root INFO - SUCCESS: Reading configuration file 'config.json' for Model Training step
06/09/23 04:28:40 PM root INFO - SUCCESS: ========= Sarting 'training.py' =========
06/09/23 04:28:40 PM root INFO - SUCCESS: Loading traing data 'finaldata.csv'
06/09/23 04:28:40 PM root INFO - SUCCESS: Preparing modeling data (X) and prediction data (y)
06/09/23 04:28:40 PM root INFO - SUCCESS: Training required logistic regression model
06/09/23 04:28:40 PM root INFO - SUCCESS: Exporting trained model 'trainedmodel.pkl' to './model/practicemodels' folder
06/09/23 04:28:40 PM root INFO - SUCCESS: ========= End of 'training.py' =========
06/09/23 04:28:40 PM root INFO - SUCCESS: Creating logging file named 'logging.log'
06/09/23 04:28:40 PM root INFO - SUCCESS: Reading configuration file 'config.json' for Data Ingestion step
06/09/23 04:28:40 PM root INFO - SUCCESS: ========= Sarting 'ingestion.py' =========
06/09/23 04:28:40 PM root INFO - SUCCESS: Ingesting file 'dataset1.csv'
06/09/23 04:28:40 PM root INFO - SUCCESS: Ingesting file 'dataset2.csv'
06/09/23 04:28:40 PM root INFO - SUCCESS: Merging data source files ['data/practicedata/dataset1.csv', 'data/practicedata/dataset2.csv']
06/09/23 04:28:40 PM root INFO - SUCCESS: Dropping duplicated values from merged dataframe
06/09/23 04:28:40 PM root INFO - SUCCESS: Saving ingested data into 'finaldata.csv'
06/09/23 04:28:40 PM root INFO - SUCCESS: Saving ingested metadata into 'ingestedfiles.txt'
06/09/23 04:28:40 PM root INFO - SUCCESS: Required data has been ingested and merged!
06/09/23 04:28:40 PM root INFO - SUCCESS: ========= End of 'ingestion.py' =========
06/09/23 04:28:41 PM root INFO - SUCCESS: Reading configuration file 'config.json' for Model Training step
06/09/23 04:28:41 PM root INFO - SUCCESS: ========= Sarting 'training.py' =========
06/09/23 04:28:41 PM root INFO - SUCCESS: Loading traing data 'finaldata.csv'
06/09/23 04:28:41 PM root INFO - SUCCESS: Preparing modeling data (X) and prediction data (y)
06/09/23 04:28:41 PM root INFO - SUCCESS: Training required logistic regression model
06/09/23 04:28:41 PM root INFO - SUCCESS: Exporting trained model 'trainedmodel.pkl' to './model/practicemodels' folder
06/09/23 04:28:41 PM root INFO - SUCCESS: ========= End of 'training.py' =========
06/09/23 04:28:42 PM root INFO - SUCCESS: Creating logging file named 'logging.log'
06/09/23 04:28:42 PM root INFO - SUCCESS: Reading configuration file 'config.json' for Data Ingestion step
06/09/23 04:28:42 PM root INFO - SUCCESS: ========= Sarting 'ingestion.py' =========
06/09/23 04:28:42 PM root INFO - SUCCESS: Ingesting file 'dataset1.csv'
06/09/23 04:28:42 PM root INFO - SUCCESS: Ingesting file 'dataset2.csv'
06/09/23 04:28:42 PM root INFO - SUCCESS: Merging data source files ['data/practicedata/dataset1.csv', 'data/practicedata/dataset2.csv']
06/09/23 04:28:42 PM root INFO - SUCCESS: Dropping duplicated values from merged dataframe
06/09/23 04:28:42 PM root INFO - SUCCESS: Saving ingested data into 'finaldata.csv'
06/09/23 04:28:42 PM root INFO - SUCCESS: Saving ingested metadata into 'ingestedfiles.txt'
06/09/23 04:28:42 PM root INFO - SUCCESS: Required data has been ingested and merged!
06/09/23 04:28:42 PM root INFO - SUCCESS: ========= End of 'ingestion.py' =========
06/09/23 04:28:43 PM root INFO - SUCCESS: Reading configuration file 'config.json' for Model Training step
06/09/23 04:28:43 PM root INFO - SUCCESS: ========= Sarting 'training.py' =========
06/09/23 04:28:43 PM root INFO - SUCCESS: Loading traing data 'finaldata.csv'
06/09/23 04:28:43 PM root INFO - SUCCESS: Preparing modeling data (X) and prediction data (y)
06/09/23 04:28:43 PM root INFO - SUCCESS: Training required logistic regression model
06/09/23 04:28:43 PM root INFO - SUCCESS: Exporting trained model 'trainedmodel.pkl' to './model/practicemodels' folder
06/09/23 04:28:43 PM root INFO - SUCCESS: ========= End of 'training.py' =========
06/09/23 04:28:43 PM root INFO - SUCCESS: Creating logging file named 'logging.log'
06/09/23 04:28:43 PM root INFO - SUCCESS: Reading configuration file 'config.json' for Data Ingestion step
06/09/23 04:28:43 PM root INFO - SUCCESS: ========= Sarting 'ingestion.py' =========
06/09/23 04:28:43 PM root INFO - SUCCESS: Ingesting file 'dataset1.csv'
06/09/23 04:28:43 PM root INFO - SUCCESS: Ingesting file 'dataset2.csv'
06/09/23 04:28:43 PM root INFO - SUCCESS: Merging data source files ['data/practicedata/dataset1.csv', 'data/practicedata/dataset2.csv']
06/09/23 04:28:43 PM root INFO - SUCCESS: Dropping duplicated values from merged dataframe
06/09/23 04:28:43 PM root INFO - SUCCESS: Saving ingested data into 'finaldata.csv'
06/09/23 04:28:43 PM root INFO - SUCCESS: Saving ingested metadata into 'ingestedfiles.txt'
06/09/23 04:28:43 PM root INFO - SUCCESS: Required data has been ingested and merged!
06/09/23 04:28:43 PM root INFO - SUCCESS: ========= End of 'ingestion.py' =========
06/09/23 04:28:44 PM root INFO - SUCCESS: Reading configuration file 'config.json' for Model Training step
06/09/23 04:28:44 PM root INFO - SUCCESS: ========= Sarting 'training.py' =========
06/09/23 04:28:44 PM root INFO - SUCCESS: Loading traing data 'finaldata.csv'
06/09/23 04:28:44 PM root INFO - SUCCESS: Preparing modeling data (X) and prediction data (y)
06/09/23 04:28:44 PM root INFO - SUCCESS: Training required logistic regression model
06/09/23 04:28:44 PM root INFO - SUCCESS: Exporting trained model 'trainedmodel.pkl' to './model/practicemodels' folder
06/09/23 04:28:44 PM root INFO - SUCCESS: ========= End of 'training.py' =========
06/09/23 04:28:45 PM root INFO - SUCCESS: Creating logging file named 'logging.log'
06/09/23 04:28:45 PM root INFO - SUCCESS: Reading configuration file 'config.json' for Data Ingestion step
06/09/23 04:28:45 PM root INFO - SUCCESS: ========= Sarting 'ingestion.py' =========
06/09/23 04:28:45 PM root INFO - SUCCESS: Ingesting file 'dataset1.csv'
06/09/23 04:28:45 PM root INFO - SUCCESS: Ingesting file 'dataset2.csv'
06/09/23 04:28:45 PM root INFO - SUCCESS: Merging data source files ['data/practicedata/dataset1.csv', 'data/practicedata/dataset2.csv']
06/09/23 04:28:45 PM root INFO - SUCCESS: Dropping duplicated values from merged dataframe
06/09/23 04:28:45 PM root INFO - SUCCESS: Saving ingested data into 'finaldata.csv'
06/09/23 04:28:45 PM root INFO - SUCCESS: Saving ingested metadata into 'ingestedfiles.txt'
06/09/23 04:28:45 PM root INFO - SUCCESS: Required data has been ingested and merged!
06/09/23 04:28:45 PM root INFO - SUCCESS: ========= End of 'ingestion.py' =========
06/09/23 04:28:46 PM root INFO - SUCCESS: Reading configuration file 'config.json' for Model Training step
06/09/23 04:28:46 PM root INFO - SUCCESS: ========= Sarting 'training.py' =========
06/09/23 04:28:46 PM root INFO - SUCCESS: Loading traing data 'finaldata.csv'
06/09/23 04:28:46 PM root INFO - SUCCESS: Preparing modeling data (X) and prediction data (y)
06/09/23 04:28:46 PM root INFO - SUCCESS: Training required logistic regression model
06/09/23 04:28:46 PM root INFO - SUCCESS: Exporting trained model 'trainedmodel.pkl' to './model/practicemodels' folder
06/09/23 04:28:46 PM root INFO - SUCCESS: ========= End of 'training.py' =========
06/09/23 04:28:46 PM root INFO - SUCCESS: Creating logging file named 'logging.log'
06/09/23 04:28:46 PM root INFO - SUCCESS: Reading configuration file 'config.json' for Data Ingestion step
06/09/23 04:28:46 PM root INFO - SUCCESS: ========= Sarting 'ingestion.py' =========
06/09/23 04:28:46 PM root INFO - SUCCESS: Ingesting file 'dataset1.csv'
06/09/23 04:28:46 PM root INFO - SUCCESS: Ingesting file 'dataset2.csv'
06/09/23 04:28:46 PM root INFO - SUCCESS: Merging data source files ['data/practicedata/dataset1.csv', 'data/practicedata/dataset2.csv']
06/09/23 04:28:46 PM root INFO - SUCCESS: Dropping duplicated values from merged dataframe
06/09/23 04:28:46 PM root INFO - SUCCESS: Saving ingested data into 'finaldata.csv'
06/09/23 04:28:46 PM root INFO - SUCCESS: Saving ingested metadata into 'ingestedfiles.txt'
06/09/23 04:28:46 PM root INFO - SUCCESS: Required data has been ingested and merged!
06/09/23 04:28:46 PM root INFO - SUCCESS: ========= End of 'ingestion.py' =========
06/09/23 04:28:48 PM root INFO - SUCCESS: Reading configuration file 'config.json' for Model Training step
06/09/23 04:28:48 PM root INFO - SUCCESS: ========= Sarting 'training.py' =========
06/09/23 04:28:48 PM root INFO - SUCCESS: Loading traing data 'finaldata.csv'
06/09/23 04:28:48 PM root INFO - SUCCESS: Preparing modeling data (X) and prediction data (y)
06/09/23 04:28:48 PM root INFO - SUCCESS: Training required logistic regression model
06/09/23 04:28:48 PM root INFO - SUCCESS: Exporting trained model 'trainedmodel.pkl' to './model/practicemodels' folder
06/09/23 04:28:48 PM root INFO - SUCCESS: ========= End of 'training.py' =========
06/09/23 04:28:48 PM root INFO - SUCCESS: Creating logging file named 'logging.log'
06/09/23 04:28:48 PM root INFO - SUCCESS: Reading configuration file 'config.json' for Data Ingestion step
06/09/23 04:28:48 PM root INFO - SUCCESS: ========= Sarting 'ingestion.py' =========
06/09/23 04:28:48 PM root INFO - SUCCESS: Ingesting file 'dataset1.csv'
06/09/23 04:28:48 PM root INFO - SUCCESS: Ingesting file 'dataset2.csv'
06/09/23 04:28:48 PM root INFO - SUCCESS: Merging data source files ['data/practicedata/dataset1.csv', 'data/practicedata/dataset2.csv']
06/09/23 04:28:48 PM root INFO - SUCCESS: Dropping duplicated values from merged dataframe
06/09/23 04:28:48 PM root INFO - SUCCESS: Saving ingested data into 'finaldata.csv'
06/09/23 04:28:48 PM root INFO - SUCCESS: Saving ingested metadata into 'ingestedfiles.txt'
06/09/23 04:28:48 PM root INFO - SUCCESS: Required data has been ingested and merged!
06/09/23 04:28:48 PM root INFO - SUCCESS: ========= End of 'ingestion.py' =========
06/09/23 04:28:49 PM root INFO - SUCCESS: Reading configuration file 'config.json' for Model Training step
06/09/23 04:28:49 PM root INFO - SUCCESS: ========= Sarting 'training.py' =========
06/09/23 04:28:49 PM root INFO - SUCCESS: Loading traing data 'finaldata.csv'
06/09/23 04:28:49 PM root INFO - SUCCESS: Preparing modeling data (X) and prediction data (y)
06/09/23 04:28:49 PM root INFO - SUCCESS: Training required logistic regression model
06/09/23 04:28:49 PM root INFO - SUCCESS: Exporting trained model 'trainedmodel.pkl' to './model/practicemodels' folder
06/09/23 04:28:49 PM root INFO - SUCCESS: ========= End of 'training.py' =========
06/09/23 04:28:50 PM root INFO - SUCCESS: Creating logging file named 'logging.log'
06/09/23 04:28:50 PM root INFO - SUCCESS: Reading configuration file 'config.json' for Data Ingestion step
06/09/23 04:28:50 PM root INFO - SUCCESS: ========= Sarting 'ingestion.py' =========
06/09/23 04:28:50 PM root INFO - SUCCESS: Ingesting file 'dataset1.csv'
06/09/23 04:28:50 PM root INFO - SUCCESS: Ingesting file 'dataset2.csv'
06/09/23 04:28:50 PM root INFO - SUCCESS: Merging data source files ['data/practicedata/dataset1.csv', 'data/practicedata/dataset2.csv']
06/09/23 04:28:50 PM root INFO - SUCCESS: Dropping duplicated values from merged dataframe
06/09/23 04:28:50 PM root INFO - SUCCESS: Saving ingested data into 'finaldata.csv'
06/09/23 04:28:50 PM root INFO - SUCCESS: Saving ingested metadata into 'ingestedfiles.txt'
06/09/23 04:28:50 PM root INFO - SUCCESS: Required data has been ingested and merged!
06/09/23 04:28:50 PM root INFO - SUCCESS: ========= End of 'ingestion.py' =========
06/09/23 04:28:51 PM root INFO - SUCCESS: Reading configuration file 'config.json' for Model Training step
06/09/23 04:28:51 PM root INFO - SUCCESS: ========= Sarting 'training.py' =========
06/09/23 04:28:51 PM root INFO - SUCCESS: Loading traing data 'finaldata.csv'
06/09/23 04:28:51 PM root INFO - SUCCESS: Preparing modeling data (X) and prediction data (y)
06/09/23 04:28:51 PM root INFO - SUCCESS: Training required logistic regression model
06/09/23 04:28:51 PM root INFO - SUCCESS: Exporting trained model 'trainedmodel.pkl' to './model/practicemodels' folder
06/09/23 04:28:51 PM root INFO - SUCCESS: ========= End of 'training.py' =========
06/09/23 04:28:51 PM root INFO - SUCCESS: Creating logging file named 'logging.log'
06/09/23 04:28:51 PM root INFO - SUCCESS: Reading configuration file 'config.json' for Data Ingestion step
06/09/23 04:28:51 PM root INFO - SUCCESS: ========= Sarting 'ingestion.py' =========
06/09/23 04:28:51 PM root INFO - SUCCESS: Ingesting file 'dataset1.csv'
06/09/23 04:28:51 PM root INFO - SUCCESS: Ingesting file 'dataset2.csv'
06/09/23 04:28:51 PM root INFO - SUCCESS: Merging data source files ['data/practicedata/dataset1.csv', 'data/practicedata/dataset2.csv']
06/09/23 04:28:51 PM root INFO - SUCCESS: Dropping duplicated values from merged dataframe
06/09/23 04:28:51 PM root INFO - SUCCESS: Saving ingested data into 'finaldata.csv'
06/09/23 04:28:51 PM root INFO - SUCCESS: Saving ingested metadata into 'ingestedfiles.txt'
06/09/23 04:28:51 PM root INFO - SUCCESS: Required data has been ingested and merged!
06/09/23 04:28:51 PM root INFO - SUCCESS: ========= End of 'ingestion.py' =========
06/09/23 04:28:52 PM root INFO - SUCCESS: Reading configuration file 'config.json' for Model Training step
06/09/23 04:28:52 PM root INFO - SUCCESS: ========= Sarting 'training.py' =========
06/09/23 04:28:52 PM root INFO - SUCCESS: Loading traing data 'finaldata.csv'
06/09/23 04:28:52 PM root INFO - SUCCESS: Preparing modeling data (X) and prediction data (y)
06/09/23 04:28:52 PM root INFO - SUCCESS: Training required logistic regression model
06/09/23 04:28:52 PM root INFO - SUCCESS: Exporting trained model 'trainedmodel.pkl' to './model/practicemodels' folder
06/09/23 04:28:52 PM root INFO - SUCCESS: ========= End of 'training.py' =========
06/09/23 04:28:53 PM root INFO - SUCCESS: Creating logging file named 'logging.log'
06/09/23 04:28:53 PM root INFO - SUCCESS: Reading configuration file 'config.json' for Data Ingestion step
06/09/23 04:28:53 PM root INFO - SUCCESS: ========= Sarting 'ingestion.py' =========
06/09/23 04:28:53 PM root INFO - SUCCESS: Ingesting file 'dataset1.csv'
06/09/23 04:28:53 PM root INFO - SUCCESS: Ingesting file 'dataset2.csv'
06/09/23 04:28:53 PM root INFO - SUCCESS: Merging data source files ['data/practicedata/dataset1.csv', 'data/practicedata/dataset2.csv']
06/09/23 04:28:53 PM root INFO - SUCCESS: Dropping duplicated values from merged dataframe
06/09/23 04:28:53 PM root INFO - SUCCESS: Saving ingested data into 'finaldata.csv'
06/09/23 04:28:53 PM root INFO - SUCCESS: Saving ingested metadata into 'ingestedfiles.txt'
06/09/23 04:28:53 PM root INFO - SUCCESS: Required data has been ingested and merged!
06/09/23 04:28:53 PM root INFO - SUCCESS: ========= End of 'ingestion.py' =========
06/09/23 04:28:54 PM root INFO - SUCCESS: Reading configuration file 'config.json' for Model Training step
06/09/23 04:28:54 PM root INFO - SUCCESS: ========= Sarting 'training.py' =========
06/09/23 04:28:54 PM root INFO - SUCCESS: Loading traing data 'finaldata.csv'
06/09/23 04:28:54 PM root INFO - SUCCESS: Preparing modeling data (X) and prediction data (y)
06/09/23 04:28:54 PM root INFO - SUCCESS: Training required logistic regression model
06/09/23 04:28:54 PM root INFO - SUCCESS: Exporting trained model 'trainedmodel.pkl' to './model/practicemodels' folder
06/09/23 04:28:54 PM root INFO - SUCCESS: ========= End of 'training.py' =========
06/09/23 04:28:54 PM root INFO - SUCCESS: Creating logging file named 'logging.log'
06/09/23 04:28:54 PM root INFO - SUCCESS: Reading configuration file 'config.json' for Data Ingestion step
06/09/23 04:28:54 PM root INFO - SUCCESS: ========= Sarting 'ingestion.py' =========
06/09/23 04:28:54 PM root INFO - SUCCESS: Ingesting file 'dataset1.csv'
06/09/23 04:28:54 PM root INFO - SUCCESS: Ingesting file 'dataset2.csv'
06/09/23 04:28:54 PM root INFO - SUCCESS: Merging data source files ['data/practicedata/dataset1.csv', 'data/practicedata/dataset2.csv']
06/09/23 04:28:54 PM root INFO - SUCCESS: Dropping duplicated values from merged dataframe
06/09/23 04:28:54 PM root INFO - SUCCESS: Saving ingested data into 'finaldata.csv'
06/09/23 04:28:54 PM root INFO - SUCCESS: Saving ingested metadata into 'ingestedfiles.txt'
06/09/23 04:28:54 PM root INFO - SUCCESS: Required data has been ingested and merged!
06/09/23 04:28:54 PM root INFO - SUCCESS: ========= End of 'ingestion.py' =========
06/09/23 04:28:55 PM root INFO - SUCCESS: Reading configuration file 'config.json' for Model Training step
06/09/23 04:28:55 PM root INFO - SUCCESS: ========= Sarting 'training.py' =========
06/09/23 04:28:55 PM root INFO - SUCCESS: Loading traing data 'finaldata.csv'
06/09/23 04:28:55 PM root INFO - SUCCESS: Preparing modeling data (X) and prediction data (y)
06/09/23 04:28:55 PM root INFO - SUCCESS: Training required logistic regression model
06/09/23 04:28:55 PM root INFO - SUCCESS: Exporting trained model 'trainedmodel.pkl' to './model/practicemodels' folder
06/09/23 04:28:55 PM root INFO - SUCCESS: ========= End of 'training.py' =========
06/09/23 04:28:56 PM root INFO - SUCCESS: Creating logging file named 'logging.log'
06/09/23 04:28:56 PM root INFO - SUCCESS: Reading configuration file 'config.json' for Data Ingestion step
06/09/23 04:28:56 PM root INFO - SUCCESS: ========= Sarting 'ingestion.py' =========
06/09/23 04:28:56 PM root INFO - SUCCESS: Ingesting file 'dataset1.csv'
06/09/23 04:28:56 PM root INFO - SUCCESS: Ingesting file 'dataset2.csv'
06/09/23 04:28:56 PM root INFO - SUCCESS: Merging data source files ['data/practicedata/dataset1.csv', 'data/practicedata/dataset2.csv']
06/09/23 04:28:56 PM root INFO - SUCCESS: Dropping duplicated values from merged dataframe
06/09/23 04:28:56 PM root INFO - SUCCESS: Saving ingested data into 'finaldata.csv'
06/09/23 04:28:56 PM root INFO - SUCCESS: Saving ingested metadata into 'ingestedfiles.txt'
06/09/23 04:28:56 PM root INFO - SUCCESS: Required data has been ingested and merged!
06/09/23 04:28:56 PM root INFO - SUCCESS: ========= End of 'ingestion.py' =========
06/09/23 04:28:57 PM root INFO - SUCCESS: Reading configuration file 'config.json' for Model Training step
06/09/23 04:28:57 PM root INFO - SUCCESS: ========= Sarting 'training.py' =========
06/09/23 04:28:57 PM root INFO - SUCCESS: Loading traing data 'finaldata.csv'
06/09/23 04:28:57 PM root INFO - SUCCESS: Preparing modeling data (X) and prediction data (y)
06/09/23 04:28:57 PM root INFO - SUCCESS: Training required logistic regression model
06/09/23 04:28:57 PM root INFO - SUCCESS: Exporting trained model 'trainedmodel.pkl' to './model/practicemodels' folder
06/09/23 04:28:57 PM root INFO - SUCCESS: ========= End of 'training.py' =========
06/09/23 04:28:57 PM root INFO - SUCCESS: Creating logging file named 'logging.log'
06/09/23 04:28:57 PM root INFO - SUCCESS: Reading configuration file 'config.json' for Data Ingestion step
06/09/23 04:28:57 PM root INFO - SUCCESS: ========= Sarting 'ingestion.py' =========
06/09/23 04:28:57 PM root INFO - SUCCESS: Ingesting file 'dataset1.csv'
06/09/23 04:28:57 PM root INFO - SUCCESS: Ingesting file 'dataset2.csv'
06/09/23 04:28:57 PM root INFO - SUCCESS: Merging data source files ['data/practicedata/dataset1.csv', 'data/practicedata/dataset2.csv']
06/09/23 04:28:57 PM root INFO - SUCCESS: Dropping duplicated values from merged dataframe
06/09/23 04:28:57 PM root INFO - SUCCESS: Saving ingested data into 'finaldata.csv'
06/09/23 04:28:57 PM root INFO - SUCCESS: Saving ingested metadata into 'ingestedfiles.txt'
06/09/23 04:28:57 PM root INFO - SUCCESS: Required data has been ingested and merged!
06/09/23 04:28:57 PM root INFO - SUCCESS: ========= End of 'ingestion.py' =========
06/09/23 04:28:58 PM root INFO - SUCCESS: Reading configuration file 'config.json' for Model Training step
06/09/23 04:28:58 PM root INFO - SUCCESS: ========= Sarting 'training.py' =========
06/09/23 04:28:58 PM root INFO - SUCCESS: Loading traing data 'finaldata.csv'
06/09/23 04:28:58 PM root INFO - SUCCESS: Preparing modeling data (X) and prediction data (y)
06/09/23 04:28:58 PM root INFO - SUCCESS: Training required logistic regression model
06/09/23 04:28:58 PM root INFO - SUCCESS: Exporting trained model 'trainedmodel.pkl' to './model/practicemodels' folder
06/09/23 04:28:58 PM root INFO - SUCCESS: ========= End of 'training.py' =========
06/09/23 04:28:59 PM root INFO - SUCCESS: Creating logging file named 'logging.log'
06/09/23 04:28:59 PM root INFO - SUCCESS: Reading configuration file 'config.json' for Data Ingestion step
06/09/23 04:28:59 PM root INFO - SUCCESS: ========= Sarting 'ingestion.py' =========
06/09/23 04:28:59 PM root INFO - SUCCESS: Ingesting file 'dataset1.csv'
06/09/23 04:28:59 PM root INFO - SUCCESS: Ingesting file 'dataset2.csv'
06/09/23 04:28:59 PM root INFO - SUCCESS: Merging data source files ['data/practicedata/dataset1.csv', 'data/practicedata/dataset2.csv']
06/09/23 04:28:59 PM root INFO - SUCCESS: Dropping duplicated values from merged dataframe
06/09/23 04:28:59 PM root INFO - SUCCESS: Saving ingested data into 'finaldata.csv'
06/09/23 04:28:59 PM root INFO - SUCCESS: Saving ingested metadata into 'ingestedfiles.txt'
06/09/23 04:28:59 PM root INFO - SUCCESS: Required data has been ingested and merged!
06/09/23 04:28:59 PM root INFO - SUCCESS: ========= End of 'ingestion.py' =========
06/09/23 04:29:00 PM root INFO - SUCCESS: Reading configuration file 'config.json' for Model Training step
06/09/23 04:29:00 PM root INFO - SUCCESS: ========= Sarting 'training.py' =========
06/09/23 04:29:00 PM root INFO - SUCCESS: Loading traing data 'finaldata.csv'
06/09/23 04:29:00 PM root INFO - SUCCESS: Preparing modeling data (X) and prediction data (y)
06/09/23 04:29:00 PM root INFO - SUCCESS: Training required logistic regression model
06/09/23 04:29:00 PM root INFO - SUCCESS: Exporting trained model 'trainedmodel.pkl' to './model/practicemodels' folder
06/09/23 04:29:00 PM root INFO - SUCCESS: ========= End of 'training.py' =========
06/09/23 04:29:00 PM root INFO - SUCCESS: Creating logging file named 'logging.log'
06/09/23 04:29:00 PM root INFO - SUCCESS: Reading configuration file 'config.json' for Data Ingestion step
06/09/23 04:29:00 PM root INFO - SUCCESS: ========= Sarting 'ingestion.py' =========
06/09/23 04:29:00 PM root INFO - SUCCESS: Ingesting file 'dataset1.csv'
06/09/23 04:29:00 PM root INFO - SUCCESS: Ingesting file 'dataset2.csv'
06/09/23 04:29:00 PM root INFO - SUCCESS: Merging data source files ['data/practicedata/dataset1.csv', 'data/practicedata/dataset2.csv']
06/09/23 04:29:00 PM root INFO - SUCCESS: Dropping duplicated values from merged dataframe
06/09/23 04:29:00 PM root INFO - SUCCESS: Saving ingested data into 'finaldata.csv'
06/09/23 04:29:00 PM root INFO - SUCCESS: Saving ingested metadata into 'ingestedfiles.txt'
06/09/23 04:29:00 PM root INFO - SUCCESS: Required data has been ingested and merged!
06/09/23 04:29:00 PM root INFO - SUCCESS: ========= End of 'ingestion.py' =========
06/09/23 04:29:02 PM root INFO - SUCCESS: Reading configuration file 'config.json' for Model Training step
06/09/23 04:29:02 PM root INFO - SUCCESS: ========= Sarting 'training.py' =========
06/09/23 04:29:02 PM root INFO - SUCCESS: Loading traing data 'finaldata.csv'
06/09/23 04:29:02 PM root INFO - SUCCESS: Preparing modeling data (X) and prediction data (y)
06/09/23 04:29:02 PM root INFO - SUCCESS: Training required logistic regression model
06/09/23 04:29:02 PM root INFO - SUCCESS: Exporting trained model 'trainedmodel.pkl' to './model/practicemodels' folder
06/09/23 04:29:02 PM root INFO - SUCCESS: ========= End of 'training.py' =========
06/09/23 04:29:02 PM root INFO - SUCCESS: Creating logging file named 'logging.log'
06/09/23 04:29:02 PM root INFO - SUCCESS: Reading configuration file 'config.json' for Data Ingestion step
06/09/23 04:29:02 PM root INFO - SUCCESS: ========= Sarting 'ingestion.py' =========
06/09/23 04:29:02 PM root INFO - SUCCESS: Ingesting file 'dataset1.csv'
06/09/23 04:29:02 PM root INFO - SUCCESS: Ingesting file 'dataset2.csv'
06/09/23 04:29:02 PM root INFO - SUCCESS: Merging data source files ['data/practicedata/dataset1.csv', 'data/practicedata/dataset2.csv']
06/09/23 04:29:02 PM root INFO - SUCCESS: Dropping duplicated values from merged dataframe
06/09/23 04:29:02 PM root INFO - SUCCESS: Saving ingested data into 'finaldata.csv'
06/09/23 04:29:02 PM root INFO - SUCCESS: Saving ingested metadata into 'ingestedfiles.txt'
06/09/23 04:29:02 PM root INFO - SUCCESS: Required data has been ingested and merged!
06/09/23 04:29:02 PM root INFO - SUCCESS: ========= End of 'ingestion.py' =========
06/09/23 04:29:03 PM root INFO - SUCCESS: Reading configuration file 'config.json' for Model Training step
06/09/23 04:29:03 PM root INFO - SUCCESS: ========= Sarting 'training.py' =========
06/09/23 04:29:03 PM root INFO - SUCCESS: Loading traing data 'finaldata.csv'
06/09/23 04:29:03 PM root INFO - SUCCESS: Preparing modeling data (X) and prediction data (y)
06/09/23 04:29:03 PM root INFO - SUCCESS: Training required logistic regression model
06/09/23 04:29:03 PM root INFO - SUCCESS: Exporting trained model 'trainedmodel.pkl' to './model/practicemodels' folder
06/09/23 04:29:03 PM root INFO - SUCCESS: ========= End of 'training.py' =========
06/09/23 04:29:04 PM root INFO - SUCCESS: Creating logging file named 'logging.log'
06/09/23 04:29:04 PM root INFO - SUCCESS: Reading configuration file 'config.json' for Data Ingestion step
06/09/23 04:29:04 PM root INFO - SUCCESS: ========= Sarting 'ingestion.py' =========
06/09/23 04:29:04 PM root INFO - SUCCESS: Ingesting file 'dataset1.csv'
06/09/23 04:29:04 PM root INFO - SUCCESS: Ingesting file 'dataset2.csv'
06/09/23 04:29:04 PM root INFO - SUCCESS: Merging data source files ['data/practicedata/dataset1.csv', 'data/practicedata/dataset2.csv']
06/09/23 04:29:04 PM root INFO - SUCCESS: Dropping duplicated values from merged dataframe
06/09/23 04:29:04 PM root INFO - SUCCESS: Saving ingested data into 'finaldata.csv'
06/09/23 04:29:04 PM root INFO - SUCCESS: Saving ingested metadata into 'ingestedfiles.txt'
06/09/23 04:29:04 PM root INFO - SUCCESS: Required data has been ingested and merged!
06/09/23 04:29:04 PM root INFO - SUCCESS: ========= End of 'ingestion.py' =========
06/09/23 04:29:05 PM root INFO - SUCCESS: Reading configuration file 'config.json' for Model Training step
06/09/23 04:29:05 PM root INFO - SUCCESS: ========= Sarting 'training.py' =========
06/09/23 04:29:05 PM root INFO - SUCCESS: Loading traing data 'finaldata.csv'
06/09/23 04:29:05 PM root INFO - SUCCESS: Preparing modeling data (X) and prediction data (y)
06/09/23 04:29:05 PM root INFO - SUCCESS: Training required logistic regression model
06/09/23 04:29:05 PM root INFO - SUCCESS: Exporting trained model 'trainedmodel.pkl' to './model/practicemodels' folder
06/09/23 04:29:05 PM root INFO - SUCCESS: ========= End of 'training.py' =========
06/09/23 04:29:05 PM root INFO - SUCCESS: Creating logging file named 'logging.log'
06/09/23 04:29:05 PM root INFO - SUCCESS: Reading configuration file 'config.json' for Data Ingestion step
06/09/23 04:29:05 PM root INFO - SUCCESS: ========= Sarting 'ingestion.py' =========
06/09/23 04:29:05 PM root INFO - SUCCESS: Ingesting file 'dataset1.csv'
06/09/23 04:29:05 PM root INFO - SUCCESS: Ingesting file 'dataset2.csv'
06/09/23 04:29:05 PM root INFO - SUCCESS: Merging data source files ['data/practicedata/dataset1.csv', 'data/practicedata/dataset2.csv']
06/09/23 04:29:05 PM root INFO - SUCCESS: Dropping duplicated values from merged dataframe
06/09/23 04:29:05 PM root INFO - SUCCESS: Saving ingested data into 'finaldata.csv'
06/09/23 04:29:05 PM root INFO - SUCCESS: Saving ingested metadata into 'ingestedfiles.txt'
06/09/23 04:29:05 PM root INFO - SUCCESS: Required data has been ingested and merged!
06/09/23 04:29:05 PM root INFO - SUCCESS: ========= End of 'ingestion.py' =========
06/09/23 04:29:06 PM root INFO - SUCCESS: Reading configuration file 'config.json' for Model Training step
06/09/23 04:29:06 PM root INFO - SUCCESS: ========= Sarting 'training.py' =========
06/09/23 04:29:06 PM root INFO - SUCCESS: Loading traing data 'finaldata.csv'
06/09/23 04:29:06 PM root INFO - SUCCESS: Preparing modeling data (X) and prediction data (y)
06/09/23 04:29:06 PM root INFO - SUCCESS: Training required logistic regression model
06/09/23 04:29:06 PM root INFO - SUCCESS: Exporting trained model 'trainedmodel.pkl' to './model/practicemodels' folder
06/09/23 04:29:06 PM root INFO - SUCCESS: ========= End of 'training.py' =========
06/09/23 04:29:07 PM root INFO - SUCCESS: Creating logging file named 'logging.log'
06/09/23 04:29:07 PM root INFO - SUCCESS: Reading configuration file 'config.json' for Data Ingestion step
06/09/23 04:29:07 PM root INFO - SUCCESS: ========= Sarting 'ingestion.py' =========
06/09/23 04:29:07 PM root INFO - SUCCESS: Ingesting file 'dataset1.csv'
06/09/23 04:29:07 PM root INFO - SUCCESS: Ingesting file 'dataset2.csv'
06/09/23 04:29:07 PM root INFO - SUCCESS: Merging data source files ['data/practicedata/dataset1.csv', 'data/practicedata/dataset2.csv']
06/09/23 04:29:07 PM root INFO - SUCCESS: Dropping duplicated values from merged dataframe
06/09/23 04:29:07 PM root INFO - SUCCESS: Saving ingested data into 'finaldata.csv'
06/09/23 04:29:07 PM root INFO - SUCCESS: Saving ingested metadata into 'ingestedfiles.txt'
06/09/23 04:29:07 PM root INFO - SUCCESS: Required data has been ingested and merged!
06/09/23 04:29:07 PM root INFO - SUCCESS: ========= End of 'ingestion.py' =========
06/09/23 04:29:08 PM root INFO - SUCCESS: Reading configuration file 'config.json' for Model Training step
06/09/23 04:29:08 PM root INFO - SUCCESS: ========= Sarting 'training.py' =========
06/09/23 04:29:08 PM root INFO - SUCCESS: Loading traing data 'finaldata.csv'
06/09/23 04:29:08 PM root INFO - SUCCESS: Preparing modeling data (X) and prediction data (y)
06/09/23 04:29:08 PM root INFO - SUCCESS: Training required logistic regression model
06/09/23 04:29:08 PM root INFO - SUCCESS: Exporting trained model 'trainedmodel.pkl' to './model/practicemodels' folder
06/09/23 04:29:08 PM root INFO - SUCCESS: ========= End of 'training.py' =========
06/09/23 04:29:08 PM root INFO - SUCCESS: Creating logging file named 'logging.log'
06/09/23 04:29:08 PM root INFO - SUCCESS: Reading configuration file 'config.json' for Data Ingestion step
06/09/23 04:29:08 PM root INFO - SUCCESS: ========= Sarting 'ingestion.py' =========
06/09/23 04:29:08 PM root INFO - SUCCESS: Ingesting file 'dataset1.csv'
06/09/23 04:29:08 PM root INFO - SUCCESS: Ingesting file 'dataset2.csv'
06/09/23 04:29:08 PM root INFO - SUCCESS: Merging data source files ['data/practicedata/dataset1.csv', 'data/practicedata/dataset2.csv']
06/09/23 04:29:08 PM root INFO - SUCCESS: Dropping duplicated values from merged dataframe
06/09/23 04:29:08 PM root INFO - SUCCESS: Saving ingested data into 'finaldata.csv'
06/09/23 04:29:08 PM root INFO - SUCCESS: Saving ingested metadata into 'ingestedfiles.txt'
06/09/23 04:29:08 PM root INFO - SUCCESS: Required data has been ingested and merged!
06/09/23 04:29:08 PM root INFO - SUCCESS: ========= End of 'ingestion.py' =========
06/09/23 04:29:09 PM root INFO - SUCCESS: Reading configuration file 'config.json' for Model Training step
06/09/23 04:29:09 PM root INFO - SUCCESS: ========= Sarting 'training.py' =========
06/09/23 04:29:09 PM root INFO - SUCCESS: Loading traing data 'finaldata.csv'
06/09/23 04:29:09 PM root INFO - SUCCESS: Preparing modeling data (X) and prediction data (y)
06/09/23 04:29:09 PM root INFO - SUCCESS: Training required logistic regression model
06/09/23 04:29:09 PM root INFO - SUCCESS: Exporting trained model 'trainedmodel.pkl' to './model/practicemodels' folder
06/09/23 04:29:09 PM root INFO - SUCCESS: ========= End of 'training.py' =========
06/09/23 04:29:10 PM root INFO - SUCCESS: Creating logging file named 'logging.log'
06/09/23 04:29:10 PM root INFO - SUCCESS: Reading configuration file 'config.json' for Data Ingestion step
06/09/23 04:29:10 PM root INFO - SUCCESS: ========= Sarting 'ingestion.py' =========
06/09/23 04:29:10 PM root INFO - SUCCESS: Ingesting file 'dataset1.csv'
06/09/23 04:29:10 PM root INFO - SUCCESS: Ingesting file 'dataset2.csv'
06/09/23 04:29:10 PM root INFO - SUCCESS: Merging data source files ['data/practicedata/dataset1.csv', 'data/practicedata/dataset2.csv']
06/09/23 04:29:10 PM root INFO - SUCCESS: Dropping duplicated values from merged dataframe
06/09/23 04:29:10 PM root INFO - SUCCESS: Saving ingested data into 'finaldata.csv'
06/09/23 04:29:10 PM root INFO - SUCCESS: Saving ingested metadata into 'ingestedfiles.txt'
06/09/23 04:29:10 PM root INFO - SUCCESS: Required data has been ingested and merged!
06/09/23 04:29:10 PM root INFO - SUCCESS: ========= End of 'ingestion.py' =========
06/09/23 04:29:11 PM root INFO - SUCCESS: Reading configuration file 'config.json' for Model Training step
06/09/23 04:29:11 PM root INFO - SUCCESS: ========= Sarting 'training.py' =========
06/09/23 04:29:11 PM root INFO - SUCCESS: Loading traing data 'finaldata.csv'
06/09/23 04:29:11 PM root INFO - SUCCESS: Preparing modeling data (X) and prediction data (y)
06/09/23 04:29:11 PM root INFO - SUCCESS: Training required logistic regression model
06/09/23 04:29:11 PM root INFO - SUCCESS: Exporting trained model 'trainedmodel.pkl' to './model/practicemodels' folder
06/09/23 04:29:11 PM root INFO - SUCCESS: ========= End of 'training.py' =========
06/09/23 04:29:11 PM root INFO - SUCCESS: Creating logging file named 'logging.log'
06/09/23 04:29:11 PM root INFO - SUCCESS: Reading configuration file 'config.json' for Data Ingestion step
06/09/23 04:29:11 PM root INFO - SUCCESS: ========= Sarting 'ingestion.py' =========
06/09/23 04:29:11 PM root INFO - SUCCESS: Ingesting file 'dataset1.csv'
06/09/23 04:29:11 PM root INFO - SUCCESS: Ingesting file 'dataset2.csv'
06/09/23 04:29:11 PM root INFO - SUCCESS: Merging data source files ['data/practicedata/dataset1.csv', 'data/practicedata/dataset2.csv']
06/09/23 04:29:11 PM root INFO - SUCCESS: Dropping duplicated values from merged dataframe
06/09/23 04:29:11 PM root INFO - SUCCESS: Saving ingested data into 'finaldata.csv'
06/09/23 04:29:11 PM root INFO - SUCCESS: Saving ingested metadata into 'ingestedfiles.txt'
06/09/23 04:29:11 PM root INFO - SUCCESS: Required data has been ingested and merged!
06/09/23 04:29:11 PM root INFO - SUCCESS: ========= End of 'ingestion.py' =========
06/09/23 04:29:12 PM root INFO - SUCCESS: Reading configuration file 'config.json' for Model Training step
06/09/23 04:29:12 PM root INFO - SUCCESS: ========= Sarting 'training.py' =========
06/09/23 04:29:12 PM root INFO - SUCCESS: Loading traing data 'finaldata.csv'
06/09/23 04:29:12 PM root INFO - SUCCESS: Preparing modeling data (X) and prediction data (y)
06/09/23 04:29:12 PM root INFO - SUCCESS: Training required logistic regression model
06/09/23 04:29:12 PM root INFO - SUCCESS: Exporting trained model 'trainedmodel.pkl' to './model/practicemodels' folder
06/09/23 04:29:12 PM root INFO - SUCCESS: ========= End of 'training.py' =========
06/09/23 04:29:13 PM root INFO - SUCCESS: Creating logging file named 'logging.log'
06/09/23 04:29:13 PM root INFO - SUCCESS: Reading configuration file 'config.json' for Data Ingestion step
06/09/23 04:29:13 PM root INFO - SUCCESS: ========= Sarting 'ingestion.py' =========
06/09/23 04:29:13 PM root INFO - SUCCESS: Ingesting file 'dataset1.csv'
06/09/23 04:29:13 PM root INFO - SUCCESS: Ingesting file 'dataset2.csv'
06/09/23 04:29:13 PM root INFO - SUCCESS: Merging data source files ['data/practicedata/dataset1.csv', 'data/practicedata/dataset2.csv']
06/09/23 04:29:13 PM root INFO - SUCCESS: Dropping duplicated values from merged dataframe
06/09/23 04:29:13 PM root INFO - SUCCESS: Saving ingested data into 'finaldata.csv'
06/09/23 04:29:13 PM root INFO - SUCCESS: Saving ingested metadata into 'ingestedfiles.txt'
06/09/23 04:29:13 PM root INFO - SUCCESS: Required data has been ingested and merged!
06/09/23 04:29:13 PM root INFO - SUCCESS: ========= End of 'ingestion.py' =========
06/09/23 04:29:14 PM root INFO - SUCCESS: Reading configuration file 'config.json' for Model Training step
06/09/23 04:29:14 PM root INFO - SUCCESS: ========= Sarting 'training.py' =========
06/09/23 04:29:14 PM root INFO - SUCCESS: Loading traing data 'finaldata.csv'
06/09/23 04:29:14 PM root INFO - SUCCESS: Preparing modeling data (X) and prediction data (y)
06/09/23 04:29:14 PM root INFO - SUCCESS: Training required logistic regression model
06/09/23 04:29:14 PM root INFO - SUCCESS: Exporting trained model 'trainedmodel.pkl' to './model/practicemodels' folder
06/09/23 04:29:14 PM root INFO - SUCCESS: ========= End of 'training.py' =========
06/09/23 04:29:14 PM root INFO - SUCCESS: Calculating training and ingestion timings
06/09/23 04:30:12 PM root INFO - SUCCESS: ========= End of 'diagnostics.py' =========
06/09/23 04:36:43 PM root INFO - SUCCESS: Reading configuration file 'config.json' for Model and Data Diagnostics step
06/09/23 04:36:44 PM root INFO - SUCCESS: Reading configuration file 'config.json' for Reporting step
06/09/23 04:36:44 PM root INFO - SUCCESS: ========= Sarting 'reporting.py' =========
06/09/23 04:36:44 PM root INFO - SUCCESS: Loading required test data 'trainedmodel.pkl' from [production_deployment]
06/09/23 04:36:44 PM root INFO - SUCCESS: Predicting provided data
06/09/23 04:36:44 PM root INFO - SUCCESS: Predicting provided data using [diagnostics.py > model_predictions()] 
06/09/23 04:36:45 PM root INFO - SUCCESS: Generating and saving confusion matrix 
06/09/23 04:36:45 PM root INFO - SUCCESS: ========= End of 'reporting.py' =========
06/09/23 04:38:08 PM root INFO - SUCCESS: Loading required test data 'trainedmodel.pkl' from [production_deployment]
06/09/23 04:38:08 PM root INFO - SUCCESS: Predicting provided data
06/09/23 04:38:08 PM werkzeug INFO - 127.0.0.1 - - [09/Jun/2023 16:38:08] "[37mPOST /prediction HTTP/1.1[0m" 200 -
06/09/23 04:38:09 PM root INFO - SUCCESS: Reading configuration file 'config.json' for Model Scoring step
06/09/23 04:38:09 PM root INFO - SUCCESS: ========= Sarting 'scoring.py' =========
06/09/23 04:38:09 PM root INFO - SUCCESS: Loading required test data 'testdata.csv'
06/09/23 04:38:09 PM root INFO - SUCCESS: Loading required test data 'trainedmodel.pkl' from './model/practicemodels'
06/09/23 04:38:09 PM root INFO - SUCCESS: Preparing testing data (X) and prediction data (y)
06/09/23 04:38:09 PM root INFO - SUCCESS: Predicting testing data
06/09/23 04:38:09 PM root INFO - SUCCESS: Calculating F1 score
06/09/23 04:38:09 PM root INFO - SUCCESS: Saving F1 scores to 'latestscore.txt' file
06/09/23 04:38:09 PM root INFO - SUCCESS: ========= End of 'scoring.py' =========
06/09/23 04:38:10 PM werkzeug INFO - 127.0.0.1 - - [09/Jun/2023 16:38:10] "[37mGET /scoring HTTP/1.1[0m" 200 -
06/09/23 04:38:10 PM root INFO - SUCCESS: Loading and preparing 'finaldata.csv' './data/ingesteddata' folder
06/09/23 04:38:10 PM root INFO - SUCCESS: Calculating summary statistics for prod model
06/09/23 04:38:10 PM werkzeug INFO - 127.0.0.1 - - [09/Jun/2023 16:38:10] "[37mGET /summarystats HTTP/1.1[0m" 200 -
06/09/23 04:38:10 PM root INFO - SUCCESS: Loading and preparing 'finaldata.csv' from './data/ingesteddata' folder
06/09/23 04:38:10 PM root INFO - SUCCESS: Calculating missing data in percentage
06/09/23 04:38:10 PM root INFO - SUCCESS: Creating logging file named 'logging.log'
06/09/23 04:38:10 PM root INFO - SUCCESS: Reading configuration file 'config.json' for Data Ingestion step
06/09/23 04:38:10 PM root INFO - SUCCESS: ========= Sarting 'ingestion.py' =========
06/09/23 04:38:10 PM root INFO - SUCCESS: Ingesting file 'dataset1.csv'
06/09/23 04:38:10 PM root INFO - SUCCESS: Ingesting file 'dataset2.csv'
06/09/23 04:38:10 PM root INFO - SUCCESS: Merging data source files ['data/practicedata/dataset1.csv', 'data/practicedata/dataset2.csv']
06/09/23 04:38:10 PM root INFO - SUCCESS: Dropping duplicated values from merged dataframe
06/09/23 04:38:10 PM root INFO - SUCCESS: Saving ingested data into 'finaldata.csv'
06/09/23 04:38:10 PM root INFO - SUCCESS: Saving ingested metadata into 'ingestedfiles.txt'
06/09/23 04:38:10 PM root INFO - SUCCESS: Required data has been ingested and merged!
06/09/23 04:38:10 PM root INFO - SUCCESS: ========= End of 'ingestion.py' =========
06/09/23 04:38:11 PM root INFO - SUCCESS: Reading configuration file 'config.json' for Model Training step
06/09/23 04:38:11 PM root INFO - SUCCESS: ========= Sarting 'training.py' =========
06/09/23 04:38:11 PM root INFO - SUCCESS: Loading traing data 'finaldata.csv'
06/09/23 04:38:11 PM root INFO - SUCCESS: Preparing modeling data (X) and prediction data (y)
06/09/23 04:38:11 PM root INFO - SUCCESS: Training required logistic regression model
06/09/23 04:38:11 PM root INFO - SUCCESS: Exporting trained model 'trainedmodel.pkl' to './model/practicemodels' folder
06/09/23 04:38:11 PM root INFO - SUCCESS: ========= End of 'training.py' =========
06/09/23 04:38:12 PM root INFO - SUCCESS: Creating logging file named 'logging.log'
06/09/23 04:38:12 PM root INFO - SUCCESS: Reading configuration file 'config.json' for Data Ingestion step
06/09/23 04:38:12 PM root INFO - SUCCESS: ========= Sarting 'ingestion.py' =========
06/09/23 04:38:12 PM root INFO - SUCCESS: Ingesting file 'dataset1.csv'
06/09/23 04:38:12 PM root INFO - SUCCESS: Ingesting file 'dataset2.csv'
06/09/23 04:38:12 PM root INFO - SUCCESS: Merging data source files ['data/practicedata/dataset1.csv', 'data/practicedata/dataset2.csv']
06/09/23 04:38:12 PM root INFO - SUCCESS: Dropping duplicated values from merged dataframe
06/09/23 04:38:12 PM root INFO - SUCCESS: Saving ingested data into 'finaldata.csv'
06/09/23 04:38:12 PM root INFO - SUCCESS: Saving ingested metadata into 'ingestedfiles.txt'
06/09/23 04:38:12 PM root INFO - SUCCESS: Required data has been ingested and merged!
06/09/23 04:38:12 PM root INFO - SUCCESS: ========= End of 'ingestion.py' =========
06/09/23 04:38:13 PM root INFO - SUCCESS: Reading configuration file 'config.json' for Model Training step
06/09/23 04:38:13 PM root INFO - SUCCESS: ========= Sarting 'training.py' =========
06/09/23 04:38:13 PM root INFO - SUCCESS: Loading traing data 'finaldata.csv'
06/09/23 04:38:13 PM root INFO - SUCCESS: Preparing modeling data (X) and prediction data (y)
06/09/23 04:38:13 PM root INFO - SUCCESS: Training required logistic regression model
06/09/23 04:38:13 PM root INFO - SUCCESS: Exporting trained model 'trainedmodel.pkl' to './model/practicemodels' folder
06/09/23 04:38:13 PM root INFO - SUCCESS: ========= End of 'training.py' =========
06/09/23 04:38:13 PM root INFO - SUCCESS: Creating logging file named 'logging.log'
06/09/23 04:38:13 PM root INFO - SUCCESS: Reading configuration file 'config.json' for Data Ingestion step
06/09/23 04:38:13 PM root INFO - SUCCESS: ========= Sarting 'ingestion.py' =========
06/09/23 04:38:13 PM root INFO - SUCCESS: Ingesting file 'dataset1.csv'
06/09/23 04:38:13 PM root INFO - SUCCESS: Ingesting file 'dataset2.csv'
06/09/23 04:38:13 PM root INFO - SUCCESS: Merging data source files ['data/practicedata/dataset1.csv', 'data/practicedata/dataset2.csv']
06/09/23 04:38:13 PM root INFO - SUCCESS: Dropping duplicated values from merged dataframe
06/09/23 04:38:13 PM root INFO - SUCCESS: Saving ingested data into 'finaldata.csv'
06/09/23 04:38:13 PM root INFO - SUCCESS: Saving ingested metadata into 'ingestedfiles.txt'
06/09/23 04:38:13 PM root INFO - SUCCESS: Required data has been ingested and merged!
06/09/23 04:38:13 PM root INFO - SUCCESS: ========= End of 'ingestion.py' =========
06/09/23 04:38:14 PM root INFO - SUCCESS: Reading configuration file 'config.json' for Model Training step
06/09/23 04:38:14 PM root INFO - SUCCESS: ========= Sarting 'training.py' =========
06/09/23 04:38:14 PM root INFO - SUCCESS: Loading traing data 'finaldata.csv'
06/09/23 04:38:14 PM root INFO - SUCCESS: Preparing modeling data (X) and prediction data (y)
06/09/23 04:38:14 PM root INFO - SUCCESS: Training required logistic regression model
06/09/23 04:38:14 PM root INFO - SUCCESS: Exporting trained model 'trainedmodel.pkl' to './model/practicemodels' folder
06/09/23 04:38:14 PM root INFO - SUCCESS: ========= End of 'training.py' =========
06/09/23 04:38:15 PM root INFO - SUCCESS: Creating logging file named 'logging.log'
06/09/23 04:38:15 PM root INFO - SUCCESS: Reading configuration file 'config.json' for Data Ingestion step
06/09/23 04:38:15 PM root INFO - SUCCESS: ========= Sarting 'ingestion.py' =========
06/09/23 04:38:15 PM root INFO - SUCCESS: Ingesting file 'dataset1.csv'
06/09/23 04:38:15 PM root INFO - SUCCESS: Ingesting file 'dataset2.csv'
06/09/23 04:38:15 PM root INFO - SUCCESS: Merging data source files ['data/practicedata/dataset1.csv', 'data/practicedata/dataset2.csv']
06/09/23 04:38:15 PM root INFO - SUCCESS: Dropping duplicated values from merged dataframe
06/09/23 04:38:15 PM root INFO - SUCCESS: Saving ingested data into 'finaldata.csv'
06/09/23 04:38:15 PM root INFO - SUCCESS: Saving ingested metadata into 'ingestedfiles.txt'
06/09/23 04:38:15 PM root INFO - SUCCESS: Required data has been ingested and merged!
06/09/23 04:38:15 PM root INFO - SUCCESS: ========= End of 'ingestion.py' =========
06/09/23 04:38:16 PM root INFO - SUCCESS: Reading configuration file 'config.json' for Model Training step
06/09/23 04:38:16 PM root INFO - SUCCESS: ========= Sarting 'training.py' =========
06/09/23 04:38:16 PM root INFO - SUCCESS: Loading traing data 'finaldata.csv'
06/09/23 04:38:16 PM root INFO - SUCCESS: Preparing modeling data (X) and prediction data (y)
06/09/23 04:38:16 PM root INFO - SUCCESS: Training required logistic regression model
06/09/23 04:38:16 PM root INFO - SUCCESS: Exporting trained model 'trainedmodel.pkl' to './model/practicemodels' folder
06/09/23 04:38:16 PM root INFO - SUCCESS: ========= End of 'training.py' =========
06/09/23 04:38:16 PM root INFO - SUCCESS: Creating logging file named 'logging.log'
06/09/23 04:38:16 PM root INFO - SUCCESS: Reading configuration file 'config.json' for Data Ingestion step
06/09/23 04:38:16 PM root INFO - SUCCESS: ========= Sarting 'ingestion.py' =========
06/09/23 04:38:16 PM root INFO - SUCCESS: Ingesting file 'dataset1.csv'
06/09/23 04:38:16 PM root INFO - SUCCESS: Ingesting file 'dataset2.csv'
06/09/23 04:38:16 PM root INFO - SUCCESS: Merging data source files ['data/practicedata/dataset1.csv', 'data/practicedata/dataset2.csv']
06/09/23 04:38:16 PM root INFO - SUCCESS: Dropping duplicated values from merged dataframe
06/09/23 04:38:16 PM root INFO - SUCCESS: Saving ingested data into 'finaldata.csv'
06/09/23 04:38:16 PM root INFO - SUCCESS: Saving ingested metadata into 'ingestedfiles.txt'
06/09/23 04:38:16 PM root INFO - SUCCESS: Required data has been ingested and merged!
06/09/23 04:38:16 PM root INFO - SUCCESS: ========= End of 'ingestion.py' =========
06/09/23 04:38:17 PM root INFO - SUCCESS: Reading configuration file 'config.json' for Model Training step
06/09/23 04:38:17 PM root INFO - SUCCESS: ========= Sarting 'training.py' =========
06/09/23 04:38:17 PM root INFO - SUCCESS: Loading traing data 'finaldata.csv'
06/09/23 04:38:17 PM root INFO - SUCCESS: Preparing modeling data (X) and prediction data (y)
06/09/23 04:38:17 PM root INFO - SUCCESS: Training required logistic regression model
06/09/23 04:38:17 PM root INFO - SUCCESS: Exporting trained model 'trainedmodel.pkl' to './model/practicemodels' folder
06/09/23 04:38:17 PM root INFO - SUCCESS: ========= End of 'training.py' =========
06/09/23 04:38:18 PM root INFO - SUCCESS: Creating logging file named 'logging.log'
06/09/23 04:38:18 PM root INFO - SUCCESS: Reading configuration file 'config.json' for Data Ingestion step
06/09/23 04:38:18 PM root INFO - SUCCESS: ========= Sarting 'ingestion.py' =========
06/09/23 04:38:18 PM root INFO - SUCCESS: Ingesting file 'dataset1.csv'
06/09/23 04:38:18 PM root INFO - SUCCESS: Ingesting file 'dataset2.csv'
06/09/23 04:38:18 PM root INFO - SUCCESS: Merging data source files ['data/practicedata/dataset1.csv', 'data/practicedata/dataset2.csv']
06/09/23 04:38:18 PM root INFO - SUCCESS: Dropping duplicated values from merged dataframe
06/09/23 04:38:18 PM root INFO - SUCCESS: Saving ingested data into 'finaldata.csv'
06/09/23 04:38:18 PM root INFO - SUCCESS: Saving ingested metadata into 'ingestedfiles.txt'
06/09/23 04:38:18 PM root INFO - SUCCESS: Required data has been ingested and merged!
06/09/23 04:38:18 PM root INFO - SUCCESS: ========= End of 'ingestion.py' =========
06/09/23 04:38:19 PM root INFO - SUCCESS: Reading configuration file 'config.json' for Model Training step
06/09/23 04:38:19 PM root INFO - SUCCESS: ========= Sarting 'training.py' =========
06/09/23 04:38:19 PM root INFO - SUCCESS: Loading traing data 'finaldata.csv'
06/09/23 04:38:19 PM root INFO - SUCCESS: Preparing modeling data (X) and prediction data (y)
06/09/23 04:38:19 PM root INFO - SUCCESS: Training required logistic regression model
06/09/23 04:38:19 PM root INFO - SUCCESS: Exporting trained model 'trainedmodel.pkl' to './model/practicemodels' folder
06/09/23 04:38:19 PM root INFO - SUCCESS: ========= End of 'training.py' =========
06/09/23 04:38:19 PM root INFO - SUCCESS: Creating logging file named 'logging.log'
06/09/23 04:38:19 PM root INFO - SUCCESS: Reading configuration file 'config.json' for Data Ingestion step
06/09/23 04:38:19 PM root INFO - SUCCESS: ========= Sarting 'ingestion.py' =========
06/09/23 04:38:19 PM root INFO - SUCCESS: Ingesting file 'dataset1.csv'
06/09/23 04:38:19 PM root INFO - SUCCESS: Ingesting file 'dataset2.csv'
06/09/23 04:38:19 PM root INFO - SUCCESS: Merging data source files ['data/practicedata/dataset1.csv', 'data/practicedata/dataset2.csv']
06/09/23 04:38:19 PM root INFO - SUCCESS: Dropping duplicated values from merged dataframe
06/09/23 04:38:19 PM root INFO - SUCCESS: Saving ingested data into 'finaldata.csv'
06/09/23 04:38:19 PM root INFO - SUCCESS: Saving ingested metadata into 'ingestedfiles.txt'
06/09/23 04:38:19 PM root INFO - SUCCESS: Required data has been ingested and merged!
06/09/23 04:38:19 PM root INFO - SUCCESS: ========= End of 'ingestion.py' =========
06/09/23 04:38:20 PM root INFO - SUCCESS: Reading configuration file 'config.json' for Model Training step
06/09/23 04:38:20 PM root INFO - SUCCESS: ========= Sarting 'training.py' =========
06/09/23 04:38:20 PM root INFO - SUCCESS: Loading traing data 'finaldata.csv'
06/09/23 04:38:20 PM root INFO - SUCCESS: Preparing modeling data (X) and prediction data (y)
06/09/23 04:38:20 PM root INFO - SUCCESS: Training required logistic regression model
06/09/23 04:38:20 PM root INFO - SUCCESS: Exporting trained model 'trainedmodel.pkl' to './model/practicemodels' folder
06/09/23 04:38:20 PM root INFO - SUCCESS: ========= End of 'training.py' =========
06/09/23 04:38:21 PM root INFO - SUCCESS: Creating logging file named 'logging.log'
06/09/23 04:38:21 PM root INFO - SUCCESS: Reading configuration file 'config.json' for Data Ingestion step
06/09/23 04:38:21 PM root INFO - SUCCESS: ========= Sarting 'ingestion.py' =========
06/09/23 04:38:21 PM root INFO - SUCCESS: Ingesting file 'dataset1.csv'
06/09/23 04:38:21 PM root INFO - SUCCESS: Ingesting file 'dataset2.csv'
06/09/23 04:38:21 PM root INFO - SUCCESS: Merging data source files ['data/practicedata/dataset1.csv', 'data/practicedata/dataset2.csv']
06/09/23 04:38:21 PM root INFO - SUCCESS: Dropping duplicated values from merged dataframe
06/09/23 04:38:21 PM root INFO - SUCCESS: Saving ingested data into 'finaldata.csv'
06/09/23 04:38:21 PM root INFO - SUCCESS: Saving ingested metadata into 'ingestedfiles.txt'
06/09/23 04:38:21 PM root INFO - SUCCESS: Required data has been ingested and merged!
06/09/23 04:38:21 PM root INFO - SUCCESS: ========= End of 'ingestion.py' =========
06/09/23 04:38:22 PM root INFO - SUCCESS: Reading configuration file 'config.json' for Model Training step
06/09/23 04:38:22 PM root INFO - SUCCESS: ========= Sarting 'training.py' =========
06/09/23 04:38:22 PM root INFO - SUCCESS: Loading traing data 'finaldata.csv'
06/09/23 04:38:22 PM root INFO - SUCCESS: Preparing modeling data (X) and prediction data (y)
06/09/23 04:38:22 PM root INFO - SUCCESS: Training required logistic regression model
06/09/23 04:38:22 PM root INFO - SUCCESS: Exporting trained model 'trainedmodel.pkl' to './model/practicemodels' folder
06/09/23 04:38:22 PM root INFO - SUCCESS: ========= End of 'training.py' =========
06/09/23 04:38:22 PM root INFO - SUCCESS: Creating logging file named 'logging.log'
06/09/23 04:38:22 PM root INFO - SUCCESS: Reading configuration file 'config.json' for Data Ingestion step
06/09/23 04:38:22 PM root INFO - SUCCESS: ========= Sarting 'ingestion.py' =========
06/09/23 04:38:22 PM root INFO - SUCCESS: Ingesting file 'dataset1.csv'
06/09/23 04:38:22 PM root INFO - SUCCESS: Ingesting file 'dataset2.csv'
06/09/23 04:38:22 PM root INFO - SUCCESS: Merging data source files ['data/practicedata/dataset1.csv', 'data/practicedata/dataset2.csv']
06/09/23 04:38:22 PM root INFO - SUCCESS: Dropping duplicated values from merged dataframe
06/09/23 04:38:22 PM root INFO - SUCCESS: Saving ingested data into 'finaldata.csv'
06/09/23 04:38:22 PM root INFO - SUCCESS: Saving ingested metadata into 'ingestedfiles.txt'
06/09/23 04:38:22 PM root INFO - SUCCESS: Required data has been ingested and merged!
06/09/23 04:38:22 PM root INFO - SUCCESS: ========= End of 'ingestion.py' =========
06/09/23 04:38:23 PM root INFO - SUCCESS: Reading configuration file 'config.json' for Model Training step
06/09/23 04:38:23 PM root INFO - SUCCESS: ========= Sarting 'training.py' =========
06/09/23 04:38:23 PM root INFO - SUCCESS: Loading traing data 'finaldata.csv'
06/09/23 04:38:23 PM root INFO - SUCCESS: Preparing modeling data (X) and prediction data (y)
06/09/23 04:38:23 PM root INFO - SUCCESS: Training required logistic regression model
06/09/23 04:38:23 PM root INFO - SUCCESS: Exporting trained model 'trainedmodel.pkl' to './model/practicemodels' folder
06/09/23 04:38:23 PM root INFO - SUCCESS: ========= End of 'training.py' =========
06/09/23 04:38:24 PM root INFO - SUCCESS: Creating logging file named 'logging.log'
06/09/23 04:38:24 PM root INFO - SUCCESS: Reading configuration file 'config.json' for Data Ingestion step
06/09/23 04:38:24 PM root INFO - SUCCESS: ========= Sarting 'ingestion.py' =========
06/09/23 04:38:24 PM root INFO - SUCCESS: Ingesting file 'dataset1.csv'
06/09/23 04:38:24 PM root INFO - SUCCESS: Ingesting file 'dataset2.csv'
06/09/23 04:38:24 PM root INFO - SUCCESS: Merging data source files ['data/practicedata/dataset1.csv', 'data/practicedata/dataset2.csv']
06/09/23 04:38:24 PM root INFO - SUCCESS: Dropping duplicated values from merged dataframe
06/09/23 04:38:24 PM root INFO - SUCCESS: Saving ingested data into 'finaldata.csv'
06/09/23 04:38:24 PM root INFO - SUCCESS: Saving ingested metadata into 'ingestedfiles.txt'
06/09/23 04:38:24 PM root INFO - SUCCESS: Required data has been ingested and merged!
06/09/23 04:38:24 PM root INFO - SUCCESS: ========= End of 'ingestion.py' =========
06/09/23 04:38:25 PM root INFO - SUCCESS: Reading configuration file 'config.json' for Model Training step
06/09/23 04:38:25 PM root INFO - SUCCESS: ========= Sarting 'training.py' =========
06/09/23 04:38:25 PM root INFO - SUCCESS: Loading traing data 'finaldata.csv'
06/09/23 04:38:25 PM root INFO - SUCCESS: Preparing modeling data (X) and prediction data (y)
06/09/23 04:38:25 PM root INFO - SUCCESS: Training required logistic regression model
06/09/23 04:38:25 PM root INFO - SUCCESS: Exporting trained model 'trainedmodel.pkl' to './model/practicemodels' folder
06/09/23 04:38:25 PM root INFO - SUCCESS: ========= End of 'training.py' =========
06/09/23 04:38:25 PM root INFO - SUCCESS: Creating logging file named 'logging.log'
06/09/23 04:38:25 PM root INFO - SUCCESS: Reading configuration file 'config.json' for Data Ingestion step
06/09/23 04:38:25 PM root INFO - SUCCESS: ========= Sarting 'ingestion.py' =========
06/09/23 04:38:25 PM root INFO - SUCCESS: Ingesting file 'dataset1.csv'
06/09/23 04:38:25 PM root INFO - SUCCESS: Ingesting file 'dataset2.csv'
06/09/23 04:38:25 PM root INFO - SUCCESS: Merging data source files ['data/practicedata/dataset1.csv', 'data/practicedata/dataset2.csv']
06/09/23 04:38:25 PM root INFO - SUCCESS: Dropping duplicated values from merged dataframe
06/09/23 04:38:25 PM root INFO - SUCCESS: Saving ingested data into 'finaldata.csv'
06/09/23 04:38:25 PM root INFO - SUCCESS: Saving ingested metadata into 'ingestedfiles.txt'
06/09/23 04:38:25 PM root INFO - SUCCESS: Required data has been ingested and merged!
06/09/23 04:38:25 PM root INFO - SUCCESS: ========= End of 'ingestion.py' =========
06/09/23 04:38:26 PM root INFO - SUCCESS: Reading configuration file 'config.json' for Model Training step
06/09/23 04:38:26 PM root INFO - SUCCESS: ========= Sarting 'training.py' =========
06/09/23 04:38:26 PM root INFO - SUCCESS: Loading traing data 'finaldata.csv'
06/09/23 04:38:26 PM root INFO - SUCCESS: Preparing modeling data (X) and prediction data (y)
06/09/23 04:38:26 PM root INFO - SUCCESS: Training required logistic regression model
06/09/23 04:38:26 PM root INFO - SUCCESS: Exporting trained model 'trainedmodel.pkl' to './model/practicemodels' folder
06/09/23 04:38:26 PM root INFO - SUCCESS: ========= End of 'training.py' =========
06/09/23 04:38:27 PM root INFO - SUCCESS: Creating logging file named 'logging.log'
06/09/23 04:38:27 PM root INFO - SUCCESS: Reading configuration file 'config.json' for Data Ingestion step
06/09/23 04:38:27 PM root INFO - SUCCESS: ========= Sarting 'ingestion.py' =========
06/09/23 04:38:27 PM root INFO - SUCCESS: Ingesting file 'dataset1.csv'
06/09/23 04:38:27 PM root INFO - SUCCESS: Ingesting file 'dataset2.csv'
06/09/23 04:38:27 PM root INFO - SUCCESS: Merging data source files ['data/practicedata/dataset1.csv', 'data/practicedata/dataset2.csv']
06/09/23 04:38:27 PM root INFO - SUCCESS: Dropping duplicated values from merged dataframe
06/09/23 04:38:27 PM root INFO - SUCCESS: Saving ingested data into 'finaldata.csv'
06/09/23 04:38:27 PM root INFO - SUCCESS: Saving ingested metadata into 'ingestedfiles.txt'
06/09/23 04:38:27 PM root INFO - SUCCESS: Required data has been ingested and merged!
06/09/23 04:38:27 PM root INFO - SUCCESS: ========= End of 'ingestion.py' =========
06/09/23 04:38:28 PM root INFO - SUCCESS: Reading configuration file 'config.json' for Model Training step
06/09/23 04:38:28 PM root INFO - SUCCESS: ========= Sarting 'training.py' =========
06/09/23 04:38:28 PM root INFO - SUCCESS: Loading traing data 'finaldata.csv'
06/09/23 04:38:28 PM root INFO - SUCCESS: Preparing modeling data (X) and prediction data (y)
06/09/23 04:38:28 PM root INFO - SUCCESS: Training required logistic regression model
06/09/23 04:38:28 PM root INFO - SUCCESS: Exporting trained model 'trainedmodel.pkl' to './model/practicemodels' folder
06/09/23 04:38:28 PM root INFO - SUCCESS: ========= End of 'training.py' =========
06/09/23 04:38:28 PM root INFO - SUCCESS: Creating logging file named 'logging.log'
06/09/23 04:38:28 PM root INFO - SUCCESS: Reading configuration file 'config.json' for Data Ingestion step
06/09/23 04:38:28 PM root INFO - SUCCESS: ========= Sarting 'ingestion.py' =========
06/09/23 04:38:28 PM root INFO - SUCCESS: Ingesting file 'dataset1.csv'
06/09/23 04:38:28 PM root INFO - SUCCESS: Ingesting file 'dataset2.csv'
06/09/23 04:38:28 PM root INFO - SUCCESS: Merging data source files ['data/practicedata/dataset1.csv', 'data/practicedata/dataset2.csv']
06/09/23 04:38:28 PM root INFO - SUCCESS: Dropping duplicated values from merged dataframe
06/09/23 04:38:28 PM root INFO - SUCCESS: Saving ingested data into 'finaldata.csv'
06/09/23 04:38:28 PM root INFO - SUCCESS: Saving ingested metadata into 'ingestedfiles.txt'
06/09/23 04:38:28 PM root INFO - SUCCESS: Required data has been ingested and merged!
06/09/23 04:38:28 PM root INFO - SUCCESS: ========= End of 'ingestion.py' =========
06/09/23 04:38:29 PM root INFO - SUCCESS: Reading configuration file 'config.json' for Model Training step
06/09/23 04:38:29 PM root INFO - SUCCESS: ========= Sarting 'training.py' =========
06/09/23 04:38:29 PM root INFO - SUCCESS: Loading traing data 'finaldata.csv'
06/09/23 04:38:29 PM root INFO - SUCCESS: Preparing modeling data (X) and prediction data (y)
06/09/23 04:38:29 PM root INFO - SUCCESS: Training required logistic regression model
06/09/23 04:38:29 PM root INFO - SUCCESS: Exporting trained model 'trainedmodel.pkl' to './model/practicemodels' folder
06/09/23 04:38:29 PM root INFO - SUCCESS: ========= End of 'training.py' =========
06/09/23 04:38:30 PM root INFO - SUCCESS: Creating logging file named 'logging.log'
06/09/23 04:38:30 PM root INFO - SUCCESS: Reading configuration file 'config.json' for Data Ingestion step
06/09/23 04:38:30 PM root INFO - SUCCESS: ========= Sarting 'ingestion.py' =========
06/09/23 04:38:30 PM root INFO - SUCCESS: Ingesting file 'dataset1.csv'
06/09/23 04:38:30 PM root INFO - SUCCESS: Ingesting file 'dataset2.csv'
06/09/23 04:38:30 PM root INFO - SUCCESS: Merging data source files ['data/practicedata/dataset1.csv', 'data/practicedata/dataset2.csv']
06/09/23 04:38:30 PM root INFO - SUCCESS: Dropping duplicated values from merged dataframe
06/09/23 04:38:30 PM root INFO - SUCCESS: Saving ingested data into 'finaldata.csv'
06/09/23 04:38:30 PM root INFO - SUCCESS: Saving ingested metadata into 'ingestedfiles.txt'
06/09/23 04:38:30 PM root INFO - SUCCESS: Required data has been ingested and merged!
06/09/23 04:38:30 PM root INFO - SUCCESS: ========= End of 'ingestion.py' =========
06/09/23 04:38:31 PM root INFO - SUCCESS: Reading configuration file 'config.json' for Model Training step
06/09/23 04:38:31 PM root INFO - SUCCESS: ========= Sarting 'training.py' =========
06/09/23 04:38:31 PM root INFO - SUCCESS: Loading traing data 'finaldata.csv'
06/09/23 04:38:31 PM root INFO - SUCCESS: Preparing modeling data (X) and prediction data (y)
06/09/23 04:38:31 PM root INFO - SUCCESS: Training required logistic regression model
06/09/23 04:38:31 PM root INFO - SUCCESS: Exporting trained model 'trainedmodel.pkl' to './model/practicemodels' folder
06/09/23 04:38:31 PM root INFO - SUCCESS: ========= End of 'training.py' =========
06/09/23 04:38:31 PM root INFO - SUCCESS: Creating logging file named 'logging.log'
06/09/23 04:38:31 PM root INFO - SUCCESS: Reading configuration file 'config.json' for Data Ingestion step
06/09/23 04:38:31 PM root INFO - SUCCESS: ========= Sarting 'ingestion.py' =========
06/09/23 04:38:31 PM root INFO - SUCCESS: Ingesting file 'dataset1.csv'
06/09/23 04:38:31 PM root INFO - SUCCESS: Ingesting file 'dataset2.csv'
06/09/23 04:38:31 PM root INFO - SUCCESS: Merging data source files ['data/practicedata/dataset1.csv', 'data/practicedata/dataset2.csv']
06/09/23 04:38:31 PM root INFO - SUCCESS: Dropping duplicated values from merged dataframe
06/09/23 04:38:31 PM root INFO - SUCCESS: Saving ingested data into 'finaldata.csv'
06/09/23 04:38:31 PM root INFO - SUCCESS: Saving ingested metadata into 'ingestedfiles.txt'
06/09/23 04:38:31 PM root INFO - SUCCESS: Required data has been ingested and merged!
06/09/23 04:38:31 PM root INFO - SUCCESS: ========= End of 'ingestion.py' =========
06/09/23 04:38:32 PM root INFO - SUCCESS: Reading configuration file 'config.json' for Model Training step
06/09/23 04:38:32 PM root INFO - SUCCESS: ========= Sarting 'training.py' =========
06/09/23 04:38:32 PM root INFO - SUCCESS: Loading traing data 'finaldata.csv'
06/09/23 04:38:32 PM root INFO - SUCCESS: Preparing modeling data (X) and prediction data (y)
06/09/23 04:38:32 PM root INFO - SUCCESS: Training required logistic regression model
06/09/23 04:38:32 PM root INFO - SUCCESS: Exporting trained model 'trainedmodel.pkl' to './model/practicemodels' folder
06/09/23 04:38:32 PM root INFO - SUCCESS: ========= End of 'training.py' =========
06/09/23 04:38:33 PM root INFO - SUCCESS: Creating logging file named 'logging.log'
06/09/23 04:38:33 PM root INFO - SUCCESS: Reading configuration file 'config.json' for Data Ingestion step
06/09/23 04:38:33 PM root INFO - SUCCESS: ========= Sarting 'ingestion.py' =========
06/09/23 04:38:33 PM root INFO - SUCCESS: Ingesting file 'dataset1.csv'
06/09/23 04:38:33 PM root INFO - SUCCESS: Ingesting file 'dataset2.csv'
06/09/23 04:38:33 PM root INFO - SUCCESS: Merging data source files ['data/practicedata/dataset1.csv', 'data/practicedata/dataset2.csv']
06/09/23 04:38:33 PM root INFO - SUCCESS: Dropping duplicated values from merged dataframe
06/09/23 04:38:33 PM root INFO - SUCCESS: Saving ingested data into 'finaldata.csv'
06/09/23 04:38:33 PM root INFO - SUCCESS: Saving ingested metadata into 'ingestedfiles.txt'
06/09/23 04:38:33 PM root INFO - SUCCESS: Required data has been ingested and merged!
06/09/23 04:38:33 PM root INFO - SUCCESS: ========= End of 'ingestion.py' =========
06/09/23 04:38:34 PM root INFO - SUCCESS: Reading configuration file 'config.json' for Model Training step
06/09/23 04:38:34 PM root INFO - SUCCESS: ========= Sarting 'training.py' =========
06/09/23 04:38:34 PM root INFO - SUCCESS: Loading traing data 'finaldata.csv'
06/09/23 04:38:34 PM root INFO - SUCCESS: Preparing modeling data (X) and prediction data (y)
06/09/23 04:38:34 PM root INFO - SUCCESS: Training required logistic regression model
06/09/23 04:38:34 PM root INFO - SUCCESS: Exporting trained model 'trainedmodel.pkl' to './model/practicemodels' folder
06/09/23 04:38:34 PM root INFO - SUCCESS: ========= End of 'training.py' =========
06/09/23 04:38:34 PM root INFO - SUCCESS: Creating logging file named 'logging.log'
06/09/23 04:38:34 PM root INFO - SUCCESS: Reading configuration file 'config.json' for Data Ingestion step
06/09/23 04:38:34 PM root INFO - SUCCESS: ========= Sarting 'ingestion.py' =========
06/09/23 04:38:34 PM root INFO - SUCCESS: Ingesting file 'dataset1.csv'
06/09/23 04:38:34 PM root INFO - SUCCESS: Ingesting file 'dataset2.csv'
06/09/23 04:38:34 PM root INFO - SUCCESS: Merging data source files ['data/practicedata/dataset1.csv', 'data/practicedata/dataset2.csv']
06/09/23 04:38:34 PM root INFO - SUCCESS: Dropping duplicated values from merged dataframe
06/09/23 04:38:34 PM root INFO - SUCCESS: Saving ingested data into 'finaldata.csv'
06/09/23 04:38:34 PM root INFO - SUCCESS: Saving ingested metadata into 'ingestedfiles.txt'
06/09/23 04:38:34 PM root INFO - SUCCESS: Required data has been ingested and merged!
06/09/23 04:38:34 PM root INFO - SUCCESS: ========= End of 'ingestion.py' =========
06/09/23 04:38:35 PM root INFO - SUCCESS: Reading configuration file 'config.json' for Model Training step
06/09/23 04:38:35 PM root INFO - SUCCESS: ========= Sarting 'training.py' =========
06/09/23 04:38:35 PM root INFO - SUCCESS: Loading traing data 'finaldata.csv'
06/09/23 04:38:35 PM root INFO - SUCCESS: Preparing modeling data (X) and prediction data (y)
06/09/23 04:38:35 PM root INFO - SUCCESS: Training required logistic regression model
06/09/23 04:38:35 PM root INFO - SUCCESS: Exporting trained model 'trainedmodel.pkl' to './model/practicemodels' folder
06/09/23 04:38:35 PM root INFO - SUCCESS: ========= End of 'training.py' =========
06/09/23 04:38:36 PM root INFO - SUCCESS: Creating logging file named 'logging.log'
06/09/23 04:38:36 PM root INFO - SUCCESS: Reading configuration file 'config.json' for Data Ingestion step
06/09/23 04:38:36 PM root INFO - SUCCESS: ========= Sarting 'ingestion.py' =========
06/09/23 04:38:36 PM root INFO - SUCCESS: Ingesting file 'dataset1.csv'
06/09/23 04:38:36 PM root INFO - SUCCESS: Ingesting file 'dataset2.csv'
06/09/23 04:38:36 PM root INFO - SUCCESS: Merging data source files ['data/practicedata/dataset1.csv', 'data/practicedata/dataset2.csv']
06/09/23 04:38:36 PM root INFO - SUCCESS: Dropping duplicated values from merged dataframe
06/09/23 04:38:36 PM root INFO - SUCCESS: Saving ingested data into 'finaldata.csv'
06/09/23 04:38:36 PM root INFO - SUCCESS: Saving ingested metadata into 'ingestedfiles.txt'
06/09/23 04:38:36 PM root INFO - SUCCESS: Required data has been ingested and merged!
06/09/23 04:38:36 PM root INFO - SUCCESS: ========= End of 'ingestion.py' =========
06/09/23 04:38:37 PM root INFO - SUCCESS: Reading configuration file 'config.json' for Model Training step
06/09/23 04:38:37 PM root INFO - SUCCESS: ========= Sarting 'training.py' =========
06/09/23 04:38:37 PM root INFO - SUCCESS: Loading traing data 'finaldata.csv'
06/09/23 04:38:37 PM root INFO - SUCCESS: Preparing modeling data (X) and prediction data (y)
06/09/23 04:38:37 PM root INFO - SUCCESS: Training required logistic regression model
06/09/23 04:38:37 PM root INFO - SUCCESS: Exporting trained model 'trainedmodel.pkl' to './model/practicemodels' folder
06/09/23 04:38:37 PM root INFO - SUCCESS: ========= End of 'training.py' =========
06/09/23 04:38:37 PM root INFO - SUCCESS: Creating logging file named 'logging.log'
06/09/23 04:38:37 PM root INFO - SUCCESS: Reading configuration file 'config.json' for Data Ingestion step
06/09/23 04:38:37 PM root INFO - SUCCESS: ========= Sarting 'ingestion.py' =========
06/09/23 04:38:37 PM root INFO - SUCCESS: Ingesting file 'dataset1.csv'
06/09/23 04:38:37 PM root INFO - SUCCESS: Ingesting file 'dataset2.csv'
06/09/23 04:38:37 PM root INFO - SUCCESS: Merging data source files ['data/practicedata/dataset1.csv', 'data/practicedata/dataset2.csv']
06/09/23 04:38:37 PM root INFO - SUCCESS: Dropping duplicated values from merged dataframe
06/09/23 04:38:37 PM root INFO - SUCCESS: Saving ingested data into 'finaldata.csv'
06/09/23 04:38:37 PM root INFO - SUCCESS: Saving ingested metadata into 'ingestedfiles.txt'
06/09/23 04:38:37 PM root INFO - SUCCESS: Required data has been ingested and merged!
06/09/23 04:38:37 PM root INFO - SUCCESS: ========= End of 'ingestion.py' =========
06/09/23 04:38:38 PM root INFO - SUCCESS: Reading configuration file 'config.json' for Model Training step
06/09/23 04:38:38 PM root INFO - SUCCESS: ========= Sarting 'training.py' =========
06/09/23 04:38:38 PM root INFO - SUCCESS: Loading traing data 'finaldata.csv'
06/09/23 04:38:38 PM root INFO - SUCCESS: Preparing modeling data (X) and prediction data (y)
06/09/23 04:38:38 PM root INFO - SUCCESS: Training required logistic regression model
06/09/23 04:38:38 PM root INFO - SUCCESS: Exporting trained model 'trainedmodel.pkl' to './model/practicemodels' folder
06/09/23 04:38:38 PM root INFO - SUCCESS: ========= End of 'training.py' =========
06/09/23 04:38:39 PM root INFO - SUCCESS: Creating logging file named 'logging.log'
06/09/23 04:38:39 PM root INFO - SUCCESS: Reading configuration file 'config.json' for Data Ingestion step
06/09/23 04:38:39 PM root INFO - SUCCESS: ========= Sarting 'ingestion.py' =========
06/09/23 04:38:39 PM root INFO - SUCCESS: Ingesting file 'dataset1.csv'
06/09/23 04:38:39 PM root INFO - SUCCESS: Ingesting file 'dataset2.csv'
06/09/23 04:38:39 PM root INFO - SUCCESS: Merging data source files ['data/practicedata/dataset1.csv', 'data/practicedata/dataset2.csv']
06/09/23 04:38:39 PM root INFO - SUCCESS: Dropping duplicated values from merged dataframe
06/09/23 04:38:39 PM root INFO - SUCCESS: Saving ingested data into 'finaldata.csv'
06/09/23 04:38:39 PM root INFO - SUCCESS: Saving ingested metadata into 'ingestedfiles.txt'
06/09/23 04:38:39 PM root INFO - SUCCESS: Required data has been ingested and merged!
06/09/23 04:38:39 PM root INFO - SUCCESS: ========= End of 'ingestion.py' =========
06/09/23 04:38:40 PM root INFO - SUCCESS: Reading configuration file 'config.json' for Model Training step
06/09/23 04:38:40 PM root INFO - SUCCESS: ========= Sarting 'training.py' =========
06/09/23 04:38:40 PM root INFO - SUCCESS: Loading traing data 'finaldata.csv'
06/09/23 04:38:40 PM root INFO - SUCCESS: Preparing modeling data (X) and prediction data (y)
06/09/23 04:38:40 PM root INFO - SUCCESS: Training required logistic regression model
06/09/23 04:38:40 PM root INFO - SUCCESS: Exporting trained model 'trainedmodel.pkl' to './model/practicemodels' folder
06/09/23 04:38:40 PM root INFO - SUCCESS: ========= End of 'training.py' =========
06/09/23 04:38:40 PM root INFO - SUCCESS: Creating logging file named 'logging.log'
06/09/23 04:38:40 PM root INFO - SUCCESS: Reading configuration file 'config.json' for Data Ingestion step
06/09/23 04:38:40 PM root INFO - SUCCESS: ========= Sarting 'ingestion.py' =========
06/09/23 04:38:40 PM root INFO - SUCCESS: Ingesting file 'dataset1.csv'
06/09/23 04:38:40 PM root INFO - SUCCESS: Ingesting file 'dataset2.csv'
06/09/23 04:38:40 PM root INFO - SUCCESS: Merging data source files ['data/practicedata/dataset1.csv', 'data/practicedata/dataset2.csv']
06/09/23 04:38:40 PM root INFO - SUCCESS: Dropping duplicated values from merged dataframe
06/09/23 04:38:40 PM root INFO - SUCCESS: Saving ingested data into 'finaldata.csv'
06/09/23 04:38:40 PM root INFO - SUCCESS: Saving ingested metadata into 'ingestedfiles.txt'
06/09/23 04:38:40 PM root INFO - SUCCESS: Required data has been ingested and merged!
06/09/23 04:38:40 PM root INFO - SUCCESS: ========= End of 'ingestion.py' =========
06/09/23 04:38:41 PM root INFO - SUCCESS: Reading configuration file 'config.json' for Model Training step
06/09/23 04:38:41 PM root INFO - SUCCESS: ========= Sarting 'training.py' =========
06/09/23 04:38:41 PM root INFO - SUCCESS: Loading traing data 'finaldata.csv'
06/09/23 04:38:41 PM root INFO - SUCCESS: Preparing modeling data (X) and prediction data (y)
06/09/23 04:38:41 PM root INFO - SUCCESS: Training required logistic regression model
06/09/23 04:38:41 PM root INFO - SUCCESS: Exporting trained model 'trainedmodel.pkl' to './model/practicemodels' folder
06/09/23 04:38:41 PM root INFO - SUCCESS: ========= End of 'training.py' =========
06/09/23 04:38:42 PM root INFO - SUCCESS: Creating logging file named 'logging.log'
06/09/23 04:38:42 PM root INFO - SUCCESS: Reading configuration file 'config.json' for Data Ingestion step
06/09/23 04:38:42 PM root INFO - SUCCESS: ========= Sarting 'ingestion.py' =========
06/09/23 04:38:42 PM root INFO - SUCCESS: Ingesting file 'dataset1.csv'
06/09/23 04:38:42 PM root INFO - SUCCESS: Ingesting file 'dataset2.csv'
06/09/23 04:38:42 PM root INFO - SUCCESS: Merging data source files ['data/practicedata/dataset1.csv', 'data/practicedata/dataset2.csv']
06/09/23 04:38:42 PM root INFO - SUCCESS: Dropping duplicated values from merged dataframe
06/09/23 04:38:42 PM root INFO - SUCCESS: Saving ingested data into 'finaldata.csv'
06/09/23 04:38:42 PM root INFO - SUCCESS: Saving ingested metadata into 'ingestedfiles.txt'
06/09/23 04:38:42 PM root INFO - SUCCESS: Required data has been ingested and merged!
06/09/23 04:38:42 PM root INFO - SUCCESS: ========= End of 'ingestion.py' =========
06/09/23 04:38:43 PM root INFO - SUCCESS: Reading configuration file 'config.json' for Model Training step
06/09/23 04:38:43 PM root INFO - SUCCESS: ========= Sarting 'training.py' =========
06/09/23 04:38:43 PM root INFO - SUCCESS: Loading traing data 'finaldata.csv'
06/09/23 04:38:43 PM root INFO - SUCCESS: Preparing modeling data (X) and prediction data (y)
06/09/23 04:38:43 PM root INFO - SUCCESS: Training required logistic regression model
06/09/23 04:38:43 PM root INFO - SUCCESS: Exporting trained model 'trainedmodel.pkl' to './model/practicemodels' folder
06/09/23 04:38:43 PM root INFO - SUCCESS: ========= End of 'training.py' =========
06/09/23 04:38:43 PM root INFO - SUCCESS: Creating logging file named 'logging.log'
06/09/23 04:38:43 PM root INFO - SUCCESS: Reading configuration file 'config.json' for Data Ingestion step
06/09/23 04:38:43 PM root INFO - SUCCESS: ========= Sarting 'ingestion.py' =========
06/09/23 04:38:43 PM root INFO - SUCCESS: Ingesting file 'dataset1.csv'
06/09/23 04:38:43 PM root INFO - SUCCESS: Ingesting file 'dataset2.csv'
06/09/23 04:38:43 PM root INFO - SUCCESS: Merging data source files ['data/practicedata/dataset1.csv', 'data/practicedata/dataset2.csv']
06/09/23 04:38:43 PM root INFO - SUCCESS: Dropping duplicated values from merged dataframe
06/09/23 04:38:43 PM root INFO - SUCCESS: Saving ingested data into 'finaldata.csv'
06/09/23 04:38:43 PM root INFO - SUCCESS: Saving ingested metadata into 'ingestedfiles.txt'
06/09/23 04:38:43 PM root INFO - SUCCESS: Required data has been ingested and merged!
06/09/23 04:38:43 PM root INFO - SUCCESS: ========= End of 'ingestion.py' =========
06/09/23 04:38:44 PM root INFO - SUCCESS: Reading configuration file 'config.json' for Model Training step
06/09/23 04:38:44 PM root INFO - SUCCESS: ========= Sarting 'training.py' =========
06/09/23 04:38:44 PM root INFO - SUCCESS: Loading traing data 'finaldata.csv'
06/09/23 04:38:44 PM root INFO - SUCCESS: Preparing modeling data (X) and prediction data (y)
06/09/23 04:38:44 PM root INFO - SUCCESS: Training required logistic regression model
06/09/23 04:38:44 PM root INFO - SUCCESS: Exporting trained model 'trainedmodel.pkl' to './model/practicemodels' folder
06/09/23 04:38:44 PM root INFO - SUCCESS: ========= End of 'training.py' =========
06/09/23 04:38:45 PM root INFO - SUCCESS: Creating logging file named 'logging.log'
06/09/23 04:38:45 PM root INFO - SUCCESS: Reading configuration file 'config.json' for Data Ingestion step
06/09/23 04:38:45 PM root INFO - SUCCESS: ========= Sarting 'ingestion.py' =========
06/09/23 04:38:45 PM root INFO - SUCCESS: Ingesting file 'dataset1.csv'
06/09/23 04:38:45 PM root INFO - SUCCESS: Ingesting file 'dataset2.csv'
06/09/23 04:38:45 PM root INFO - SUCCESS: Merging data source files ['data/practicedata/dataset1.csv', 'data/practicedata/dataset2.csv']
06/09/23 04:38:45 PM root INFO - SUCCESS: Dropping duplicated values from merged dataframe
06/09/23 04:38:45 PM root INFO - SUCCESS: Saving ingested data into 'finaldata.csv'
06/09/23 04:38:45 PM root INFO - SUCCESS: Saving ingested metadata into 'ingestedfiles.txt'
06/09/23 04:38:45 PM root INFO - SUCCESS: Required data has been ingested and merged!
06/09/23 04:38:45 PM root INFO - SUCCESS: ========= End of 'ingestion.py' =========
06/09/23 04:38:46 PM root INFO - SUCCESS: Reading configuration file 'config.json' for Model Training step
06/09/23 04:38:46 PM root INFO - SUCCESS: ========= Sarting 'training.py' =========
06/09/23 04:38:46 PM root INFO - SUCCESS: Loading traing data 'finaldata.csv'
06/09/23 04:38:46 PM root INFO - SUCCESS: Preparing modeling data (X) and prediction data (y)
06/09/23 04:38:46 PM root INFO - SUCCESS: Training required logistic regression model
06/09/23 04:38:46 PM root INFO - SUCCESS: Exporting trained model 'trainedmodel.pkl' to './model/practicemodels' folder
06/09/23 04:38:46 PM root INFO - SUCCESS: ========= End of 'training.py' =========
06/09/23 04:38:46 PM root INFO - SUCCESS: Creating logging file named 'logging.log'
06/09/23 04:38:46 PM root INFO - SUCCESS: Reading configuration file 'config.json' for Data Ingestion step
06/09/23 04:38:46 PM root INFO - SUCCESS: ========= Sarting 'ingestion.py' =========
06/09/23 04:38:46 PM root INFO - SUCCESS: Ingesting file 'dataset1.csv'
06/09/23 04:38:46 PM root INFO - SUCCESS: Ingesting file 'dataset2.csv'
06/09/23 04:38:46 PM root INFO - SUCCESS: Merging data source files ['data/practicedata/dataset1.csv', 'data/practicedata/dataset2.csv']
06/09/23 04:38:46 PM root INFO - SUCCESS: Dropping duplicated values from merged dataframe
06/09/23 04:38:46 PM root INFO - SUCCESS: Saving ingested data into 'finaldata.csv'
06/09/23 04:38:46 PM root INFO - SUCCESS: Saving ingested metadata into 'ingestedfiles.txt'
06/09/23 04:38:46 PM root INFO - SUCCESS: Required data has been ingested and merged!
06/09/23 04:38:46 PM root INFO - SUCCESS: ========= End of 'ingestion.py' =========
06/09/23 04:38:47 PM root INFO - SUCCESS: Reading configuration file 'config.json' for Model Training step
06/09/23 04:38:47 PM root INFO - SUCCESS: ========= Sarting 'training.py' =========
06/09/23 04:38:47 PM root INFO - SUCCESS: Loading traing data 'finaldata.csv'
06/09/23 04:38:47 PM root INFO - SUCCESS: Preparing modeling data (X) and prediction data (y)
06/09/23 04:38:47 PM root INFO - SUCCESS: Training required logistic regression model
06/09/23 04:38:47 PM root INFO - SUCCESS: Exporting trained model 'trainedmodel.pkl' to './model/practicemodels' folder
06/09/23 04:38:47 PM root INFO - SUCCESS: ========= End of 'training.py' =========
06/09/23 04:38:48 PM root INFO - SUCCESS: Calculating training and ingestion timings
06/09/23 04:39:41 PM werkzeug INFO - 127.0.0.1 - - [09/Jun/2023 16:39:41] "[37mGET /diagnostics HTTP/1.1[0m" 200 -
06/09/23 04:44:55 PM root INFO - SUCCESS: Creating logging file named 'logging.log'
06/09/23 04:44:55 PM root INFO - SUCCESS: Reading configuration file 'config.json' for Data Ingestion step
06/09/23 04:44:55 PM werkzeug INFO -  * Detected change in '/Users/rakan/Desktop/MLOps ND/Projec 4 - A Dynamic Risk Assessment System/__pycache__/ingestion.cpython-39.pyc', reloading
06/09/23 04:44:55 PM werkzeug INFO -  * Detected change in '/Users/rakan/Desktop/MLOps ND/Projec 4 - A Dynamic Risk Assessment System/__pycache__/ingestion.cpython-39.pyc', reloading
06/09/23 04:44:55 PM werkzeug INFO -  * Detected change in '/Users/rakan/Desktop/MLOps ND/Projec 4 - A Dynamic Risk Assessment System/__pycache__/training.cpython-39.pyc', reloading
06/09/23 04:44:55 PM werkzeug INFO -  * Detected change in '/Users/rakan/Desktop/MLOps ND/Projec 4 - A Dynamic Risk Assessment System/__pycache__/training.cpython-39.pyc', reloading
06/09/23 04:44:55 PM root INFO - SUCCESS: Reading configuration file 'config.json' for Model Training step
06/09/23 04:44:55 PM root INFO - SUCCESS: Reading configuration file 'config.json' for Model Scoring step
06/09/23 04:44:55 PM werkzeug INFO -  * Detected change in '/Users/rakan/Desktop/MLOps ND/Projec 4 - A Dynamic Risk Assessment System/__pycache__/scoring.cpython-39.pyc', reloading
06/09/23 04:44:55 PM werkzeug INFO -  * Detected change in '/Users/rakan/Desktop/MLOps ND/Projec 4 - A Dynamic Risk Assessment System/__pycache__/scoring.cpython-39.pyc', reloading
06/09/23 04:44:55 PM root INFO - SUCCESS: Reading configuration file 'config.json' for Model Deployment step
06/09/23 04:44:55 PM root INFO - SUCCESS: Reading configuration file 'config.json' for Model and Data Diagnostics step
06/09/23 04:44:55 PM werkzeug INFO -  * Detected change in '/Users/rakan/Desktop/MLOps ND/Projec 4 - A Dynamic Risk Assessment System/__pycache__/deployment.cpython-39.pyc', reloading
06/09/23 04:44:55 PM werkzeug INFO -  * Detected change in '/Users/rakan/Desktop/MLOps ND/Projec 4 - A Dynamic Risk Assessment System/__pycache__/deployment.cpython-39.pyc', reloading
06/09/23 04:44:55 PM werkzeug INFO -  * Detected change in '/Users/rakan/Desktop/MLOps ND/Projec 4 - A Dynamic Risk Assessment System/__pycache__/reporting.cpython-39.pyc', reloading
06/09/23 04:44:55 PM werkzeug INFO -  * Detected change in '/Users/rakan/Desktop/MLOps ND/Projec 4 - A Dynamic Risk Assessment System/__pycache__/reporting.cpython-39.pyc', reloading
06/09/23 04:44:56 PM werkzeug INFO -  * Restarting with fsevents reloader
06/09/23 04:44:56 PM root INFO - SUCCESS: Reading configuration file 'config.json' for Model and Data Diagnostics step
06/09/23 04:44:56 PM root INFO - SUCCESS: Reading configuration file 'config.json' for app.py step
06/09/23 04:44:56 PM root INFO - SUCCESS: API route for - Index Endpoint
06/09/23 04:44:56 PM root INFO - SUCCESS: API route for - Prediction Endpoint
06/09/23 04:44:56 PM root INFO - SUCCESS: API route for - Scoring Endpoint
06/09/23 04:44:56 PM root INFO - SUCCESS: API route for - Summary Statistics Endpoint
06/09/23 04:44:56 PM root INFO - SUCCESS: API route for - Diagnostics Endpoint
06/09/23 04:44:56 PM root INFO - SUCCESS: ========= Sarting 'app.py' =========
06/09/23 04:44:57 PM werkzeug WARNING -  * Debugger is active!
06/09/23 04:44:57 PM werkzeug INFO -  * Debugger PIN: 340-390-211
06/09/23 04:44:57 PM root INFO - SUCCESS: Reading configuration file 'config.json' for Reporting step
06/09/23 04:44:57 PM root INFO - SUCCESS: Reading configuration file 'config.json' for Process Automation step
06/09/23 04:44:57 PM root INFO - SUCCESS: ========= Sarting 'fullprocess.py' =========
06/09/23 04:44:57 PM root INFO - SUCCESS: Validating input data. No new data was found
06/09/23 04:44:57 PM root INFO - SUCCESS: ========= End of 'fullprocess.py' =========
06/09/23 04:45:17 PM root INFO - SUCCESS: Creating logging file named 'logging.log'
06/09/23 04:45:17 PM root INFO - SUCCESS: Reading configuration file 'config.json' for Data Ingestion step
06/09/23 04:45:17 PM root INFO - SUCCESS: Reading configuration file 'config.json' for Model Training step
06/09/23 04:45:17 PM root INFO - SUCCESS: Reading configuration file 'config.json' for Model Scoring step
06/09/23 04:45:17 PM root INFO - SUCCESS: Reading configuration file 'config.json' for Model Deployment step
06/09/23 04:45:17 PM root INFO - SUCCESS: Reading configuration file 'config.json' for Model and Data Diagnostics step
06/09/23 04:45:17 PM root INFO - SUCCESS: Reading configuration file 'config.json' for Reporting step
06/09/23 04:45:17 PM root INFO - SUCCESS: Reading configuration file 'config.json' for Process Automation step
06/09/23 04:45:17 PM root INFO - SUCCESS: ========= Sarting 'fullprocess.py' =========
06/09/23 04:45:17 PM root INFO - SUCCESS: Validating input data. NEW data was found!
06/09/23 04:45:17 PM root INFO - SUCCESS: Ingesting file 'dataset4.csv'
06/09/23 04:45:17 PM root INFO - SUCCESS: Ingesting file 'dataset3.csv'
06/09/23 04:45:17 PM root INFO - SUCCESS: Merging data source files ['data/sourcedata/dataset4.csv', 'data/sourcedata/dataset3.csv']
06/09/23 04:45:17 PM root INFO - SUCCESS: Dropping duplicated values from merged dataframe
06/09/23 04:45:17 PM root INFO - SUCCESS: Saving ingested data into 'finaldata.csv'
06/09/23 04:45:17 PM root INFO - SUCCESS: Saving ingested metadata into 'ingestedfiles.txt'
06/09/23 04:45:17 PM root INFO - SUCCESS: Required data has been ingested and merged!
06/09/23 04:45:17 PM root INFO - SUCCESS: Deciding to proceed with processing the new datasets
06/09/23 04:45:17 PM root INFO - SUCCESS: Checking for model drift
06/09/23 04:45:17 PM root INFO - SUCCESS: Preparing testing data (X) and prediction data (y)
06/09/23 04:45:17 PM root INFO - SUCCESS: Loading required test data 'trainedmodel.pkl' from [production_deployment]
06/09/23 04:45:17 PM root INFO - SUCCESS: Predicting provided data
06/09/23 04:45:17 PM root INFO - Note: Deployed score = [0.5714], New score = [0.6923]
06/09/23 04:45:17 PM root INFO - SUCCESS: No drifting has occured to the deployed model. Decision not to proceed
06/09/23 04:45:17 PM root INFO - SUCCESS: ========= End of 'fullprocess.py' =========