06/09/23 02:17:55 PM root INFO - SUCCESS: Creating logging file named 'logging.log'
06/09/23 02:17:55 PM root INFO - SUCCESS: Reading configuration file 'config.json' for Data Ingestion step
06/09/23 02:17:55 PM root INFO - SUCCESS: ========= Sarting 'ingestion.py' =========
06/09/23 02:17:55 PM root INFO - SUCCESS: Ingesting file 'dataset4.csv'
06/09/23 02:17:55 PM root INFO - SUCCESS: Ingesting file 'dataset3.csv'
06/09/23 02:17:55 PM root INFO - SUCCESS: Merging data source files ['data/sourcedata/dataset4.csv', 'data/sourcedata/dataset3.csv']
06/09/23 02:17:55 PM root INFO - SUCCESS: Dropping duplicated values from merged dataframe
06/09/23 02:17:55 PM root INFO - SUCCESS: Saving ingested data into 'finaldata.csv'
06/09/23 02:17:55 PM root INFO - SUCCESS: Saving ingested metadata into 'ingestedfiles.txt'
06/09/23 02:17:55 PM root INFO - SUCCESS: Required data has been ingested and merged!
06/09/23 02:17:55 PM root INFO - SUCCESS: ========= End of 'ingestion.py' =========
06/09/23 02:18:02 PM root INFO - SUCCESS: Reading configuration file 'config.json' for Model Training step
06/09/23 02:18:02 PM root INFO - SUCCESS: ========= Sarting 'training.py' =========
06/09/23 02:18:02 PM root INFO - SUCCESS: Loading traing data 'finaldata.csv'
06/09/23 02:18:02 PM root INFO - SUCCESS: Preparing modeling data (X) and prediction data (y)
06/09/23 02:18:02 PM root INFO - SUCCESS: Training required logistic regression model
06/09/23 02:18:06 PM root INFO - SUCCESS: Reading configuration file 'config.json' for Model Scoring step
06/09/23 02:18:06 PM root INFO - SUCCESS: ========= Sarting 'scoring.py' =========
06/09/23 02:18:06 PM root INFO - SUCCESS: Loading required test data 'testdata.csv'
06/09/23 02:18:14 PM root INFO - SUCCESS: Reading configuration file 'config.json' for Model Deployment step
06/09/23 02:18:14 PM root INFO - SUCCESS: ========= Sarting 'deployment.py' =========
06/09/23 02:18:32 PM root INFO - SUCCESS: Reading configuration file 'config.json' for Model Deployment step
06/09/23 02:18:32 PM root INFO - SUCCESS: ========= Sarting 'deployment.py' =========
06/09/23 02:18:54 PM root INFO - SUCCESS: Reading configuration file 'config.json' for Model Deployment step
06/09/23 02:18:54 PM root INFO - SUCCESS: ========= Sarting 'deployment.py' =========
06/09/23 02:20:44 PM root INFO - SUCCESS: Reading configuration file 'config.json' for Model Training step
06/09/23 02:20:44 PM root INFO - SUCCESS: ========= Sarting 'training.py' =========
06/09/23 02:20:44 PM root INFO - SUCCESS: Loading traing data 'finaldata.csv'
06/09/23 02:20:44 PM root INFO - SUCCESS: Preparing modeling data (X) and prediction data (y)
06/09/23 02:20:44 PM root INFO - SUCCESS: Training required logistic regression model
06/09/23 02:20:44 PM root INFO - SUCCESS: Exporting trained model 'trainedmodel.pkl' to './model/models' folder
06/09/23 02:20:44 PM root INFO - SUCCESS: ========= End of 'training.py' =========
06/09/23 02:20:48 PM root INFO - SUCCESS: Reading configuration file 'config.json' for Model Scoring step
06/09/23 02:20:48 PM root INFO - SUCCESS: ========= Sarting 'scoring.py' =========
06/09/23 02:20:48 PM root INFO - SUCCESS: Loading required test data 'testdata.csv'
06/09/23 02:20:48 PM root INFO - SUCCESS: Loading required test data 'trainedmodel.pkl' from './model/models'
06/09/23 02:20:48 PM root INFO - SUCCESS: Preparing testing data (X) and prediction data (y)
06/09/23 02:20:48 PM root INFO - SUCCESS: Predicting testing data
06/09/23 02:20:48 PM root INFO - SUCCESS: Calculating F1 score
06/09/23 02:20:48 PM root INFO - SUCCESS: Saving F1 scores to 'latestscore.txt' file
06/09/23 02:20:48 PM root INFO - SUCCESS: ========= End of 'scoring.py' =========
06/09/23 02:20:53 PM root INFO - SUCCESS: Reading configuration file 'config.json' for Model Deployment step
06/09/23 02:20:53 PM root INFO - SUCCESS: ========= Sarting 'deployment.py' =========
06/09/23 02:20:53 PM root INFO - SUCCESS: Deploying trained model to production
06/09/23 02:20:53 PM root INFO - SUCCESS: Copying required production files: 'trainedmodel.pkl', 'ingestfiles.txt' and 'latestscore.txt'
06/09/23 02:20:53 PM root INFO - SUCCESS: ========= End of 'deployment.py' =========
06/09/23 02:21:00 PM root INFO - SUCCESS: Reading configuration file 'config.json' for Model and Data Diagnostics step
06/09/23 02:21:00 PM root INFO - SUCCESS: ========= Sarting 'diagnostics.py' =========
06/09/23 02:21:01 PM root INFO - SUCCESS: Loading required test data 'trainedmodel.pkl' from [production_deployment]
06/09/23 02:21:01 PM root INFO - SUCCESS: Predicting provided data
06/09/23 02:21:01 PM root INFO - SUCCESS: Loading and preparing 'finaldata.csv' './data/ingesteddata' folder
06/09/23 02:21:01 PM root INFO - SUCCESS: Calculating summary statistics for prod model
06/09/23 02:21:01 PM root INFO - SUCCESS: Loading and preparing 'finaldata.csv' from './data/ingesteddata' folder
06/09/23 02:21:01 PM root INFO - SUCCESS: Calculating missing data in percentage
06/09/23 02:21:01 PM root INFO - SUCCESS: Creating logging file named 'logging.log'
06/09/23 02:21:01 PM root INFO - SUCCESS: Reading configuration file 'config.json' for Data Ingestion step
06/09/23 02:21:01 PM root INFO - SUCCESS: ========= Sarting 'ingestion.py' =========
06/09/23 02:21:01 PM root INFO - SUCCESS: Ingesting file 'dataset4.csv'
06/09/23 02:21:01 PM root INFO - SUCCESS: Ingesting file 'dataset3.csv'
06/09/23 02:21:01 PM root INFO - SUCCESS: Merging data source files ['data/sourcedata/dataset4.csv', 'data/sourcedata/dataset3.csv']
06/09/23 02:21:01 PM root INFO - SUCCESS: Dropping duplicated values from merged dataframe
06/09/23 02:21:01 PM root INFO - SUCCESS: Saving ingested data into 'finaldata.csv'
06/09/23 02:21:01 PM root INFO - SUCCESS: Saving ingested metadata into 'ingestedfiles.txt'
06/09/23 02:21:01 PM root INFO - SUCCESS: Required data has been ingested and merged!
06/09/23 02:21:01 PM root INFO - SUCCESS: ========= End of 'ingestion.py' =========
06/09/23 02:21:02 PM root INFO - SUCCESS: Reading configuration file 'config.json' for Model Training step
06/09/23 02:21:02 PM root INFO - SUCCESS: ========= Sarting 'training.py' =========
06/09/23 02:21:02 PM root INFO - SUCCESS: Loading traing data 'finaldata.csv'
06/09/23 02:21:02 PM root INFO - SUCCESS: Preparing modeling data (X) and prediction data (y)
06/09/23 02:21:02 PM root INFO - SUCCESS: Training required logistic regression model
06/09/23 02:21:02 PM root INFO - SUCCESS: Exporting trained model 'trainedmodel.pkl' to './model/models' folder
06/09/23 02:21:02 PM root INFO - SUCCESS: ========= End of 'training.py' =========
06/09/23 02:21:03 PM root INFO - SUCCESS: Creating logging file named 'logging.log'
06/09/23 02:21:03 PM root INFO - SUCCESS: Reading configuration file 'config.json' for Data Ingestion step
06/09/23 02:21:03 PM root INFO - SUCCESS: ========= Sarting 'ingestion.py' =========
06/09/23 02:21:03 PM root INFO - SUCCESS: Ingesting file 'dataset4.csv'
06/09/23 02:21:03 PM root INFO - SUCCESS: Ingesting file 'dataset3.csv'
06/09/23 02:21:03 PM root INFO - SUCCESS: Merging data source files ['data/sourcedata/dataset4.csv', 'data/sourcedata/dataset3.csv']
06/09/23 02:21:03 PM root INFO - SUCCESS: Dropping duplicated values from merged dataframe
06/09/23 02:21:03 PM root INFO - SUCCESS: Saving ingested data into 'finaldata.csv'
06/09/23 02:21:03 PM root INFO - SUCCESS: Saving ingested metadata into 'ingestedfiles.txt'
06/09/23 02:21:03 PM root INFO - SUCCESS: Required data has been ingested and merged!
06/09/23 02:21:03 PM root INFO - SUCCESS: ========= End of 'ingestion.py' =========
06/09/23 02:21:04 PM root INFO - SUCCESS: Reading configuration file 'config.json' for Model Training step
06/09/23 02:21:04 PM root INFO - SUCCESS: ========= Sarting 'training.py' =========
06/09/23 02:21:04 PM root INFO - SUCCESS: Loading traing data 'finaldata.csv'
06/09/23 02:21:04 PM root INFO - SUCCESS: Preparing modeling data (X) and prediction data (y)
06/09/23 02:21:04 PM root INFO - SUCCESS: Training required logistic regression model
06/09/23 02:21:04 PM root INFO - SUCCESS: Exporting trained model 'trainedmodel.pkl' to './model/models' folder
06/09/23 02:21:04 PM root INFO - SUCCESS: ========= End of 'training.py' =========
06/09/23 02:21:04 PM root INFO - SUCCESS: Creating logging file named 'logging.log'
06/09/23 02:21:04 PM root INFO - SUCCESS: Reading configuration file 'config.json' for Data Ingestion step
06/09/23 02:21:04 PM root INFO - SUCCESS: ========= Sarting 'ingestion.py' =========
06/09/23 02:21:04 PM root INFO - SUCCESS: Ingesting file 'dataset4.csv'
06/09/23 02:21:04 PM root INFO - SUCCESS: Ingesting file 'dataset3.csv'
06/09/23 02:21:04 PM root INFO - SUCCESS: Merging data source files ['data/sourcedata/dataset4.csv', 'data/sourcedata/dataset3.csv']
06/09/23 02:21:04 PM root INFO - SUCCESS: Dropping duplicated values from merged dataframe
06/09/23 02:21:04 PM root INFO - SUCCESS: Saving ingested data into 'finaldata.csv'
06/09/23 02:21:04 PM root INFO - SUCCESS: Saving ingested metadata into 'ingestedfiles.txt'
06/09/23 02:21:04 PM root INFO - SUCCESS: Required data has been ingested and merged!
06/09/23 02:21:04 PM root INFO - SUCCESS: ========= End of 'ingestion.py' =========
06/09/23 02:21:05 PM root INFO - SUCCESS: Reading configuration file 'config.json' for Model Training step
06/09/23 02:21:05 PM root INFO - SUCCESS: ========= Sarting 'training.py' =========
06/09/23 02:21:05 PM root INFO - SUCCESS: Loading traing data 'finaldata.csv'
06/09/23 02:21:05 PM root INFO - SUCCESS: Preparing modeling data (X) and prediction data (y)
06/09/23 02:21:05 PM root INFO - SUCCESS: Training required logistic regression model
06/09/23 02:21:05 PM root INFO - SUCCESS: Exporting trained model 'trainedmodel.pkl' to './model/models' folder
06/09/23 02:21:05 PM root INFO - SUCCESS: ========= End of 'training.py' =========
06/09/23 02:21:06 PM root INFO - SUCCESS: Creating logging file named 'logging.log'
06/09/23 02:21:06 PM root INFO - SUCCESS: Reading configuration file 'config.json' for Data Ingestion step
06/09/23 02:21:06 PM root INFO - SUCCESS: ========= Sarting 'ingestion.py' =========
06/09/23 02:21:06 PM root INFO - SUCCESS: Ingesting file 'dataset4.csv'
06/09/23 02:21:06 PM root INFO - SUCCESS: Ingesting file 'dataset3.csv'
06/09/23 02:21:06 PM root INFO - SUCCESS: Merging data source files ['data/sourcedata/dataset4.csv', 'data/sourcedata/dataset3.csv']
06/09/23 02:21:06 PM root INFO - SUCCESS: Dropping duplicated values from merged dataframe
06/09/23 02:21:06 PM root INFO - SUCCESS: Saving ingested data into 'finaldata.csv'
06/09/23 02:21:06 PM root INFO - SUCCESS: Saving ingested metadata into 'ingestedfiles.txt'
06/09/23 02:21:06 PM root INFO - SUCCESS: Required data has been ingested and merged!
06/09/23 02:21:06 PM root INFO - SUCCESS: ========= End of 'ingestion.py' =========
06/09/23 02:21:07 PM root INFO - SUCCESS: Reading configuration file 'config.json' for Model Training step
06/09/23 02:21:07 PM root INFO - SUCCESS: ========= Sarting 'training.py' =========
06/09/23 02:21:07 PM root INFO - SUCCESS: Loading traing data 'finaldata.csv'
06/09/23 02:21:07 PM root INFO - SUCCESS: Preparing modeling data (X) and prediction data (y)
06/09/23 02:21:07 PM root INFO - SUCCESS: Training required logistic regression model
06/09/23 02:21:07 PM root INFO - SUCCESS: Exporting trained model 'trainedmodel.pkl' to './model/models' folder
06/09/23 02:21:07 PM root INFO - SUCCESS: ========= End of 'training.py' =========
06/09/23 02:21:07 PM root INFO - SUCCESS: Creating logging file named 'logging.log'
06/09/23 02:21:07 PM root INFO - SUCCESS: Reading configuration file 'config.json' for Data Ingestion step
06/09/23 02:21:07 PM root INFO - SUCCESS: ========= Sarting 'ingestion.py' =========
06/09/23 02:21:07 PM root INFO - SUCCESS: Ingesting file 'dataset4.csv'
06/09/23 02:21:07 PM root INFO - SUCCESS: Ingesting file 'dataset3.csv'
06/09/23 02:21:07 PM root INFO - SUCCESS: Merging data source files ['data/sourcedata/dataset4.csv', 'data/sourcedata/dataset3.csv']
06/09/23 02:21:07 PM root INFO - SUCCESS: Dropping duplicated values from merged dataframe
06/09/23 02:21:07 PM root INFO - SUCCESS: Saving ingested data into 'finaldata.csv'
06/09/23 02:21:07 PM root INFO - SUCCESS: Saving ingested metadata into 'ingestedfiles.txt'
06/09/23 02:21:07 PM root INFO - SUCCESS: Required data has been ingested and merged!
06/09/23 02:21:07 PM root INFO - SUCCESS: ========= End of 'ingestion.py' =========
06/09/23 02:21:08 PM root INFO - SUCCESS: Reading configuration file 'config.json' for Model Training step
06/09/23 02:21:08 PM root INFO - SUCCESS: ========= Sarting 'training.py' =========
06/09/23 02:21:08 PM root INFO - SUCCESS: Loading traing data 'finaldata.csv'
06/09/23 02:21:08 PM root INFO - SUCCESS: Preparing modeling data (X) and prediction data (y)
06/09/23 02:21:08 PM root INFO - SUCCESS: Training required logistic regression model
06/09/23 02:21:08 PM root INFO - SUCCESS: Exporting trained model 'trainedmodel.pkl' to './model/models' folder
06/09/23 02:21:08 PM root INFO - SUCCESS: ========= End of 'training.py' =========
06/09/23 02:21:09 PM root INFO - SUCCESS: Creating logging file named 'logging.log'
06/09/23 02:21:09 PM root INFO - SUCCESS: Reading configuration file 'config.json' for Data Ingestion step
06/09/23 02:21:09 PM root INFO - SUCCESS: ========= Sarting 'ingestion.py' =========
06/09/23 02:21:09 PM root INFO - SUCCESS: Ingesting file 'dataset4.csv'
06/09/23 02:21:09 PM root INFO - SUCCESS: Ingesting file 'dataset3.csv'
06/09/23 02:21:09 PM root INFO - SUCCESS: Merging data source files ['data/sourcedata/dataset4.csv', 'data/sourcedata/dataset3.csv']
06/09/23 02:21:09 PM root INFO - SUCCESS: Dropping duplicated values from merged dataframe
06/09/23 02:21:09 PM root INFO - SUCCESS: Saving ingested data into 'finaldata.csv'
06/09/23 02:21:09 PM root INFO - SUCCESS: Saving ingested metadata into 'ingestedfiles.txt'
06/09/23 02:21:09 PM root INFO - SUCCESS: Required data has been ingested and merged!
06/09/23 02:21:09 PM root INFO - SUCCESS: ========= End of 'ingestion.py' =========
06/09/23 02:21:10 PM root INFO - SUCCESS: Reading configuration file 'config.json' for Model Training step
06/09/23 02:21:10 PM root INFO - SUCCESS: ========= Sarting 'training.py' =========
06/09/23 02:21:10 PM root INFO - SUCCESS: Loading traing data 'finaldata.csv'
06/09/23 02:21:10 PM root INFO - SUCCESS: Preparing modeling data (X) and prediction data (y)
06/09/23 02:21:10 PM root INFO - SUCCESS: Training required logistic regression model
06/09/23 02:21:10 PM root INFO - SUCCESS: Exporting trained model 'trainedmodel.pkl' to './model/models' folder
06/09/23 02:21:10 PM root INFO - SUCCESS: ========= End of 'training.py' =========
06/09/23 02:21:10 PM root INFO - SUCCESS: Creating logging file named 'logging.log'
06/09/23 02:21:10 PM root INFO - SUCCESS: Reading configuration file 'config.json' for Data Ingestion step
06/09/23 02:21:10 PM root INFO - SUCCESS: ========= Sarting 'ingestion.py' =========
06/09/23 02:21:10 PM root INFO - SUCCESS: Ingesting file 'dataset4.csv'
06/09/23 02:21:10 PM root INFO - SUCCESS: Ingesting file 'dataset3.csv'
06/09/23 02:21:10 PM root INFO - SUCCESS: Merging data source files ['data/sourcedata/dataset4.csv', 'data/sourcedata/dataset3.csv']
06/09/23 02:21:10 PM root INFO - SUCCESS: Dropping duplicated values from merged dataframe
06/09/23 02:21:10 PM root INFO - SUCCESS: Saving ingested data into 'finaldata.csv'
06/09/23 02:21:10 PM root INFO - SUCCESS: Saving ingested metadata into 'ingestedfiles.txt'
06/09/23 02:21:10 PM root INFO - SUCCESS: Required data has been ingested and merged!
06/09/23 02:21:10 PM root INFO - SUCCESS: ========= End of 'ingestion.py' =========
06/09/23 02:21:11 PM root INFO - SUCCESS: Reading configuration file 'config.json' for Model Training step
06/09/23 02:21:11 PM root INFO - SUCCESS: ========= Sarting 'training.py' =========
06/09/23 02:21:11 PM root INFO - SUCCESS: Loading traing data 'finaldata.csv'
06/09/23 02:21:11 PM root INFO - SUCCESS: Preparing modeling data (X) and prediction data (y)
06/09/23 02:21:11 PM root INFO - SUCCESS: Training required logistic regression model
06/09/23 02:21:11 PM root INFO - SUCCESS: Exporting trained model 'trainedmodel.pkl' to './model/models' folder
06/09/23 02:21:11 PM root INFO - SUCCESS: ========= End of 'training.py' =========
06/09/23 02:21:12 PM root INFO - SUCCESS: Creating logging file named 'logging.log'
06/09/23 02:21:12 PM root INFO - SUCCESS: Reading configuration file 'config.json' for Data Ingestion step
06/09/23 02:21:12 PM root INFO - SUCCESS: ========= Sarting 'ingestion.py' =========
06/09/23 02:21:12 PM root INFO - SUCCESS: Ingesting file 'dataset4.csv'
06/09/23 02:21:12 PM root INFO - SUCCESS: Ingesting file 'dataset3.csv'
06/09/23 02:21:12 PM root INFO - SUCCESS: Merging data source files ['data/sourcedata/dataset4.csv', 'data/sourcedata/dataset3.csv']
06/09/23 02:21:12 PM root INFO - SUCCESS: Dropping duplicated values from merged dataframe
06/09/23 02:21:12 PM root INFO - SUCCESS: Saving ingested data into 'finaldata.csv'
06/09/23 02:21:12 PM root INFO - SUCCESS: Saving ingested metadata into 'ingestedfiles.txt'
06/09/23 02:21:12 PM root INFO - SUCCESS: Required data has been ingested and merged!
06/09/23 02:21:12 PM root INFO - SUCCESS: ========= End of 'ingestion.py' =========
06/09/23 02:21:13 PM root INFO - SUCCESS: Reading configuration file 'config.json' for Model Training step
06/09/23 02:21:13 PM root INFO - SUCCESS: ========= Sarting 'training.py' =========
06/09/23 02:21:13 PM root INFO - SUCCESS: Loading traing data 'finaldata.csv'
06/09/23 02:21:13 PM root INFO - SUCCESS: Preparing modeling data (X) and prediction data (y)
06/09/23 02:21:13 PM root INFO - SUCCESS: Training required logistic regression model
06/09/23 02:21:13 PM root INFO - SUCCESS: Exporting trained model 'trainedmodel.pkl' to './model/models' folder
06/09/23 02:21:13 PM root INFO - SUCCESS: ========= End of 'training.py' =========
06/09/23 02:21:13 PM root INFO - SUCCESS: Creating logging file named 'logging.log'
06/09/23 02:21:13 PM root INFO - SUCCESS: Reading configuration file 'config.json' for Data Ingestion step
06/09/23 02:21:13 PM root INFO - SUCCESS: ========= Sarting 'ingestion.py' =========
06/09/23 02:21:13 PM root INFO - SUCCESS: Ingesting file 'dataset4.csv'
06/09/23 02:21:13 PM root INFO - SUCCESS: Ingesting file 'dataset3.csv'
06/09/23 02:21:13 PM root INFO - SUCCESS: Merging data source files ['data/sourcedata/dataset4.csv', 'data/sourcedata/dataset3.csv']
06/09/23 02:21:13 PM root INFO - SUCCESS: Dropping duplicated values from merged dataframe
06/09/23 02:21:13 PM root INFO - SUCCESS: Saving ingested data into 'finaldata.csv'
06/09/23 02:21:13 PM root INFO - SUCCESS: Saving ingested metadata into 'ingestedfiles.txt'
06/09/23 02:21:13 PM root INFO - SUCCESS: Required data has been ingested and merged!
06/09/23 02:21:13 PM root INFO - SUCCESS: ========= End of 'ingestion.py' =========
06/09/23 02:21:14 PM root INFO - SUCCESS: Reading configuration file 'config.json' for Model Training step
06/09/23 02:21:14 PM root INFO - SUCCESS: ========= Sarting 'training.py' =========
06/09/23 02:21:14 PM root INFO - SUCCESS: Loading traing data 'finaldata.csv'
06/09/23 02:21:14 PM root INFO - SUCCESS: Preparing modeling data (X) and prediction data (y)
06/09/23 02:21:14 PM root INFO - SUCCESS: Training required logistic regression model
06/09/23 02:21:14 PM root INFO - SUCCESS: Exporting trained model 'trainedmodel.pkl' to './model/models' folder
06/09/23 02:21:14 PM root INFO - SUCCESS: ========= End of 'training.py' =========
06/09/23 02:21:15 PM root INFO - SUCCESS: Creating logging file named 'logging.log'
06/09/23 02:21:15 PM root INFO - SUCCESS: Reading configuration file 'config.json' for Data Ingestion step
06/09/23 02:21:15 PM root INFO - SUCCESS: ========= Sarting 'ingestion.py' =========
06/09/23 02:21:15 PM root INFO - SUCCESS: Ingesting file 'dataset4.csv'
06/09/23 02:21:15 PM root INFO - SUCCESS: Ingesting file 'dataset3.csv'
06/09/23 02:21:15 PM root INFO - SUCCESS: Merging data source files ['data/sourcedata/dataset4.csv', 'data/sourcedata/dataset3.csv']
06/09/23 02:21:15 PM root INFO - SUCCESS: Dropping duplicated values from merged dataframe
06/09/23 02:21:15 PM root INFO - SUCCESS: Saving ingested data into 'finaldata.csv'
06/09/23 02:21:15 PM root INFO - SUCCESS: Saving ingested metadata into 'ingestedfiles.txt'
06/09/23 02:21:15 PM root INFO - SUCCESS: Required data has been ingested and merged!
06/09/23 02:21:15 PM root INFO - SUCCESS: ========= End of 'ingestion.py' =========
06/09/23 02:21:16 PM root INFO - SUCCESS: Reading configuration file 'config.json' for Model Training step
06/09/23 02:21:16 PM root INFO - SUCCESS: ========= Sarting 'training.py' =========
06/09/23 02:21:16 PM root INFO - SUCCESS: Loading traing data 'finaldata.csv'
06/09/23 02:21:16 PM root INFO - SUCCESS: Preparing modeling data (X) and prediction data (y)
06/09/23 02:21:16 PM root INFO - SUCCESS: Training required logistic regression model
06/09/23 02:21:16 PM root INFO - SUCCESS: Exporting trained model 'trainedmodel.pkl' to './model/models' folder
06/09/23 02:21:16 PM root INFO - SUCCESS: ========= End of 'training.py' =========
06/09/23 02:21:17 PM root INFO - SUCCESS: Creating logging file named 'logging.log'
06/09/23 02:21:17 PM root INFO - SUCCESS: Reading configuration file 'config.json' for Data Ingestion step
06/09/23 02:21:17 PM root INFO - SUCCESS: ========= Sarting 'ingestion.py' =========
06/09/23 02:21:17 PM root INFO - SUCCESS: Ingesting file 'dataset4.csv'
06/09/23 02:21:17 PM root INFO - SUCCESS: Ingesting file 'dataset3.csv'
06/09/23 02:21:17 PM root INFO - SUCCESS: Merging data source files ['data/sourcedata/dataset4.csv', 'data/sourcedata/dataset3.csv']
06/09/23 02:21:17 PM root INFO - SUCCESS: Dropping duplicated values from merged dataframe
06/09/23 02:21:17 PM root INFO - SUCCESS: Saving ingested data into 'finaldata.csv'
06/09/23 02:21:17 PM root INFO - SUCCESS: Saving ingested metadata into 'ingestedfiles.txt'
06/09/23 02:21:17 PM root INFO - SUCCESS: Required data has been ingested and merged!
06/09/23 02:21:17 PM root INFO - SUCCESS: ========= End of 'ingestion.py' =========
06/09/23 02:21:18 PM root INFO - SUCCESS: Reading configuration file 'config.json' for Model Training step
06/09/23 02:21:18 PM root INFO - SUCCESS: ========= Sarting 'training.py' =========
06/09/23 02:21:18 PM root INFO - SUCCESS: Loading traing data 'finaldata.csv'
06/09/23 02:21:18 PM root INFO - SUCCESS: Preparing modeling data (X) and prediction data (y)
06/09/23 02:21:18 PM root INFO - SUCCESS: Training required logistic regression model
06/09/23 02:21:18 PM root INFO - SUCCESS: Exporting trained model 'trainedmodel.pkl' to './model/models' folder
06/09/23 02:21:18 PM root INFO - SUCCESS: ========= End of 'training.py' =========
06/09/23 02:21:18 PM root INFO - SUCCESS: Creating logging file named 'logging.log'
06/09/23 02:21:18 PM root INFO - SUCCESS: Reading configuration file 'config.json' for Data Ingestion step
06/09/23 02:21:18 PM root INFO - SUCCESS: ========= Sarting 'ingestion.py' =========
06/09/23 02:21:18 PM root INFO - SUCCESS: Ingesting file 'dataset4.csv'
06/09/23 02:21:18 PM root INFO - SUCCESS: Ingesting file 'dataset3.csv'
06/09/23 02:21:18 PM root INFO - SUCCESS: Merging data source files ['data/sourcedata/dataset4.csv', 'data/sourcedata/dataset3.csv']
06/09/23 02:21:18 PM root INFO - SUCCESS: Dropping duplicated values from merged dataframe
06/09/23 02:21:18 PM root INFO - SUCCESS: Saving ingested data into 'finaldata.csv'
06/09/23 02:21:18 PM root INFO - SUCCESS: Saving ingested metadata into 'ingestedfiles.txt'
06/09/23 02:21:18 PM root INFO - SUCCESS: Required data has been ingested and merged!
06/09/23 02:21:18 PM root INFO - SUCCESS: ========= End of 'ingestion.py' =========
06/09/23 02:21:19 PM root INFO - SUCCESS: Reading configuration file 'config.json' for Model Training step
06/09/23 02:21:19 PM root INFO - SUCCESS: ========= Sarting 'training.py' =========
06/09/23 02:21:19 PM root INFO - SUCCESS: Loading traing data 'finaldata.csv'
06/09/23 02:21:19 PM root INFO - SUCCESS: Preparing modeling data (X) and prediction data (y)
06/09/23 02:21:19 PM root INFO - SUCCESS: Training required logistic regression model
06/09/23 02:21:19 PM root INFO - SUCCESS: Exporting trained model 'trainedmodel.pkl' to './model/models' folder
06/09/23 02:21:19 PM root INFO - SUCCESS: ========= End of 'training.py' =========
06/09/23 02:21:19 PM root INFO - SUCCESS: Creating logging file named 'logging.log'
06/09/23 02:21:19 PM root INFO - SUCCESS: Reading configuration file 'config.json' for Data Ingestion step
06/09/23 02:21:19 PM root INFO - SUCCESS: ========= Sarting 'ingestion.py' =========
06/09/23 02:21:19 PM root INFO - SUCCESS: Ingesting file 'dataset4.csv'
06/09/23 02:21:19 PM root INFO - SUCCESS: Ingesting file 'dataset3.csv'
06/09/23 02:21:19 PM root INFO - SUCCESS: Merging data source files ['data/sourcedata/dataset4.csv', 'data/sourcedata/dataset3.csv']
06/09/23 02:21:19 PM root INFO - SUCCESS: Dropping duplicated values from merged dataframe
06/09/23 02:21:19 PM root INFO - SUCCESS: Saving ingested data into 'finaldata.csv'
06/09/23 02:21:19 PM root INFO - SUCCESS: Saving ingested metadata into 'ingestedfiles.txt'
06/09/23 02:21:19 PM root INFO - SUCCESS: Required data has been ingested and merged!
06/09/23 02:21:19 PM root INFO - SUCCESS: ========= End of 'ingestion.py' =========
06/09/23 02:21:21 PM root INFO - SUCCESS: Reading configuration file 'config.json' for Model Training step
06/09/23 02:21:21 PM root INFO - SUCCESS: ========= Sarting 'training.py' =========
06/09/23 02:21:21 PM root INFO - SUCCESS: Loading traing data 'finaldata.csv'
06/09/23 02:21:21 PM root INFO - SUCCESS: Preparing modeling data (X) and prediction data (y)
06/09/23 02:21:21 PM root INFO - SUCCESS: Training required logistic regression model
06/09/23 02:21:21 PM root INFO - SUCCESS: Exporting trained model 'trainedmodel.pkl' to './model/models' folder
06/09/23 02:21:21 PM root INFO - SUCCESS: ========= End of 'training.py' =========
06/09/23 02:21:21 PM root INFO - SUCCESS: Creating logging file named 'logging.log'
06/09/23 02:21:21 PM root INFO - SUCCESS: Reading configuration file 'config.json' for Data Ingestion step
06/09/23 02:21:21 PM root INFO - SUCCESS: ========= Sarting 'ingestion.py' =========
06/09/23 02:21:21 PM root INFO - SUCCESS: Ingesting file 'dataset4.csv'
06/09/23 02:21:21 PM root INFO - SUCCESS: Ingesting file 'dataset3.csv'
06/09/23 02:21:21 PM root INFO - SUCCESS: Merging data source files ['data/sourcedata/dataset4.csv', 'data/sourcedata/dataset3.csv']
06/09/23 02:21:21 PM root INFO - SUCCESS: Dropping duplicated values from merged dataframe
06/09/23 02:21:21 PM root INFO - SUCCESS: Saving ingested data into 'finaldata.csv'
06/09/23 02:21:21 PM root INFO - SUCCESS: Saving ingested metadata into 'ingestedfiles.txt'
06/09/23 02:21:21 PM root INFO - SUCCESS: Required data has been ingested and merged!
06/09/23 02:21:21 PM root INFO - SUCCESS: ========= End of 'ingestion.py' =========
06/09/23 02:21:22 PM root INFO - SUCCESS: Reading configuration file 'config.json' for Model Training step
06/09/23 02:21:22 PM root INFO - SUCCESS: ========= Sarting 'training.py' =========
06/09/23 02:21:22 PM root INFO - SUCCESS: Loading traing data 'finaldata.csv'
06/09/23 02:21:22 PM root INFO - SUCCESS: Preparing modeling data (X) and prediction data (y)
06/09/23 02:21:22 PM root INFO - SUCCESS: Training required logistic regression model
06/09/23 02:21:22 PM root INFO - SUCCESS: Exporting trained model 'trainedmodel.pkl' to './model/models' folder
06/09/23 02:21:22 PM root INFO - SUCCESS: ========= End of 'training.py' =========
06/09/23 02:21:22 PM root INFO - SUCCESS: Creating logging file named 'logging.log'
06/09/23 02:21:22 PM root INFO - SUCCESS: Reading configuration file 'config.json' for Data Ingestion step
06/09/23 02:21:22 PM root INFO - SUCCESS: ========= Sarting 'ingestion.py' =========
06/09/23 02:21:22 PM root INFO - SUCCESS: Ingesting file 'dataset4.csv'
06/09/23 02:21:22 PM root INFO - SUCCESS: Ingesting file 'dataset3.csv'
06/09/23 02:21:22 PM root INFO - SUCCESS: Merging data source files ['data/sourcedata/dataset4.csv', 'data/sourcedata/dataset3.csv']
06/09/23 02:21:22 PM root INFO - SUCCESS: Dropping duplicated values from merged dataframe
06/09/23 02:21:22 PM root INFO - SUCCESS: Saving ingested data into 'finaldata.csv'
06/09/23 02:21:22 PM root INFO - SUCCESS: Saving ingested metadata into 'ingestedfiles.txt'
06/09/23 02:21:22 PM root INFO - SUCCESS: Required data has been ingested and merged!
06/09/23 02:21:22 PM root INFO - SUCCESS: ========= End of 'ingestion.py' =========
06/09/23 02:21:23 PM root INFO - SUCCESS: Reading configuration file 'config.json' for Model Training step
06/09/23 02:21:23 PM root INFO - SUCCESS: ========= Sarting 'training.py' =========
06/09/23 02:21:23 PM root INFO - SUCCESS: Loading traing data 'finaldata.csv'
06/09/23 02:21:23 PM root INFO - SUCCESS: Preparing modeling data (X) and prediction data (y)
06/09/23 02:21:23 PM root INFO - SUCCESS: Training required logistic regression model
06/09/23 02:21:23 PM root INFO - SUCCESS: Exporting trained model 'trainedmodel.pkl' to './model/models' folder
06/09/23 02:21:23 PM root INFO - SUCCESS: ========= End of 'training.py' =========
06/09/23 02:21:24 PM root INFO - SUCCESS: Creating logging file named 'logging.log'
06/09/23 02:21:24 PM root INFO - SUCCESS: Reading configuration file 'config.json' for Data Ingestion step
06/09/23 02:21:24 PM root INFO - SUCCESS: ========= Sarting 'ingestion.py' =========
06/09/23 02:21:24 PM root INFO - SUCCESS: Ingesting file 'dataset4.csv'
06/09/23 02:21:24 PM root INFO - SUCCESS: Ingesting file 'dataset3.csv'
06/09/23 02:21:24 PM root INFO - SUCCESS: Merging data source files ['data/sourcedata/dataset4.csv', 'data/sourcedata/dataset3.csv']
06/09/23 02:21:24 PM root INFO - SUCCESS: Dropping duplicated values from merged dataframe
06/09/23 02:21:24 PM root INFO - SUCCESS: Saving ingested data into 'finaldata.csv'
06/09/23 02:21:24 PM root INFO - SUCCESS: Saving ingested metadata into 'ingestedfiles.txt'
06/09/23 02:21:24 PM root INFO - SUCCESS: Required data has been ingested and merged!
06/09/23 02:21:24 PM root INFO - SUCCESS: ========= End of 'ingestion.py' =========
06/09/23 02:21:25 PM root INFO - SUCCESS: Reading configuration file 'config.json' for Model Training step
06/09/23 02:21:25 PM root INFO - SUCCESS: ========= Sarting 'training.py' =========
06/09/23 02:21:25 PM root INFO - SUCCESS: Loading traing data 'finaldata.csv'
06/09/23 02:21:25 PM root INFO - SUCCESS: Preparing modeling data (X) and prediction data (y)
06/09/23 02:21:25 PM root INFO - SUCCESS: Training required logistic regression model
06/09/23 02:21:25 PM root INFO - SUCCESS: Exporting trained model 'trainedmodel.pkl' to './model/models' folder
06/09/23 02:21:25 PM root INFO - SUCCESS: ========= End of 'training.py' =========
06/09/23 02:21:25 PM root INFO - SUCCESS: Creating logging file named 'logging.log'
06/09/23 02:21:25 PM root INFO - SUCCESS: Reading configuration file 'config.json' for Data Ingestion step
06/09/23 02:21:25 PM root INFO - SUCCESS: ========= Sarting 'ingestion.py' =========
06/09/23 02:21:25 PM root INFO - SUCCESS: Ingesting file 'dataset4.csv'
06/09/23 02:21:25 PM root INFO - SUCCESS: Ingesting file 'dataset3.csv'
06/09/23 02:21:25 PM root INFO - SUCCESS: Merging data source files ['data/sourcedata/dataset4.csv', 'data/sourcedata/dataset3.csv']
06/09/23 02:21:25 PM root INFO - SUCCESS: Dropping duplicated values from merged dataframe
06/09/23 02:21:25 PM root INFO - SUCCESS: Saving ingested data into 'finaldata.csv'
06/09/23 02:21:25 PM root INFO - SUCCESS: Saving ingested metadata into 'ingestedfiles.txt'
06/09/23 02:21:25 PM root INFO - SUCCESS: Required data has been ingested and merged!
06/09/23 02:21:25 PM root INFO - SUCCESS: ========= End of 'ingestion.py' =========
06/09/23 02:21:26 PM root INFO - SUCCESS: Reading configuration file 'config.json' for Model Training step
06/09/23 02:21:26 PM root INFO - SUCCESS: ========= Sarting 'training.py' =========
06/09/23 02:21:26 PM root INFO - SUCCESS: Loading traing data 'finaldata.csv'
06/09/23 02:21:26 PM root INFO - SUCCESS: Preparing modeling data (X) and prediction data (y)
06/09/23 02:21:26 PM root INFO - SUCCESS: Training required logistic regression model
06/09/23 02:21:26 PM root INFO - SUCCESS: Exporting trained model 'trainedmodel.pkl' to './model/models' folder
06/09/23 02:21:26 PM root INFO - SUCCESS: ========= End of 'training.py' =========
06/09/23 02:21:27 PM root INFO - SUCCESS: Creating logging file named 'logging.log'
06/09/23 02:21:27 PM root INFO - SUCCESS: Reading configuration file 'config.json' for Data Ingestion step
06/09/23 02:21:27 PM root INFO - SUCCESS: ========= Sarting 'ingestion.py' =========
06/09/23 02:21:27 PM root INFO - SUCCESS: Ingesting file 'dataset4.csv'
06/09/23 02:21:27 PM root INFO - SUCCESS: Ingesting file 'dataset3.csv'
06/09/23 02:21:27 PM root INFO - SUCCESS: Merging data source files ['data/sourcedata/dataset4.csv', 'data/sourcedata/dataset3.csv']
06/09/23 02:21:27 PM root INFO - SUCCESS: Dropping duplicated values from merged dataframe
06/09/23 02:21:27 PM root INFO - SUCCESS: Saving ingested data into 'finaldata.csv'
06/09/23 02:21:27 PM root INFO - SUCCESS: Saving ingested metadata into 'ingestedfiles.txt'
06/09/23 02:21:27 PM root INFO - SUCCESS: Required data has been ingested and merged!
06/09/23 02:21:27 PM root INFO - SUCCESS: ========= End of 'ingestion.py' =========
06/09/23 02:21:28 PM root INFO - SUCCESS: Reading configuration file 'config.json' for Model Training step
06/09/23 02:21:28 PM root INFO - SUCCESS: ========= Sarting 'training.py' =========
06/09/23 02:21:28 PM root INFO - SUCCESS: Loading traing data 'finaldata.csv'
06/09/23 02:21:28 PM root INFO - SUCCESS: Preparing modeling data (X) and prediction data (y)
06/09/23 02:21:28 PM root INFO - SUCCESS: Training required logistic regression model
06/09/23 02:21:28 PM root INFO - SUCCESS: Exporting trained model 'trainedmodel.pkl' to './model/models' folder
06/09/23 02:21:28 PM root INFO - SUCCESS: ========= End of 'training.py' =========
06/09/23 02:21:28 PM root INFO - SUCCESS: Creating logging file named 'logging.log'
06/09/23 02:21:28 PM root INFO - SUCCESS: Reading configuration file 'config.json' for Data Ingestion step
06/09/23 02:21:28 PM root INFO - SUCCESS: ========= Sarting 'ingestion.py' =========
06/09/23 02:21:28 PM root INFO - SUCCESS: Ingesting file 'dataset4.csv'
06/09/23 02:21:28 PM root INFO - SUCCESS: Ingesting file 'dataset3.csv'
06/09/23 02:21:28 PM root INFO - SUCCESS: Merging data source files ['data/sourcedata/dataset4.csv', 'data/sourcedata/dataset3.csv']
06/09/23 02:21:28 PM root INFO - SUCCESS: Dropping duplicated values from merged dataframe
06/09/23 02:21:28 PM root INFO - SUCCESS: Saving ingested data into 'finaldata.csv'
06/09/23 02:21:28 PM root INFO - SUCCESS: Saving ingested metadata into 'ingestedfiles.txt'
06/09/23 02:21:28 PM root INFO - SUCCESS: Required data has been ingested and merged!
06/09/23 02:21:28 PM root INFO - SUCCESS: ========= End of 'ingestion.py' =========
06/09/23 02:21:29 PM root INFO - SUCCESS: Reading configuration file 'config.json' for Model Training step
06/09/23 02:21:29 PM root INFO - SUCCESS: ========= Sarting 'training.py' =========
06/09/23 02:21:29 PM root INFO - SUCCESS: Loading traing data 'finaldata.csv'
06/09/23 02:21:29 PM root INFO - SUCCESS: Preparing modeling data (X) and prediction data (y)
06/09/23 02:21:29 PM root INFO - SUCCESS: Training required logistic regression model
06/09/23 02:21:29 PM root INFO - SUCCESS: Exporting trained model 'trainedmodel.pkl' to './model/models' folder
06/09/23 02:21:29 PM root INFO - SUCCESS: ========= End of 'training.py' =========
06/09/23 02:21:30 PM root INFO - SUCCESS: Creating logging file named 'logging.log'
06/09/23 02:21:30 PM root INFO - SUCCESS: Reading configuration file 'config.json' for Data Ingestion step
06/09/23 02:21:30 PM root INFO - SUCCESS: ========= Sarting 'ingestion.py' =========
06/09/23 02:21:30 PM root INFO - SUCCESS: Ingesting file 'dataset4.csv'
06/09/23 02:21:30 PM root INFO - SUCCESS: Ingesting file 'dataset3.csv'
06/09/23 02:21:30 PM root INFO - SUCCESS: Merging data source files ['data/sourcedata/dataset4.csv', 'data/sourcedata/dataset3.csv']
06/09/23 02:21:30 PM root INFO - SUCCESS: Dropping duplicated values from merged dataframe
06/09/23 02:21:30 PM root INFO - SUCCESS: Saving ingested data into 'finaldata.csv'
06/09/23 02:21:30 PM root INFO - SUCCESS: Saving ingested metadata into 'ingestedfiles.txt'
06/09/23 02:21:30 PM root INFO - SUCCESS: Required data has been ingested and merged!
06/09/23 02:21:30 PM root INFO - SUCCESS: ========= End of 'ingestion.py' =========
06/09/23 02:21:31 PM root INFO - SUCCESS: Reading configuration file 'config.json' for Model Training step
06/09/23 02:21:31 PM root INFO - SUCCESS: ========= Sarting 'training.py' =========
06/09/23 02:21:31 PM root INFO - SUCCESS: Loading traing data 'finaldata.csv'
06/09/23 02:21:31 PM root INFO - SUCCESS: Preparing modeling data (X) and prediction data (y)
06/09/23 02:21:31 PM root INFO - SUCCESS: Training required logistic regression model
06/09/23 02:21:31 PM root INFO - SUCCESS: Exporting trained model 'trainedmodel.pkl' to './model/models' folder
06/09/23 02:21:31 PM root INFO - SUCCESS: ========= End of 'training.py' =========
06/09/23 02:21:31 PM root INFO - SUCCESS: Creating logging file named 'logging.log'
06/09/23 02:21:31 PM root INFO - SUCCESS: Reading configuration file 'config.json' for Data Ingestion step
06/09/23 02:21:31 PM root INFO - SUCCESS: ========= Sarting 'ingestion.py' =========
06/09/23 02:21:31 PM root INFO - SUCCESS: Ingesting file 'dataset4.csv'
06/09/23 02:21:31 PM root INFO - SUCCESS: Ingesting file 'dataset3.csv'
06/09/23 02:21:31 PM root INFO - SUCCESS: Merging data source files ['data/sourcedata/dataset4.csv', 'data/sourcedata/dataset3.csv']
06/09/23 02:21:31 PM root INFO - SUCCESS: Dropping duplicated values from merged dataframe
06/09/23 02:21:31 PM root INFO - SUCCESS: Saving ingested data into 'finaldata.csv'
06/09/23 02:21:31 PM root INFO - SUCCESS: Saving ingested metadata into 'ingestedfiles.txt'
06/09/23 02:21:31 PM root INFO - SUCCESS: Required data has been ingested and merged!
06/09/23 02:21:31 PM root INFO - SUCCESS: ========= End of 'ingestion.py' =========
06/09/23 02:21:32 PM root INFO - SUCCESS: Reading configuration file 'config.json' for Model Training step
06/09/23 02:21:32 PM root INFO - SUCCESS: ========= Sarting 'training.py' =========
06/09/23 02:21:32 PM root INFO - SUCCESS: Loading traing data 'finaldata.csv'
06/09/23 02:21:32 PM root INFO - SUCCESS: Preparing modeling data (X) and prediction data (y)
06/09/23 02:21:32 PM root INFO - SUCCESS: Training required logistic regression model
06/09/23 02:21:32 PM root INFO - SUCCESS: Exporting trained model 'trainedmodel.pkl' to './model/models' folder
06/09/23 02:21:32 PM root INFO - SUCCESS: ========= End of 'training.py' =========
06/09/23 02:21:33 PM root INFO - SUCCESS: Creating logging file named 'logging.log'
06/09/23 02:21:33 PM root INFO - SUCCESS: Reading configuration file 'config.json' for Data Ingestion step
06/09/23 02:21:33 PM root INFO - SUCCESS: ========= Sarting 'ingestion.py' =========
06/09/23 02:21:33 PM root INFO - SUCCESS: Ingesting file 'dataset4.csv'
06/09/23 02:21:33 PM root INFO - SUCCESS: Ingesting file 'dataset3.csv'
06/09/23 02:21:33 PM root INFO - SUCCESS: Merging data source files ['data/sourcedata/dataset4.csv', 'data/sourcedata/dataset3.csv']
06/09/23 02:21:33 PM root INFO - SUCCESS: Dropping duplicated values from merged dataframe
06/09/23 02:21:33 PM root INFO - SUCCESS: Saving ingested data into 'finaldata.csv'
06/09/23 02:21:33 PM root INFO - SUCCESS: Saving ingested metadata into 'ingestedfiles.txt'
06/09/23 02:21:33 PM root INFO - SUCCESS: Required data has been ingested and merged!
06/09/23 02:21:33 PM root INFO - SUCCESS: ========= End of 'ingestion.py' =========
06/09/23 02:21:34 PM root INFO - SUCCESS: Reading configuration file 'config.json' for Model Training step
06/09/23 02:21:34 PM root INFO - SUCCESS: ========= Sarting 'training.py' =========
06/09/23 02:21:34 PM root INFO - SUCCESS: Loading traing data 'finaldata.csv'
06/09/23 02:21:34 PM root INFO - SUCCESS: Preparing modeling data (X) and prediction data (y)
06/09/23 02:21:34 PM root INFO - SUCCESS: Training required logistic regression model
06/09/23 02:21:34 PM root INFO - SUCCESS: Exporting trained model 'trainedmodel.pkl' to './model/models' folder
06/09/23 02:21:34 PM root INFO - SUCCESS: ========= End of 'training.py' =========
06/09/23 02:21:34 PM root INFO - SUCCESS: Creating logging file named 'logging.log'
06/09/23 02:21:34 PM root INFO - SUCCESS: Reading configuration file 'config.json' for Data Ingestion step
06/09/23 02:21:34 PM root INFO - SUCCESS: ========= Sarting 'ingestion.py' =========
06/09/23 02:21:34 PM root INFO - SUCCESS: Ingesting file 'dataset4.csv'
06/09/23 02:21:34 PM root INFO - SUCCESS: Ingesting file 'dataset3.csv'
06/09/23 02:21:34 PM root INFO - SUCCESS: Merging data source files ['data/sourcedata/dataset4.csv', 'data/sourcedata/dataset3.csv']
06/09/23 02:21:34 PM root INFO - SUCCESS: Dropping duplicated values from merged dataframe
06/09/23 02:21:34 PM root INFO - SUCCESS: Saving ingested data into 'finaldata.csv'
06/09/23 02:21:34 PM root INFO - SUCCESS: Saving ingested metadata into 'ingestedfiles.txt'
06/09/23 02:21:34 PM root INFO - SUCCESS: Required data has been ingested and merged!
06/09/23 02:21:34 PM root INFO - SUCCESS: ========= End of 'ingestion.py' =========
06/09/23 02:21:35 PM root INFO - SUCCESS: Reading configuration file 'config.json' for Model Training step
06/09/23 02:21:35 PM root INFO - SUCCESS: ========= Sarting 'training.py' =========
06/09/23 02:21:35 PM root INFO - SUCCESS: Loading traing data 'finaldata.csv'
06/09/23 02:21:35 PM root INFO - SUCCESS: Preparing modeling data (X) and prediction data (y)
06/09/23 02:21:35 PM root INFO - SUCCESS: Training required logistic regression model
06/09/23 02:21:35 PM root INFO - SUCCESS: Exporting trained model 'trainedmodel.pkl' to './model/models' folder
06/09/23 02:21:35 PM root INFO - SUCCESS: ========= End of 'training.py' =========
06/09/23 02:21:36 PM root INFO - SUCCESS: Creating logging file named 'logging.log'
06/09/23 02:21:36 PM root INFO - SUCCESS: Reading configuration file 'config.json' for Data Ingestion step
06/09/23 02:21:36 PM root INFO - SUCCESS: ========= Sarting 'ingestion.py' =========
06/09/23 02:21:36 PM root INFO - SUCCESS: Ingesting file 'dataset4.csv'
06/09/23 02:21:36 PM root INFO - SUCCESS: Ingesting file 'dataset3.csv'
06/09/23 02:21:36 PM root INFO - SUCCESS: Merging data source files ['data/sourcedata/dataset4.csv', 'data/sourcedata/dataset3.csv']
06/09/23 02:21:36 PM root INFO - SUCCESS: Dropping duplicated values from merged dataframe
06/09/23 02:21:36 PM root INFO - SUCCESS: Saving ingested data into 'finaldata.csv'
06/09/23 02:21:36 PM root INFO - SUCCESS: Saving ingested metadata into 'ingestedfiles.txt'
06/09/23 02:21:36 PM root INFO - SUCCESS: Required data has been ingested and merged!
06/09/23 02:21:36 PM root INFO - SUCCESS: ========= End of 'ingestion.py' =========
06/09/23 02:21:37 PM root INFO - SUCCESS: Reading configuration file 'config.json' for Model Training step
06/09/23 02:21:37 PM root INFO - SUCCESS: ========= Sarting 'training.py' =========
06/09/23 02:21:37 PM root INFO - SUCCESS: Loading traing data 'finaldata.csv'
06/09/23 02:21:37 PM root INFO - SUCCESS: Preparing modeling data (X) and prediction data (y)
06/09/23 02:21:37 PM root INFO - SUCCESS: Training required logistic regression model
06/09/23 02:21:37 PM root INFO - SUCCESS: Exporting trained model 'trainedmodel.pkl' to './model/models' folder
06/09/23 02:21:37 PM root INFO - SUCCESS: ========= End of 'training.py' =========
06/09/23 02:21:37 PM root INFO - SUCCESS: Creating logging file named 'logging.log'
06/09/23 02:21:37 PM root INFO - SUCCESS: Reading configuration file 'config.json' for Data Ingestion step
06/09/23 02:21:37 PM root INFO - SUCCESS: ========= Sarting 'ingestion.py' =========
06/09/23 02:21:37 PM root INFO - SUCCESS: Ingesting file 'dataset4.csv'
06/09/23 02:21:37 PM root INFO - SUCCESS: Ingesting file 'dataset3.csv'
06/09/23 02:21:37 PM root INFO - SUCCESS: Merging data source files ['data/sourcedata/dataset4.csv', 'data/sourcedata/dataset3.csv']
06/09/23 02:21:37 PM root INFO - SUCCESS: Dropping duplicated values from merged dataframe
06/09/23 02:21:37 PM root INFO - SUCCESS: Saving ingested data into 'finaldata.csv'
06/09/23 02:21:37 PM root INFO - SUCCESS: Saving ingested metadata into 'ingestedfiles.txt'
06/09/23 02:21:37 PM root INFO - SUCCESS: Required data has been ingested and merged!
06/09/23 02:21:37 PM root INFO - SUCCESS: ========= End of 'ingestion.py' =========
06/09/23 02:21:38 PM root INFO - SUCCESS: Reading configuration file 'config.json' for Model Training step
06/09/23 02:21:38 PM root INFO - SUCCESS: ========= Sarting 'training.py' =========
06/09/23 02:21:38 PM root INFO - SUCCESS: Loading traing data 'finaldata.csv'
06/09/23 02:21:38 PM root INFO - SUCCESS: Preparing modeling data (X) and prediction data (y)
06/09/23 02:21:38 PM root INFO - SUCCESS: Training required logistic regression model
06/09/23 02:21:38 PM root INFO - SUCCESS: Exporting trained model 'trainedmodel.pkl' to './model/models' folder
06/09/23 02:21:38 PM root INFO - SUCCESS: ========= End of 'training.py' =========
06/09/23 02:21:38 PM root INFO - SUCCESS: Calculating training and ingestion timings
06/09/23 02:22:40 PM root INFO - SUCCESS: Calculating outdated dependencies
06/09/23 02:22:40 PM root INFO - SUCCESS: ========= End of 'diagnostics.py' =========
06/09/23 02:23:27 PM root INFO - SUCCESS: Reading configuration file 'config.json' for Model and Data Diagnostics step
06/09/23 02:23:27 PM root INFO - SUCCESS: Reading configuration file 'config.json' for Reporting step
06/09/23 02:23:27 PM root INFO - SUCCESS: ========= Sarting 'reporting.py' =========
06/09/23 02:23:27 PM root INFO - SUCCESS: Loading required test data 'trainedmodel.pkl' from [production_deployment]
06/09/23 02:23:27 PM root INFO - SUCCESS: Predicting provided data
06/09/23 02:23:27 PM root INFO - SUCCESS: Predicting provided data using [diagnostics.py > model_predictions()] 
06/09/23 02:23:28 PM root INFO - SUCCESS: Generating and saving confusion matrix 
06/09/23 02:23:28 PM root INFO - SUCCESS: ========= End of 'reporting.py' =========
06/09/23 02:23:37 PM root INFO - SUCCESS: Reading configuration file 'config.json' for Model Scoring step
06/09/23 02:23:37 PM root INFO - SUCCESS: ========= Sarting 'scoring.py' =========
06/09/23 02:23:37 PM root INFO - SUCCESS: Loading required test data 'testdata.csv'
06/09/23 02:23:37 PM root INFO - SUCCESS: Loading required test data 'trainedmodel.pkl' from './model/models'
06/09/23 02:23:37 PM root INFO - SUCCESS: Preparing testing data (X) and prediction data (y)
06/09/23 02:23:37 PM root INFO - SUCCESS: Predicting testing data
06/09/23 02:23:37 PM root INFO - SUCCESS: Calculating F1 score
06/09/23 02:23:37 PM root INFO - SUCCESS: Saving F1 scores to 'latestscore.txt' file
06/09/23 02:23:37 PM root INFO - SUCCESS: ========= End of 'scoring.py' =========
06/09/23 02:23:38 PM root INFO - SUCCESS: Creating logging file named 'logging.log'
06/09/23 02:23:38 PM root INFO - SUCCESS: Reading configuration file 'config.json' for Data Ingestion step
06/09/23 02:23:38 PM root INFO - SUCCESS: ========= Sarting 'ingestion.py' =========
06/09/23 02:23:38 PM root INFO - SUCCESS: Ingesting file 'dataset4.csv'
06/09/23 02:23:38 PM root INFO - SUCCESS: Ingesting file 'dataset3.csv'
06/09/23 02:23:38 PM root INFO - SUCCESS: Merging data source files ['data/sourcedata/dataset4.csv', 'data/sourcedata/dataset3.csv']
06/09/23 02:23:38 PM root INFO - SUCCESS: Dropping duplicated values from merged dataframe
06/09/23 02:23:38 PM root INFO - SUCCESS: Saving ingested data into 'finaldata.csv'
06/09/23 02:23:38 PM root INFO - SUCCESS: Saving ingested metadata into 'ingestedfiles.txt'
06/09/23 02:23:38 PM root INFO - SUCCESS: Required data has been ingested and merged!
06/09/23 02:23:38 PM root INFO - SUCCESS: ========= End of 'ingestion.py' =========
06/09/23 02:23:39 PM root INFO - SUCCESS: Reading configuration file 'config.json' for Model Training step
06/09/23 02:23:39 PM root INFO - SUCCESS: ========= Sarting 'training.py' =========
06/09/23 02:23:39 PM root INFO - SUCCESS: Loading traing data 'finaldata.csv'
06/09/23 02:23:39 PM root INFO - SUCCESS: Preparing modeling data (X) and prediction data (y)
06/09/23 02:23:39 PM root INFO - SUCCESS: Training required logistic regression model
06/09/23 02:23:39 PM root INFO - SUCCESS: Exporting trained model 'trainedmodel.pkl' to './model/models' folder
06/09/23 02:23:39 PM root INFO - SUCCESS: ========= End of 'training.py' =========
06/09/23 02:23:39 PM root INFO - SUCCESS: Creating logging file named 'logging.log'
06/09/23 02:23:39 PM root INFO - SUCCESS: Reading configuration file 'config.json' for Data Ingestion step
06/09/23 02:23:39 PM root INFO - SUCCESS: ========= Sarting 'ingestion.py' =========
06/09/23 02:23:39 PM root INFO - SUCCESS: Ingesting file 'dataset4.csv'
06/09/23 02:23:39 PM root INFO - SUCCESS: Ingesting file 'dataset3.csv'
06/09/23 02:23:39 PM root INFO - SUCCESS: Merging data source files ['data/sourcedata/dataset4.csv', 'data/sourcedata/dataset3.csv']
06/09/23 02:23:39 PM root INFO - SUCCESS: Dropping duplicated values from merged dataframe
06/09/23 02:23:39 PM root INFO - SUCCESS: Saving ingested data into 'finaldata.csv'
06/09/23 02:23:39 PM root INFO - SUCCESS: Saving ingested metadata into 'ingestedfiles.txt'
06/09/23 02:23:39 PM root INFO - SUCCESS: Required data has been ingested and merged!
06/09/23 02:23:39 PM root INFO - SUCCESS: ========= End of 'ingestion.py' =========
06/09/23 02:23:40 PM root INFO - SUCCESS: Reading configuration file 'config.json' for Model Training step
06/09/23 02:23:40 PM root INFO - SUCCESS: ========= Sarting 'training.py' =========
06/09/23 02:23:40 PM root INFO - SUCCESS: Loading traing data 'finaldata.csv'
06/09/23 02:23:40 PM root INFO - SUCCESS: Preparing modeling data (X) and prediction data (y)
06/09/23 02:23:40 PM root INFO - SUCCESS: Training required logistic regression model
06/09/23 02:23:40 PM root INFO - SUCCESS: Exporting trained model 'trainedmodel.pkl' to './model/models' folder
06/09/23 02:23:40 PM root INFO - SUCCESS: ========= End of 'training.py' =========
06/09/23 02:23:41 PM root INFO - SUCCESS: Creating logging file named 'logging.log'
06/09/23 02:23:41 PM root INFO - SUCCESS: Reading configuration file 'config.json' for Data Ingestion step
06/09/23 02:23:41 PM root INFO - SUCCESS: ========= Sarting 'ingestion.py' =========
06/09/23 02:23:41 PM root INFO - SUCCESS: Ingesting file 'dataset4.csv'
06/09/23 02:23:41 PM root INFO - SUCCESS: Ingesting file 'dataset3.csv'
06/09/23 02:23:41 PM root INFO - SUCCESS: Merging data source files ['data/sourcedata/dataset4.csv', 'data/sourcedata/dataset3.csv']
06/09/23 02:23:41 PM root INFO - SUCCESS: Dropping duplicated values from merged dataframe
06/09/23 02:23:41 PM root INFO - SUCCESS: Saving ingested data into 'finaldata.csv'
06/09/23 02:23:41 PM root INFO - SUCCESS: Saving ingested metadata into 'ingestedfiles.txt'
06/09/23 02:23:41 PM root INFO - SUCCESS: Required data has been ingested and merged!
06/09/23 02:23:41 PM root INFO - SUCCESS: ========= End of 'ingestion.py' =========
06/09/23 02:23:42 PM root INFO - SUCCESS: Reading configuration file 'config.json' for Model Training step
06/09/23 02:23:42 PM root INFO - SUCCESS: ========= Sarting 'training.py' =========
06/09/23 02:23:42 PM root INFO - SUCCESS: Loading traing data 'finaldata.csv'
06/09/23 02:23:42 PM root INFO - SUCCESS: Preparing modeling data (X) and prediction data (y)
06/09/23 02:23:42 PM root INFO - SUCCESS: Training required logistic regression model
06/09/23 02:23:42 PM root INFO - SUCCESS: Exporting trained model 'trainedmodel.pkl' to './model/models' folder
06/09/23 02:23:42 PM root INFO - SUCCESS: ========= End of 'training.py' =========
06/09/23 02:23:42 PM root INFO - SUCCESS: Creating logging file named 'logging.log'
06/09/23 02:23:42 PM root INFO - SUCCESS: Reading configuration file 'config.json' for Data Ingestion step
06/09/23 02:23:42 PM root INFO - SUCCESS: ========= Sarting 'ingestion.py' =========
06/09/23 02:23:42 PM root INFO - SUCCESS: Ingesting file 'dataset4.csv'
06/09/23 02:23:42 PM root INFO - SUCCESS: Ingesting file 'dataset3.csv'
06/09/23 02:23:42 PM root INFO - SUCCESS: Merging data source files ['data/sourcedata/dataset4.csv', 'data/sourcedata/dataset3.csv']
06/09/23 02:23:42 PM root INFO - SUCCESS: Dropping duplicated values from merged dataframe
06/09/23 02:23:42 PM root INFO - SUCCESS: Saving ingested data into 'finaldata.csv'
06/09/23 02:23:42 PM root INFO - SUCCESS: Saving ingested metadata into 'ingestedfiles.txt'
06/09/23 02:23:42 PM root INFO - SUCCESS: Required data has been ingested and merged!
06/09/23 02:23:42 PM root INFO - SUCCESS: ========= End of 'ingestion.py' =========
06/09/23 02:23:43 PM root INFO - SUCCESS: Reading configuration file 'config.json' for Model Training step
06/09/23 02:23:43 PM root INFO - SUCCESS: ========= Sarting 'training.py' =========
06/09/23 02:23:43 PM root INFO - SUCCESS: Loading traing data 'finaldata.csv'
06/09/23 02:23:43 PM root INFO - SUCCESS: Preparing modeling data (X) and prediction data (y)
06/09/23 02:23:43 PM root INFO - SUCCESS: Training required logistic regression model
06/09/23 02:23:43 PM root INFO - SUCCESS: Exporting trained model 'trainedmodel.pkl' to './model/models' folder
06/09/23 02:23:43 PM root INFO - SUCCESS: ========= End of 'training.py' =========
06/09/23 02:23:44 PM root INFO - SUCCESS: Creating logging file named 'logging.log'
06/09/23 02:23:44 PM root INFO - SUCCESS: Reading configuration file 'config.json' for Data Ingestion step
06/09/23 02:23:44 PM root INFO - SUCCESS: ========= Sarting 'ingestion.py' =========
06/09/23 02:23:44 PM root INFO - SUCCESS: Ingesting file 'dataset4.csv'
06/09/23 02:23:44 PM root INFO - SUCCESS: Ingesting file 'dataset3.csv'
06/09/23 02:23:44 PM root INFO - SUCCESS: Merging data source files ['data/sourcedata/dataset4.csv', 'data/sourcedata/dataset3.csv']
06/09/23 02:23:44 PM root INFO - SUCCESS: Dropping duplicated values from merged dataframe
06/09/23 02:23:44 PM root INFO - SUCCESS: Saving ingested data into 'finaldata.csv'
06/09/23 02:23:44 PM root INFO - SUCCESS: Saving ingested metadata into 'ingestedfiles.txt'
06/09/23 02:23:44 PM root INFO - SUCCESS: Required data has been ingested and merged!
06/09/23 02:23:44 PM root INFO - SUCCESS: ========= End of 'ingestion.py' =========
06/09/23 02:23:45 PM root INFO - SUCCESS: Reading configuration file 'config.json' for Model Training step
06/09/23 02:23:45 PM root INFO - SUCCESS: ========= Sarting 'training.py' =========
06/09/23 02:23:45 PM root INFO - SUCCESS: Loading traing data 'finaldata.csv'
06/09/23 02:23:45 PM root INFO - SUCCESS: Preparing modeling data (X) and prediction data (y)
06/09/23 02:23:45 PM root INFO - SUCCESS: Training required logistic regression model
06/09/23 02:23:45 PM root INFO - SUCCESS: Exporting trained model 'trainedmodel.pkl' to './model/models' folder
06/09/23 02:23:45 PM root INFO - SUCCESS: ========= End of 'training.py' =========
06/09/23 02:23:45 PM root INFO - SUCCESS: Creating logging file named 'logging.log'
06/09/23 02:23:45 PM root INFO - SUCCESS: Reading configuration file 'config.json' for Data Ingestion step
06/09/23 02:23:45 PM root INFO - SUCCESS: ========= Sarting 'ingestion.py' =========
06/09/23 02:23:45 PM root INFO - SUCCESS: Ingesting file 'dataset4.csv'
06/09/23 02:23:45 PM root INFO - SUCCESS: Ingesting file 'dataset3.csv'
06/09/23 02:23:45 PM root INFO - SUCCESS: Merging data source files ['data/sourcedata/dataset4.csv', 'data/sourcedata/dataset3.csv']
06/09/23 02:23:45 PM root INFO - SUCCESS: Dropping duplicated values from merged dataframe
06/09/23 02:23:45 PM root INFO - SUCCESS: Saving ingested data into 'finaldata.csv'
06/09/23 02:23:45 PM root INFO - SUCCESS: Saving ingested metadata into 'ingestedfiles.txt'
06/09/23 02:23:45 PM root INFO - SUCCESS: Required data has been ingested and merged!
06/09/23 02:23:45 PM root INFO - SUCCESS: ========= End of 'ingestion.py' =========
06/09/23 02:23:46 PM root INFO - SUCCESS: Reading configuration file 'config.json' for Model Training step
06/09/23 02:23:46 PM root INFO - SUCCESS: ========= Sarting 'training.py' =========
06/09/23 02:23:46 PM root INFO - SUCCESS: Loading traing data 'finaldata.csv'
06/09/23 02:23:46 PM root INFO - SUCCESS: Preparing modeling data (X) and prediction data (y)
06/09/23 02:23:46 PM root INFO - SUCCESS: Training required logistic regression model
06/09/23 02:23:46 PM root INFO - SUCCESS: Exporting trained model 'trainedmodel.pkl' to './model/models' folder
06/09/23 02:23:46 PM root INFO - SUCCESS: ========= End of 'training.py' =========
06/09/23 02:23:47 PM root INFO - SUCCESS: Creating logging file named 'logging.log'
06/09/23 02:23:47 PM root INFO - SUCCESS: Reading configuration file 'config.json' for Data Ingestion step
06/09/23 02:23:47 PM root INFO - SUCCESS: ========= Sarting 'ingestion.py' =========
06/09/23 02:23:47 PM root INFO - SUCCESS: Ingesting file 'dataset4.csv'
06/09/23 02:23:47 PM root INFO - SUCCESS: Ingesting file 'dataset3.csv'
06/09/23 02:23:47 PM root INFO - SUCCESS: Merging data source files ['data/sourcedata/dataset4.csv', 'data/sourcedata/dataset3.csv']
06/09/23 02:23:47 PM root INFO - SUCCESS: Dropping duplicated values from merged dataframe
06/09/23 02:23:47 PM root INFO - SUCCESS: Saving ingested data into 'finaldata.csv'
06/09/23 02:23:47 PM root INFO - SUCCESS: Saving ingested metadata into 'ingestedfiles.txt'
06/09/23 02:23:47 PM root INFO - SUCCESS: Required data has been ingested and merged!
06/09/23 02:23:47 PM root INFO - SUCCESS: ========= End of 'ingestion.py' =========
06/09/23 02:23:48 PM root INFO - SUCCESS: Reading configuration file 'config.json' for Model Training step
06/09/23 02:23:48 PM root INFO - SUCCESS: ========= Sarting 'training.py' =========
06/09/23 02:23:48 PM root INFO - SUCCESS: Loading traing data 'finaldata.csv'
06/09/23 02:23:48 PM root INFO - SUCCESS: Preparing modeling data (X) and prediction data (y)
06/09/23 02:23:48 PM root INFO - SUCCESS: Training required logistic regression model
06/09/23 02:23:48 PM root INFO - SUCCESS: Exporting trained model 'trainedmodel.pkl' to './model/models' folder
06/09/23 02:23:48 PM root INFO - SUCCESS: ========= End of 'training.py' =========
06/09/23 02:23:48 PM root INFO - SUCCESS: Creating logging file named 'logging.log'
06/09/23 02:23:48 PM root INFO - SUCCESS: Reading configuration file 'config.json' for Data Ingestion step
06/09/23 02:23:48 PM root INFO - SUCCESS: ========= Sarting 'ingestion.py' =========
06/09/23 02:23:48 PM root INFO - SUCCESS: Ingesting file 'dataset4.csv'
06/09/23 02:23:48 PM root INFO - SUCCESS: Ingesting file 'dataset3.csv'
06/09/23 02:23:48 PM root INFO - SUCCESS: Merging data source files ['data/sourcedata/dataset4.csv', 'data/sourcedata/dataset3.csv']
06/09/23 02:23:48 PM root INFO - SUCCESS: Dropping duplicated values from merged dataframe
06/09/23 02:23:48 PM root INFO - SUCCESS: Saving ingested data into 'finaldata.csv'
06/09/23 02:23:48 PM root INFO - SUCCESS: Saving ingested metadata into 'ingestedfiles.txt'
06/09/23 02:23:48 PM root INFO - SUCCESS: Required data has been ingested and merged!
06/09/23 02:23:48 PM root INFO - SUCCESS: ========= End of 'ingestion.py' =========
06/09/23 02:23:49 PM root INFO - SUCCESS: Reading configuration file 'config.json' for Model Training step
06/09/23 02:23:49 PM root INFO - SUCCESS: ========= Sarting 'training.py' =========
06/09/23 02:23:49 PM root INFO - SUCCESS: Loading traing data 'finaldata.csv'
06/09/23 02:23:49 PM root INFO - SUCCESS: Preparing modeling data (X) and prediction data (y)
06/09/23 02:23:49 PM root INFO - SUCCESS: Training required logistic regression model
06/09/23 02:23:49 PM root INFO - SUCCESS: Exporting trained model 'trainedmodel.pkl' to './model/models' folder
06/09/23 02:23:49 PM root INFO - SUCCESS: ========= End of 'training.py' =========
06/09/23 02:23:49 PM root INFO - SUCCESS: Creating logging file named 'logging.log'
06/09/23 02:23:49 PM root INFO - SUCCESS: Reading configuration file 'config.json' for Data Ingestion step
06/09/23 02:23:49 PM root INFO - SUCCESS: ========= Sarting 'ingestion.py' =========
06/09/23 02:23:49 PM root INFO - SUCCESS: Ingesting file 'dataset4.csv'
06/09/23 02:23:49 PM root INFO - SUCCESS: Ingesting file 'dataset3.csv'
06/09/23 02:23:49 PM root INFO - SUCCESS: Merging data source files ['data/sourcedata/dataset4.csv', 'data/sourcedata/dataset3.csv']
06/09/23 02:23:49 PM root INFO - SUCCESS: Dropping duplicated values from merged dataframe
06/09/23 02:23:49 PM root INFO - SUCCESS: Saving ingested data into 'finaldata.csv'
06/09/23 02:23:49 PM root INFO - SUCCESS: Saving ingested metadata into 'ingestedfiles.txt'
06/09/23 02:23:49 PM root INFO - SUCCESS: Required data has been ingested and merged!
06/09/23 02:23:49 PM root INFO - SUCCESS: ========= End of 'ingestion.py' =========
06/09/23 02:23:50 PM root INFO - SUCCESS: Reading configuration file 'config.json' for Model Training step
06/09/23 02:23:50 PM root INFO - SUCCESS: ========= Sarting 'training.py' =========
06/09/23 02:23:50 PM root INFO - SUCCESS: Loading traing data 'finaldata.csv'
06/09/23 02:23:50 PM root INFO - SUCCESS: Preparing modeling data (X) and prediction data (y)
06/09/23 02:23:50 PM root INFO - SUCCESS: Training required logistic regression model
06/09/23 02:23:50 PM root INFO - SUCCESS: Exporting trained model 'trainedmodel.pkl' to './model/models' folder
06/09/23 02:23:50 PM root INFO - SUCCESS: ========= End of 'training.py' =========
06/09/23 02:23:51 PM root INFO - SUCCESS: Creating logging file named 'logging.log'
06/09/23 02:23:51 PM root INFO - SUCCESS: Reading configuration file 'config.json' for Data Ingestion step
06/09/23 02:23:51 PM root INFO - SUCCESS: ========= Sarting 'ingestion.py' =========
06/09/23 02:23:51 PM root INFO - SUCCESS: Ingesting file 'dataset4.csv'
06/09/23 02:23:51 PM root INFO - SUCCESS: Ingesting file 'dataset3.csv'
06/09/23 02:23:51 PM root INFO - SUCCESS: Merging data source files ['data/sourcedata/dataset4.csv', 'data/sourcedata/dataset3.csv']
06/09/23 02:23:51 PM root INFO - SUCCESS: Dropping duplicated values from merged dataframe
06/09/23 02:23:51 PM root INFO - SUCCESS: Saving ingested data into 'finaldata.csv'
06/09/23 02:23:51 PM root INFO - SUCCESS: Saving ingested metadata into 'ingestedfiles.txt'
06/09/23 02:23:51 PM root INFO - SUCCESS: Required data has been ingested and merged!
06/09/23 02:23:51 PM root INFO - SUCCESS: ========= End of 'ingestion.py' =========
06/09/23 02:23:52 PM root INFO - SUCCESS: Reading configuration file 'config.json' for Model Training step
06/09/23 02:23:52 PM root INFO - SUCCESS: ========= Sarting 'training.py' =========
06/09/23 02:23:52 PM root INFO - SUCCESS: Loading traing data 'finaldata.csv'
06/09/23 02:23:52 PM root INFO - SUCCESS: Preparing modeling data (X) and prediction data (y)
06/09/23 02:23:52 PM root INFO - SUCCESS: Training required logistic regression model
06/09/23 02:23:52 PM root INFO - SUCCESS: Exporting trained model 'trainedmodel.pkl' to './model/models' folder
06/09/23 02:23:52 PM root INFO - SUCCESS: ========= End of 'training.py' =========
06/09/23 02:23:52 PM root INFO - SUCCESS: Creating logging file named 'logging.log'
06/09/23 02:23:52 PM root INFO - SUCCESS: Reading configuration file 'config.json' for Data Ingestion step
06/09/23 02:23:52 PM root INFO - SUCCESS: ========= Sarting 'ingestion.py' =========
06/09/23 02:23:52 PM root INFO - SUCCESS: Ingesting file 'dataset4.csv'
06/09/23 02:23:52 PM root INFO - SUCCESS: Ingesting file 'dataset3.csv'
06/09/23 02:23:52 PM root INFO - SUCCESS: Merging data source files ['data/sourcedata/dataset4.csv', 'data/sourcedata/dataset3.csv']
06/09/23 02:23:52 PM root INFO - SUCCESS: Dropping duplicated values from merged dataframe
06/09/23 02:23:52 PM root INFO - SUCCESS: Saving ingested data into 'finaldata.csv'
06/09/23 02:23:52 PM root INFO - SUCCESS: Saving ingested metadata into 'ingestedfiles.txt'
06/09/23 02:23:52 PM root INFO - SUCCESS: Required data has been ingested and merged!
06/09/23 02:23:52 PM root INFO - SUCCESS: ========= End of 'ingestion.py' =========
06/09/23 02:23:53 PM root INFO - SUCCESS: Reading configuration file 'config.json' for Model Training step
06/09/23 02:23:53 PM root INFO - SUCCESS: ========= Sarting 'training.py' =========
06/09/23 02:23:53 PM root INFO - SUCCESS: Loading traing data 'finaldata.csv'
06/09/23 02:23:53 PM root INFO - SUCCESS: Preparing modeling data (X) and prediction data (y)
06/09/23 02:23:53 PM root INFO - SUCCESS: Training required logistic regression model
06/09/23 02:23:53 PM root INFO - SUCCESS: Exporting trained model 'trainedmodel.pkl' to './model/models' folder
06/09/23 02:23:53 PM root INFO - SUCCESS: ========= End of 'training.py' =========
06/09/23 02:23:54 PM root INFO - SUCCESS: Creating logging file named 'logging.log'
06/09/23 02:23:54 PM root INFO - SUCCESS: Reading configuration file 'config.json' for Data Ingestion step
06/09/23 02:23:54 PM root INFO - SUCCESS: ========= Sarting 'ingestion.py' =========
06/09/23 02:23:54 PM root INFO - SUCCESS: Ingesting file 'dataset4.csv'
06/09/23 02:23:54 PM root INFO - SUCCESS: Ingesting file 'dataset3.csv'
06/09/23 02:23:54 PM root INFO - SUCCESS: Merging data source files ['data/sourcedata/dataset4.csv', 'data/sourcedata/dataset3.csv']
06/09/23 02:23:54 PM root INFO - SUCCESS: Dropping duplicated values from merged dataframe
06/09/23 02:23:54 PM root INFO - SUCCESS: Saving ingested data into 'finaldata.csv'
06/09/23 02:23:54 PM root INFO - SUCCESS: Saving ingested metadata into 'ingestedfiles.txt'
06/09/23 02:23:54 PM root INFO - SUCCESS: Required data has been ingested and merged!
06/09/23 02:23:54 PM root INFO - SUCCESS: ========= End of 'ingestion.py' =========
06/09/23 02:23:55 PM root INFO - SUCCESS: Reading configuration file 'config.json' for Model Training step
06/09/23 02:23:55 PM root INFO - SUCCESS: ========= Sarting 'training.py' =========
06/09/23 02:23:55 PM root INFO - SUCCESS: Loading traing data 'finaldata.csv'
06/09/23 02:23:55 PM root INFO - SUCCESS: Preparing modeling data (X) and prediction data (y)
06/09/23 02:23:55 PM root INFO - SUCCESS: Training required logistic regression model
06/09/23 02:23:55 PM root INFO - SUCCESS: Exporting trained model 'trainedmodel.pkl' to './model/models' folder
06/09/23 02:23:55 PM root INFO - SUCCESS: ========= End of 'training.py' =========
06/09/23 02:23:55 PM root INFO - SUCCESS: Creating logging file named 'logging.log'
06/09/23 02:23:55 PM root INFO - SUCCESS: Reading configuration file 'config.json' for Data Ingestion step
06/09/23 02:23:55 PM root INFO - SUCCESS: ========= Sarting 'ingestion.py' =========
06/09/23 02:23:55 PM root INFO - SUCCESS: Ingesting file 'dataset4.csv'
06/09/23 02:23:55 PM root INFO - SUCCESS: Ingesting file 'dataset3.csv'
06/09/23 02:23:55 PM root INFO - SUCCESS: Merging data source files ['data/sourcedata/dataset4.csv', 'data/sourcedata/dataset3.csv']
06/09/23 02:23:55 PM root INFO - SUCCESS: Dropping duplicated values from merged dataframe
06/09/23 02:23:55 PM root INFO - SUCCESS: Saving ingested data into 'finaldata.csv'
06/09/23 02:23:55 PM root INFO - SUCCESS: Saving ingested metadata into 'ingestedfiles.txt'
06/09/23 02:23:55 PM root INFO - SUCCESS: Required data has been ingested and merged!
06/09/23 02:23:55 PM root INFO - SUCCESS: ========= End of 'ingestion.py' =========
06/09/23 02:23:57 PM root INFO - SUCCESS: Reading configuration file 'config.json' for Model Training step
06/09/23 02:23:57 PM root INFO - SUCCESS: ========= Sarting 'training.py' =========
06/09/23 02:23:57 PM root INFO - SUCCESS: Loading traing data 'finaldata.csv'
06/09/23 02:23:57 PM root INFO - SUCCESS: Preparing modeling data (X) and prediction data (y)
06/09/23 02:23:57 PM root INFO - SUCCESS: Training required logistic regression model
06/09/23 02:23:57 PM root INFO - SUCCESS: Exporting trained model 'trainedmodel.pkl' to './model/models' folder
06/09/23 02:23:57 PM root INFO - SUCCESS: ========= End of 'training.py' =========
06/09/23 02:23:57 PM root INFO - SUCCESS: Creating logging file named 'logging.log'
06/09/23 02:23:57 PM root INFO - SUCCESS: Reading configuration file 'config.json' for Data Ingestion step
06/09/23 02:23:57 PM root INFO - SUCCESS: ========= Sarting 'ingestion.py' =========
06/09/23 02:23:57 PM root INFO - SUCCESS: Ingesting file 'dataset4.csv'
06/09/23 02:23:57 PM root INFO - SUCCESS: Ingesting file 'dataset3.csv'
06/09/23 02:23:57 PM root INFO - SUCCESS: Merging data source files ['data/sourcedata/dataset4.csv', 'data/sourcedata/dataset3.csv']
06/09/23 02:23:57 PM root INFO - SUCCESS: Dropping duplicated values from merged dataframe
06/09/23 02:23:57 PM root INFO - SUCCESS: Saving ingested data into 'finaldata.csv'
06/09/23 02:23:57 PM root INFO - SUCCESS: Saving ingested metadata into 'ingestedfiles.txt'
06/09/23 02:23:57 PM root INFO - SUCCESS: Required data has been ingested and merged!
06/09/23 02:23:57 PM root INFO - SUCCESS: ========= End of 'ingestion.py' =========
06/09/23 02:23:58 PM root INFO - SUCCESS: Reading configuration file 'config.json' for Model Training step
06/09/23 02:23:58 PM root INFO - SUCCESS: ========= Sarting 'training.py' =========
06/09/23 02:23:58 PM root INFO - SUCCESS: Loading traing data 'finaldata.csv'
06/09/23 02:23:58 PM root INFO - SUCCESS: Preparing modeling data (X) and prediction data (y)
06/09/23 02:23:58 PM root INFO - SUCCESS: Training required logistic regression model
06/09/23 02:23:58 PM root INFO - SUCCESS: Exporting trained model 'trainedmodel.pkl' to './model/models' folder
06/09/23 02:23:58 PM root INFO - SUCCESS: ========= End of 'training.py' =========
06/09/23 02:23:59 PM root INFO - SUCCESS: Creating logging file named 'logging.log'
06/09/23 02:23:59 PM root INFO - SUCCESS: Reading configuration file 'config.json' for Data Ingestion step
06/09/23 02:23:59 PM root INFO - SUCCESS: ========= Sarting 'ingestion.py' =========
06/09/23 02:23:59 PM root INFO - SUCCESS: Ingesting file 'dataset4.csv'
06/09/23 02:23:59 PM root INFO - SUCCESS: Ingesting file 'dataset3.csv'
06/09/23 02:23:59 PM root INFO - SUCCESS: Merging data source files ['data/sourcedata/dataset4.csv', 'data/sourcedata/dataset3.csv']
06/09/23 02:23:59 PM root INFO - SUCCESS: Dropping duplicated values from merged dataframe
06/09/23 02:23:59 PM root INFO - SUCCESS: Saving ingested data into 'finaldata.csv'
06/09/23 02:23:59 PM root INFO - SUCCESS: Saving ingested metadata into 'ingestedfiles.txt'
06/09/23 02:23:59 PM root INFO - SUCCESS: Required data has been ingested and merged!
06/09/23 02:23:59 PM root INFO - SUCCESS: ========= End of 'ingestion.py' =========
06/09/23 02:24:00 PM root INFO - SUCCESS: Reading configuration file 'config.json' for Model Training step
06/09/23 02:24:00 PM root INFO - SUCCESS: ========= Sarting 'training.py' =========
06/09/23 02:24:00 PM root INFO - SUCCESS: Loading traing data 'finaldata.csv'
06/09/23 02:24:00 PM root INFO - SUCCESS: Preparing modeling data (X) and prediction data (y)
06/09/23 02:24:00 PM root INFO - SUCCESS: Training required logistic regression model
06/09/23 02:24:00 PM root INFO - SUCCESS: Exporting trained model 'trainedmodel.pkl' to './model/models' folder
06/09/23 02:24:00 PM root INFO - SUCCESS: ========= End of 'training.py' =========
06/09/23 02:24:00 PM root INFO - SUCCESS: Creating logging file named 'logging.log'
06/09/23 02:24:00 PM root INFO - SUCCESS: Reading configuration file 'config.json' for Data Ingestion step
06/09/23 02:24:00 PM root INFO - SUCCESS: ========= Sarting 'ingestion.py' =========
06/09/23 02:24:00 PM root INFO - SUCCESS: Ingesting file 'dataset4.csv'
06/09/23 02:24:00 PM root INFO - SUCCESS: Ingesting file 'dataset3.csv'
06/09/23 02:24:00 PM root INFO - SUCCESS: Merging data source files ['data/sourcedata/dataset4.csv', 'data/sourcedata/dataset3.csv']
06/09/23 02:24:00 PM root INFO - SUCCESS: Dropping duplicated values from merged dataframe
06/09/23 02:24:00 PM root INFO - SUCCESS: Saving ingested data into 'finaldata.csv'
06/09/23 02:24:00 PM root INFO - SUCCESS: Saving ingested metadata into 'ingestedfiles.txt'
06/09/23 02:24:00 PM root INFO - SUCCESS: Required data has been ingested and merged!
06/09/23 02:24:00 PM root INFO - SUCCESS: ========= End of 'ingestion.py' =========
06/09/23 02:24:01 PM root INFO - SUCCESS: Reading configuration file 'config.json' for Model Training step
06/09/23 02:24:01 PM root INFO - SUCCESS: ========= Sarting 'training.py' =========
06/09/23 02:24:01 PM root INFO - SUCCESS: Loading traing data 'finaldata.csv'
06/09/23 02:24:01 PM root INFO - SUCCESS: Preparing modeling data (X) and prediction data (y)
06/09/23 02:24:01 PM root INFO - SUCCESS: Training required logistic regression model
06/09/23 02:24:01 PM root INFO - SUCCESS: Exporting trained model 'trainedmodel.pkl' to './model/models' folder
06/09/23 02:24:01 PM root INFO - SUCCESS: ========= End of 'training.py' =========
06/09/23 02:24:02 PM root INFO - SUCCESS: Creating logging file named 'logging.log'
06/09/23 02:24:02 PM root INFO - SUCCESS: Reading configuration file 'config.json' for Data Ingestion step
06/09/23 02:24:02 PM root INFO - SUCCESS: ========= Sarting 'ingestion.py' =========
06/09/23 02:24:02 PM root INFO - SUCCESS: Ingesting file 'dataset4.csv'
06/09/23 02:24:02 PM root INFO - SUCCESS: Ingesting file 'dataset3.csv'
06/09/23 02:24:02 PM root INFO - SUCCESS: Merging data source files ['data/sourcedata/dataset4.csv', 'data/sourcedata/dataset3.csv']
06/09/23 02:24:02 PM root INFO - SUCCESS: Dropping duplicated values from merged dataframe
06/09/23 02:24:02 PM root INFO - SUCCESS: Saving ingested data into 'finaldata.csv'
06/09/23 02:24:02 PM root INFO - SUCCESS: Saving ingested metadata into 'ingestedfiles.txt'
06/09/23 02:24:02 PM root INFO - SUCCESS: Required data has been ingested and merged!
06/09/23 02:24:02 PM root INFO - SUCCESS: ========= End of 'ingestion.py' =========
06/09/23 02:24:03 PM root INFO - SUCCESS: Reading configuration file 'config.json' for Model Training step
06/09/23 02:24:03 PM root INFO - SUCCESS: ========= Sarting 'training.py' =========
06/09/23 02:24:03 PM root INFO - SUCCESS: Loading traing data 'finaldata.csv'
06/09/23 02:24:03 PM root INFO - SUCCESS: Preparing modeling data (X) and prediction data (y)
06/09/23 02:24:03 PM root INFO - SUCCESS: Training required logistic regression model
06/09/23 02:24:03 PM root INFO - SUCCESS: Exporting trained model 'trainedmodel.pkl' to './model/models' folder
06/09/23 02:24:03 PM root INFO - SUCCESS: ========= End of 'training.py' =========
06/09/23 02:24:03 PM root INFO - SUCCESS: Creating logging file named 'logging.log'
06/09/23 02:24:03 PM root INFO - SUCCESS: Reading configuration file 'config.json' for Data Ingestion step
06/09/23 02:24:03 PM root INFO - SUCCESS: ========= Sarting 'ingestion.py' =========
06/09/23 02:24:03 PM root INFO - SUCCESS: Ingesting file 'dataset4.csv'
06/09/23 02:24:03 PM root INFO - SUCCESS: Ingesting file 'dataset3.csv'
06/09/23 02:24:03 PM root INFO - SUCCESS: Merging data source files ['data/sourcedata/dataset4.csv', 'data/sourcedata/dataset3.csv']
06/09/23 02:24:03 PM root INFO - SUCCESS: Dropping duplicated values from merged dataframe
06/09/23 02:24:03 PM root INFO - SUCCESS: Saving ingested data into 'finaldata.csv'
06/09/23 02:24:03 PM root INFO - SUCCESS: Saving ingested metadata into 'ingestedfiles.txt'
06/09/23 02:24:03 PM root INFO - SUCCESS: Required data has been ingested and merged!
06/09/23 02:24:03 PM root INFO - SUCCESS: ========= End of 'ingestion.py' =========
06/09/23 02:24:05 PM root INFO - SUCCESS: Reading configuration file 'config.json' for Model Training step
06/09/23 02:24:05 PM root INFO - SUCCESS: ========= Sarting 'training.py' =========
06/09/23 02:24:05 PM root INFO - SUCCESS: Loading traing data 'finaldata.csv'
06/09/23 02:24:05 PM root INFO - SUCCESS: Preparing modeling data (X) and prediction data (y)
06/09/23 02:24:05 PM root INFO - SUCCESS: Training required logistic regression model
06/09/23 02:24:05 PM root INFO - SUCCESS: Exporting trained model 'trainedmodel.pkl' to './model/models' folder
06/09/23 02:24:05 PM root INFO - SUCCESS: ========= End of 'training.py' =========
06/09/23 02:24:05 PM root INFO - SUCCESS: Creating logging file named 'logging.log'
06/09/23 02:24:05 PM root INFO - SUCCESS: Reading configuration file 'config.json' for Data Ingestion step
06/09/23 02:24:05 PM root INFO - SUCCESS: ========= Sarting 'ingestion.py' =========
06/09/23 02:24:05 PM root INFO - SUCCESS: Ingesting file 'dataset4.csv'
06/09/23 02:24:05 PM root INFO - SUCCESS: Ingesting file 'dataset3.csv'
06/09/23 02:24:05 PM root INFO - SUCCESS: Merging data source files ['data/sourcedata/dataset4.csv', 'data/sourcedata/dataset3.csv']
06/09/23 02:24:05 PM root INFO - SUCCESS: Dropping duplicated values from merged dataframe
06/09/23 02:24:05 PM root INFO - SUCCESS: Saving ingested data into 'finaldata.csv'
06/09/23 02:24:05 PM root INFO - SUCCESS: Saving ingested metadata into 'ingestedfiles.txt'
06/09/23 02:24:05 PM root INFO - SUCCESS: Required data has been ingested and merged!
06/09/23 02:24:05 PM root INFO - SUCCESS: ========= End of 'ingestion.py' =========
06/09/23 02:24:06 PM root INFO - SUCCESS: Reading configuration file 'config.json' for Model Training step
06/09/23 02:24:06 PM root INFO - SUCCESS: ========= Sarting 'training.py' =========
06/09/23 02:24:06 PM root INFO - SUCCESS: Loading traing data 'finaldata.csv'
06/09/23 02:24:06 PM root INFO - SUCCESS: Preparing modeling data (X) and prediction data (y)
06/09/23 02:24:06 PM root INFO - SUCCESS: Training required logistic regression model
06/09/23 02:24:06 PM root INFO - SUCCESS: Exporting trained model 'trainedmodel.pkl' to './model/models' folder
06/09/23 02:24:06 PM root INFO - SUCCESS: ========= End of 'training.py' =========
06/09/23 02:24:07 PM root INFO - SUCCESS: Creating logging file named 'logging.log'
06/09/23 02:24:07 PM root INFO - SUCCESS: Reading configuration file 'config.json' for Data Ingestion step
06/09/23 02:24:07 PM root INFO - SUCCESS: ========= Sarting 'ingestion.py' =========
06/09/23 02:24:07 PM root INFO - SUCCESS: Ingesting file 'dataset4.csv'
06/09/23 02:24:07 PM root INFO - SUCCESS: Ingesting file 'dataset3.csv'
06/09/23 02:24:07 PM root INFO - SUCCESS: Merging data source files ['data/sourcedata/dataset4.csv', 'data/sourcedata/dataset3.csv']
06/09/23 02:24:07 PM root INFO - SUCCESS: Dropping duplicated values from merged dataframe
06/09/23 02:24:07 PM root INFO - SUCCESS: Saving ingested data into 'finaldata.csv'
06/09/23 02:24:07 PM root INFO - SUCCESS: Saving ingested metadata into 'ingestedfiles.txt'
06/09/23 02:24:07 PM root INFO - SUCCESS: Required data has been ingested and merged!
06/09/23 02:24:07 PM root INFO - SUCCESS: ========= End of 'ingestion.py' =========
06/09/23 02:24:08 PM root INFO - SUCCESS: Reading configuration file 'config.json' for Model Training step
06/09/23 02:24:08 PM root INFO - SUCCESS: ========= Sarting 'training.py' =========
06/09/23 02:24:08 PM root INFO - SUCCESS: Loading traing data 'finaldata.csv'
06/09/23 02:24:08 PM root INFO - SUCCESS: Preparing modeling data (X) and prediction data (y)
06/09/23 02:24:08 PM root INFO - SUCCESS: Training required logistic regression model
06/09/23 02:24:08 PM root INFO - SUCCESS: Exporting trained model 'trainedmodel.pkl' to './model/models' folder
06/09/23 02:24:08 PM root INFO - SUCCESS: ========= End of 'training.py' =========
06/09/23 02:24:08 PM root INFO - SUCCESS: Creating logging file named 'logging.log'
06/09/23 02:24:08 PM root INFO - SUCCESS: Reading configuration file 'config.json' for Data Ingestion step
06/09/23 02:24:08 PM root INFO - SUCCESS: ========= Sarting 'ingestion.py' =========
06/09/23 02:24:08 PM root INFO - SUCCESS: Ingesting file 'dataset4.csv'
06/09/23 02:24:08 PM root INFO - SUCCESS: Ingesting file 'dataset3.csv'
06/09/23 02:24:08 PM root INFO - SUCCESS: Merging data source files ['data/sourcedata/dataset4.csv', 'data/sourcedata/dataset3.csv']
06/09/23 02:24:08 PM root INFO - SUCCESS: Dropping duplicated values from merged dataframe
06/09/23 02:24:08 PM root INFO - SUCCESS: Saving ingested data into 'finaldata.csv'
06/09/23 02:24:08 PM root INFO - SUCCESS: Saving ingested metadata into 'ingestedfiles.txt'
06/09/23 02:24:08 PM root INFO - SUCCESS: Required data has been ingested and merged!
06/09/23 02:24:08 PM root INFO - SUCCESS: ========= End of 'ingestion.py' =========
06/09/23 02:24:09 PM root INFO - SUCCESS: Reading configuration file 'config.json' for Model Training step
06/09/23 02:24:09 PM root INFO - SUCCESS: ========= Sarting 'training.py' =========
06/09/23 02:24:09 PM root INFO - SUCCESS: Loading traing data 'finaldata.csv'
06/09/23 02:24:09 PM root INFO - SUCCESS: Preparing modeling data (X) and prediction data (y)
06/09/23 02:24:09 PM root INFO - SUCCESS: Training required logistic regression model
06/09/23 02:24:09 PM root INFO - SUCCESS: Exporting trained model 'trainedmodel.pkl' to './model/models' folder
06/09/23 02:24:09 PM root INFO - SUCCESS: ========= End of 'training.py' =========
06/09/23 02:24:10 PM root INFO - SUCCESS: Creating logging file named 'logging.log'
06/09/23 02:24:10 PM root INFO - SUCCESS: Reading configuration file 'config.json' for Data Ingestion step
06/09/23 02:24:10 PM root INFO - SUCCESS: ========= Sarting 'ingestion.py' =========
06/09/23 02:24:10 PM root INFO - SUCCESS: Ingesting file 'dataset4.csv'
06/09/23 02:24:10 PM root INFO - SUCCESS: Ingesting file 'dataset3.csv'
06/09/23 02:24:10 PM root INFO - SUCCESS: Merging data source files ['data/sourcedata/dataset4.csv', 'data/sourcedata/dataset3.csv']
06/09/23 02:24:10 PM root INFO - SUCCESS: Dropping duplicated values from merged dataframe
06/09/23 02:24:10 PM root INFO - SUCCESS: Saving ingested data into 'finaldata.csv'
06/09/23 02:24:10 PM root INFO - SUCCESS: Saving ingested metadata into 'ingestedfiles.txt'
06/09/23 02:24:10 PM root INFO - SUCCESS: Required data has been ingested and merged!
06/09/23 02:24:10 PM root INFO - SUCCESS: ========= End of 'ingestion.py' =========
06/09/23 02:24:11 PM root INFO - SUCCESS: Reading configuration file 'config.json' for Model Training step
06/09/23 02:24:11 PM root INFO - SUCCESS: ========= Sarting 'training.py' =========
06/09/23 02:24:11 PM root INFO - SUCCESS: Loading traing data 'finaldata.csv'
06/09/23 02:24:11 PM root INFO - SUCCESS: Preparing modeling data (X) and prediction data (y)
06/09/23 02:24:11 PM root INFO - SUCCESS: Training required logistic regression model
06/09/23 02:24:11 PM root INFO - SUCCESS: Exporting trained model 'trainedmodel.pkl' to './model/models' folder
06/09/23 02:24:11 PM root INFO - SUCCESS: ========= End of 'training.py' =========
06/09/23 02:24:12 PM root INFO - SUCCESS: Creating logging file named 'logging.log'
06/09/23 02:24:12 PM root INFO - SUCCESS: Reading configuration file 'config.json' for Data Ingestion step
06/09/23 02:24:12 PM root INFO - SUCCESS: ========= Sarting 'ingestion.py' =========
06/09/23 02:24:12 PM root INFO - SUCCESS: Ingesting file 'dataset4.csv'
06/09/23 02:24:12 PM root INFO - SUCCESS: Ingesting file 'dataset3.csv'
06/09/23 02:24:12 PM root INFO - SUCCESS: Merging data source files ['data/sourcedata/dataset4.csv', 'data/sourcedata/dataset3.csv']
06/09/23 02:24:12 PM root INFO - SUCCESS: Dropping duplicated values from merged dataframe
06/09/23 02:24:12 PM root INFO - SUCCESS: Saving ingested data into 'finaldata.csv'
06/09/23 02:24:12 PM root INFO - SUCCESS: Saving ingested metadata into 'ingestedfiles.txt'
06/09/23 02:24:12 PM root INFO - SUCCESS: Required data has been ingested and merged!
06/09/23 02:24:12 PM root INFO - SUCCESS: ========= End of 'ingestion.py' =========
06/09/23 02:24:13 PM root INFO - SUCCESS: Reading configuration file 'config.json' for Model Training step
06/09/23 02:24:13 PM root INFO - SUCCESS: ========= Sarting 'training.py' =========
06/09/23 02:24:13 PM root INFO - SUCCESS: Loading traing data 'finaldata.csv'
06/09/23 02:24:13 PM root INFO - SUCCESS: Preparing modeling data (X) and prediction data (y)
06/09/23 02:24:13 PM root INFO - SUCCESS: Training required logistic regression model
06/09/23 02:24:13 PM root INFO - SUCCESS: Exporting trained model 'trainedmodel.pkl' to './model/models' folder
06/09/23 02:24:13 PM root INFO - SUCCESS: ========= End of 'training.py' =========
06/09/23 02:24:13 PM root INFO - SUCCESS: Creating logging file named 'logging.log'
06/09/23 02:24:13 PM root INFO - SUCCESS: Reading configuration file 'config.json' for Data Ingestion step
06/09/23 02:24:13 PM root INFO - SUCCESS: ========= Sarting 'ingestion.py' =========
06/09/23 02:24:13 PM root INFO - SUCCESS: Ingesting file 'dataset4.csv'
06/09/23 02:24:13 PM root INFO - SUCCESS: Ingesting file 'dataset3.csv'
06/09/23 02:24:13 PM root INFO - SUCCESS: Merging data source files ['data/sourcedata/dataset4.csv', 'data/sourcedata/dataset3.csv']
06/09/23 02:24:13 PM root INFO - SUCCESS: Dropping duplicated values from merged dataframe
06/09/23 02:24:13 PM root INFO - SUCCESS: Saving ingested data into 'finaldata.csv'
06/09/23 02:24:13 PM root INFO - SUCCESS: Saving ingested metadata into 'ingestedfiles.txt'
06/09/23 02:24:13 PM root INFO - SUCCESS: Required data has been ingested and merged!
06/09/23 02:24:13 PM root INFO - SUCCESS: ========= End of 'ingestion.py' =========
06/09/23 02:24:14 PM root INFO - SUCCESS: Reading configuration file 'config.json' for Model Training step
06/09/23 02:24:14 PM root INFO - SUCCESS: ========= Sarting 'training.py' =========
06/09/23 02:24:14 PM root INFO - SUCCESS: Loading traing data 'finaldata.csv'
06/09/23 02:24:14 PM root INFO - SUCCESS: Preparing modeling data (X) and prediction data (y)
06/09/23 02:24:14 PM root INFO - SUCCESS: Training required logistic regression model
06/09/23 02:24:14 PM root INFO - SUCCESS: Exporting trained model 'trainedmodel.pkl' to './model/models' folder
06/09/23 02:24:14 PM root INFO - SUCCESS: ========= End of 'training.py' =========
06/09/23 02:24:15 PM root INFO - SUCCESS: Creating logging file named 'logging.log'
06/09/23 02:24:15 PM root INFO - SUCCESS: Reading configuration file 'config.json' for Data Ingestion step
06/09/23 02:24:15 PM root INFO - SUCCESS: ========= Sarting 'ingestion.py' =========
06/09/23 02:24:15 PM root INFO - SUCCESS: Ingesting file 'dataset4.csv'
06/09/23 02:24:15 PM root INFO - SUCCESS: Ingesting file 'dataset3.csv'
06/09/23 02:24:15 PM root INFO - SUCCESS: Merging data source files ['data/sourcedata/dataset4.csv', 'data/sourcedata/dataset3.csv']
06/09/23 02:24:15 PM root INFO - SUCCESS: Dropping duplicated values from merged dataframe
06/09/23 02:24:15 PM root INFO - SUCCESS: Saving ingested data into 'finaldata.csv'
06/09/23 02:24:15 PM root INFO - SUCCESS: Saving ingested metadata into 'ingestedfiles.txt'
06/09/23 02:24:15 PM root INFO - SUCCESS: Required data has been ingested and merged!
06/09/23 02:24:15 PM root INFO - SUCCESS: ========= End of 'ingestion.py' =========
06/09/23 02:24:16 PM root INFO - SUCCESS: Reading configuration file 'config.json' for Model Training step
06/09/23 02:24:16 PM root INFO - SUCCESS: ========= Sarting 'training.py' =========
06/09/23 02:24:16 PM root INFO - SUCCESS: Loading traing data 'finaldata.csv'
06/09/23 02:24:16 PM root INFO - SUCCESS: Preparing modeling data (X) and prediction data (y)
06/09/23 02:24:16 PM root INFO - SUCCESS: Training required logistic regression model
06/09/23 02:24:16 PM root INFO - SUCCESS: Exporting trained model 'trainedmodel.pkl' to './model/models' folder
06/09/23 02:24:16 PM root INFO - SUCCESS: ========= End of 'training.py' =========
06/09/23 02:26:05 PM root INFO - SUCCESS: Creating logging file named 'logging.log'
06/09/23 02:26:05 PM root INFO - SUCCESS: Reading configuration file 'config.json' for Data Ingestion step
06/09/23 02:26:05 PM root INFO - SUCCESS: Reading configuration file 'config.json' for Model Training step
06/09/23 02:26:05 PM root INFO - SUCCESS: Reading configuration file 'config.json' for Model Scoring step
06/09/23 02:26:05 PM root INFO - SUCCESS: Reading configuration file 'config.json' for Model Deployment step
06/09/23 02:26:05 PM root INFO - SUCCESS: Reading configuration file 'config.json' for Model and Data Diagnostics step
06/09/23 02:26:06 PM root INFO - SUCCESS: Reading configuration file 'config.json' for Reporting step
06/09/23 02:26:06 PM root INFO - SUCCESS: Reading configuration file 'config.json' for Process Automation step
06/09/23 02:26:06 PM root INFO - SUCCESS: ========= Sarting 'fullprocess.py' =========
06/09/23 02:26:06 PM root INFO - SUCCESS: Validating input data. No new data was found
06/09/23 02:26:06 PM root INFO - SUCCESS: ========= End of 'fullprocess.py' =========
